<?xml version="1.0" encoding="UTF-8"?>
<testsuite xmlns:xsi="http://www.w3.org/2001/XMLSchema-instance" xsi:noNamespaceSchemaLocation="https://maven.apache.org/surefire/maven-surefire-plugin/xsd/surefire-test-report-3.0.xsd" version="3.0" name="com.example.admin_backend.AdminBackendApplicationTests" time="3.055" tests="1" errors="0" skipped="0" failures="0">
  <properties>
[...]
</properties>
  <testcase name="contextLoads" classname="com.example.admin_backend.AdminBackendApplicationTests" time="0.331">
    <system-out><![CDATA[19:36:29.145 [main] INFO org.springframework.test.context.support.AnnotationConfigContextLoaderUtils -- Could not detect default configuration classes for test class [com.example.admin_backend.AdminBackendApplicationTests]: AdminBackendApplicationTests does not declare any static, non-private, non-final, nested classes annotated with @Configuration.
19:36:29.200 [main] INFO org.springframework.boot.test.context.SpringBootTestContextBootstrapper -- Found @SpringBootConfiguration com.example.admin_backend.AdminBackendApplication for test class com.example.admin_backend.AdminBackendApplicationTests
19:36:29.275 [main] INFO org.springframework.boot.devtools.restart.RestartApplicationListener -- Restart disabled due to context in which it is running

  .   ____          _            __ _ _
 /\\ / ___'_ __ _ _(_)_ __  __ _ \ \ \ \
( ( )\___ | '_ | '_| | '_ \/ _` | \ \ \ \
 \\/  ___)| |_)| | | | | || (_| |  ) ) ) )
  '  |____| .__|_| |_|_| |_\__, | / / / /
 =========|_|==============|___/=/_/_/_/
 :: Spring Boot ::                (v3.2.6)

2024-10-17T19:36:29.402+08:00  INFO 51611 --- [           main] c.e.a.AdminBackendApplicationTests       : Starting AdminBackendApplicationTests using Java 23 with PID 51611 (started by richardmolina in /Users/richardmolina/Documents/GitHub/ADMIN_TECHHIVE_BACKEND)
2024-10-17T19:36:29.403+08:00 DEBUG 51611 --- [           main] c.e.a.AdminBackendApplicationTests       : Running with Spring Boot v3.2.6, Spring v6.1.8
2024-10-17T19:36:29.403+08:00  INFO 51611 --- [           main] c.e.a.AdminBackendApplicationTests       : No active profile set, falling back to 1 default profile: "default"
2024-10-17T19:36:29.403+08:00 DEBUG 51611 --- [           main] o.s.boot.SpringApplication               : Loading source class com.example.admin_backend.AdminBackendApplication
2024-10-17T19:36:29.422+08:00 DEBUG 51611 --- [           main] o.s.w.c.s.GenericWebApplicationContext   : Refreshing org.springframework.web.context.support.GenericWebApplicationContext@f5c79a6
2024-10-17T19:36:29.430+08:00 DEBUG 51611 --- [           main] o.s.b.f.s.DefaultListableBeanFactory     : Creating shared instance of singleton bean 'org.springframework.context.annotation.internalConfigurationAnnotationProcessor'
2024-10-17T19:36:29.436+08:00 DEBUG 51611 --- [           main] o.s.b.f.s.DefaultListableBeanFactory     : Creating shared instance of singleton bean 'org.springframework.boot.autoconfigure.internalCachingMetadataReaderFactory'
2024-10-17T19:36:29.459+08:00 DEBUG 51611 --- [           main] o.s.c.a.ClassPathBeanDefinitionScanner   : Identified candidate component class: file [/Users/richardmolina/Documents/GitHub/ADMIN_TECHHIVE_BACKEND/target/classes/com/example/admin_backend/Controller/AdminController.class]
2024-10-17T19:36:29.461+08:00 DEBUG 51611 --- [           main] o.s.c.a.ClassPathBeanDefinitionScanner   : Identified candidate component class: file [/Users/richardmolina/Documents/GitHub/ADMIN_TECHHIVE_BACKEND/target/classes/com/example/admin_backend/Controller/CommentController.class]
2024-10-17T19:36:29.461+08:00 DEBUG 51611 --- [           main] o.s.c.a.ClassPathBeanDefinitionScanner   : Identified candidate component class: file [/Users/richardmolina/Documents/GitHub/ADMIN_TECHHIVE_BACKEND/target/classes/com/example/admin_backend/Controller/OfficeController.class]
2024-10-17T19:36:29.461+08:00 DEBUG 51611 --- [           main] o.s.c.a.ClassPathBeanDefinitionScanner   : Identified candidate component class: file [/Users/richardmolina/Documents/GitHub/ADMIN_TECHHIVE_BACKEND/target/classes/com/example/admin_backend/Controller/PostController.class]
2024-10-17T19:36:29.462+08:00 DEBUG 51611 --- [           main] o.s.c.a.ClassPathBeanDefinitionScanner   : Identified candidate component class: file [/Users/richardmolina/Documents/GitHub/ADMIN_TECHHIVE_BACKEND/target/classes/com/example/admin_backend/Controller/ProfileController.class]
2024-10-17T19:36:29.462+08:00 DEBUG 51611 --- [           main] o.s.c.a.ClassPathBeanDefinitionScanner   : Identified candidate component class: file [/Users/richardmolina/Documents/GitHub/ADMIN_TECHHIVE_BACKEND/target/classes/com/example/admin_backend/Controller/SuperUserController.class]
2024-10-17T19:36:29.462+08:00 DEBUG 51611 --- [           main] o.s.c.a.ClassPathBeanDefinitionScanner   : Identified candidate component class: file [/Users/richardmolina/Documents/GitHub/ADMIN_TECHHIVE_BACKEND/target/classes/com/example/admin_backend/Controller/SuperUserProfileController.class]
2024-10-17T19:36:29.464+08:00 DEBUG 51611 --- [           main] o.s.c.a.ClassPathBeanDefinitionScanner   : Ignored because not a concrete top-level class: file [/Users/richardmolina/Documents/GitHub/ADMIN_TECHHIVE_BACKEND/target/classes/com/example/admin_backend/Repository/AdminRepository.class]
2024-10-17T19:36:29.464+08:00 DEBUG 51611 --- [           main] o.s.c.a.ClassPathBeanDefinitionScanner   : Ignored because not a concrete top-level class: file [/Users/richardmolina/Documents/GitHub/ADMIN_TECHHIVE_BACKEND/target/classes/com/example/admin_backend/Repository/CommentRepository.class]
2024-10-17T19:36:29.465+08:00 DEBUG 51611 --- [           main] o.s.c.a.ClassPathBeanDefinitionScanner   : Ignored because not a concrete top-level class: file [/Users/richardmolina/Documents/GitHub/ADMIN_TECHHIVE_BACKEND/target/classes/com/example/admin_backend/Repository/OfficeRepository.class]
2024-10-17T19:36:29.465+08:00 DEBUG 51611 --- [           main] o.s.c.a.ClassPathBeanDefinitionScanner   : Ignored because not a concrete top-level class: file [/Users/richardmolina/Documents/GitHub/ADMIN_TECHHIVE_BACKEND/target/classes/com/example/admin_backend/Repository/PostRepository.class]
2024-10-17T19:36:29.465+08:00 DEBUG 51611 --- [           main] o.s.c.a.ClassPathBeanDefinitionScanner   : Ignored because not a concrete top-level class: file [/Users/richardmolina/Documents/GitHub/ADMIN_TECHHIVE_BACKEND/target/classes/com/example/admin_backend/Repository/SuperUserRepository.class]
2024-10-17T19:36:29.466+08:00 DEBUG 51611 --- [           main] o.s.c.a.ClassPathBeanDefinitionScanner   : Identified candidate component class: file [/Users/richardmolina/Documents/GitHub/ADMIN_TECHHIVE_BACKEND/target/classes/com/example/admin_backend/Service/AdminService.class]
2024-10-17T19:36:29.466+08:00 DEBUG 51611 --- [           main] o.s.c.a.ClassPathBeanDefinitionScanner   : Identified candidate component class: file [/Users/richardmolina/Documents/GitHub/ADMIN_TECHHIVE_BACKEND/target/classes/com/example/admin_backend/Service/CommentService.class]
2024-10-17T19:36:29.466+08:00 DEBUG 51611 --- [           main] o.s.c.a.ClassPathBeanDefinitionScanner   : Identified candidate component class: file [/Users/richardmolina/Documents/GitHub/ADMIN_TECHHIVE_BACKEND/target/classes/com/example/admin_backend/Service/OfficeService.class]
2024-10-17T19:36:29.467+08:00 DEBUG 51611 --- [           main] o.s.c.a.ClassPathBeanDefinitionScanner   : Identified candidate component class: file [/Users/richardmolina/Documents/GitHub/ADMIN_TECHHIVE_BACKEND/target/classes/com/example/admin_backend/Service/PostService.class]
2024-10-17T19:36:29.467+08:00 DEBUG 51611 --- [           main] o.s.c.a.ClassPathBeanDefinitionScanner   : Identified candidate component class: file [/Users/richardmolina/Documents/GitHub/ADMIN_TECHHIVE_BACKEND/target/classes/com/example/admin_backend/Service/ProfileService.class]
2024-10-17T19:36:29.467+08:00 DEBUG 51611 --- [           main] o.s.c.a.ClassPathBeanDefinitionScanner   : Identified candidate component class: file [/Users/richardmolina/Documents/GitHub/ADMIN_TECHHIVE_BACKEND/target/classes/com/example/admin_backend/Service/SuperUserProfileService.class]
2024-10-17T19:36:29.468+08:00 DEBUG 51611 --- [           main] o.s.c.a.ClassPathBeanDefinitionScanner   : Identified candidate component class: file [/Users/richardmolina/Documents/GitHub/ADMIN_TECHHIVE_BACKEND/target/classes/com/example/admin_backend/Service/SuperUserService.class]
2024-10-17T19:36:29.727+08:00  INFO 51611 --- [           main] .s.d.r.c.RepositoryConfigurationDelegate : Bootstrapping Spring Data JPA repositories in DEFAULT mode.
2024-10-17T19:36:29.735+08:00 DEBUG 51611 --- [           main] o.s.b.f.s.DefaultListableBeanFactory     : Creating shared instance of singleton bean 'org.springframework.boot.autoconfigure.AutoConfigurationPackages'
2024-10-17T19:36:29.738+08:00 DEBUG 51611 --- [           main] o.s.b.a.AutoConfigurationPackages        : @EnableAutoConfiguration was declared on a class in the package 'com.example.admin_backend'. Automatic @Repository and @Entity scanning is enabled.
2024-10-17T19:36:29.738+08:00 DEBUG 51611 --- [           main] .s.d.r.c.RepositoryConfigurationDelegate : Scanning for JPA repositories in packages com.example.admin_backend.
2024-10-17T19:36:29.742+08:00 DEBUG 51611 --- [           main] o.s.d.r.c.RepositoryComponentProvider    : Identified candidate component class: file [/Users/richardmolina/Documents/GitHub/ADMIN_TECHHIVE_BACKEND/target/classes/com/example/admin_backend/Repository/AdminRepository.class]
2024-10-17T19:36:29.743+08:00 DEBUG 51611 --- [           main] o.s.d.r.c.RepositoryComponentProvider    : Identified candidate component class: file [/Users/richardmolina/Documents/GitHub/ADMIN_TECHHIVE_BACKEND/target/classes/com/example/admin_backend/Repository/CommentRepository.class]
2024-10-17T19:36:29.743+08:00 DEBUG 51611 --- [           main] o.s.d.r.c.RepositoryComponentProvider    : Identified candidate component class: file [/Users/richardmolina/Documents/GitHub/ADMIN_TECHHIVE_BACKEND/target/classes/com/example/admin_backend/Repository/OfficeRepository.class]
2024-10-17T19:36:29.743+08:00 DEBUG 51611 --- [           main] o.s.d.r.c.RepositoryComponentProvider    : Identified candidate component class: file [/Users/richardmolina/Documents/GitHub/ADMIN_TECHHIVE_BACKEND/target/classes/com/example/admin_backend/Repository/PostRepository.class]
2024-10-17T19:36:29.743+08:00 DEBUG 51611 --- [           main] o.s.d.r.c.RepositoryComponentProvider    : Identified candidate component class: file [/Users/richardmolina/Documents/GitHub/ADMIN_TECHHIVE_BACKEND/target/classes/com/example/admin_backend/Repository/ProfileRepository.class]
2024-10-17T19:36:29.743+08:00 DEBUG 51611 --- [           main] o.s.d.r.c.RepositoryComponentProvider    : Identified candidate component class: file [/Users/richardmolina/Documents/GitHub/ADMIN_TECHHIVE_BACKEND/target/classes/com/example/admin_backend/Repository/SuperUserProfileRepository.class]
2024-10-17T19:36:29.743+08:00 DEBUG 51611 --- [           main] o.s.d.r.c.RepositoryComponentProvider    : Identified candidate component class: file [/Users/richardmolina/Documents/GitHub/ADMIN_TECHHIVE_BACKEND/target/classes/com/example/admin_backend/Repository/SuperUserRepository.class]
2024-10-17T19:36:29.764+08:00  INFO 51611 --- [           main] .s.d.r.c.RepositoryConfigurationDelegate : Finished Spring Data repository scanning in 25 ms. Found 7 JPA repository interfaces.
2024-10-17T19:36:29.843+08:00 DEBUG 51611 --- [           main] o.s.b.f.s.DefaultListableBeanFactory     : Creating shared instance of singleton bean 'propertySourcesPlaceholderConfigurer'
2024-10-17T19:36:29.845+08:00 DEBUG 51611 --- [           main] o.s.b.f.s.DefaultListableBeanFactory     : Creating shared instance of singleton bean 'org.springframework.boot.test.mock.mockito.MockitoPostProcessor'
2024-10-17T19:36:29.846+08:00 DEBUG 51611 --- [           main] o.s.b.f.s.DefaultListableBeanFactory     : Creating shared instance of singleton bean 'emBeanDefinitionRegistrarPostProcessor'
2024-10-17T19:36:29.846+08:00 DEBUG 51611 --- [           main] o.s.b.f.s.DefaultListableBeanFactory     : Creating shared instance of singleton bean 'org.springframework.boot.sql.init.dependency.DatabaseInitializationDependencyConfigurer$DependsOnDatabaseInitializationPostProcessor'
2024-10-17T19:36:29.872+08:00 DEBUG 51611 --- [           main] o.s.b.f.s.DefaultListableBeanFactory     : Creating shared instance of singleton bean 'org.springframework.context.event.internalEventListenerProcessor'
2024-10-17T19:36:29.873+08:00 DEBUG 51611 --- [           main] o.s.b.f.s.DefaultListableBeanFactory     : Creating shared instance of singleton bean 'preserveErrorControllerTargetClassPostProcessor'
2024-10-17T19:36:29.873+08:00 DEBUG 51611 --- [           main] o.s.b.f.s.DefaultListableBeanFactory     : Creating shared instance of singleton bean 'org.springframework.context.event.internalEventListenerFactory'
2024-10-17T19:36:29.873+08:00 DEBUG 51611 --- [           main] o.s.b.f.s.DefaultListableBeanFactory     : Creating shared instance of singleton bean 'org.springframework.transaction.config.internalTransactionalEventListenerFactory'
2024-10-17T19:36:29.875+08:00 DEBUG 51611 --- [           main] o.s.b.f.s.DefaultListableBeanFactory     : Creating shared instance of singleton bean 'org.springframework.boot.test.mock.mockito.MockitoPostProcessor$SpyPostProcessor'
2024-10-17T19:36:29.875+08:00 DEBUG 51611 --- [           main] o.s.b.f.s.DefaultListableBeanFactory     : Creating shared instance of singleton bean 'org.springframework.context.annotation.internalAutowiredAnnotationProcessor'
2024-10-17T19:36:29.876+08:00 DEBUG 51611 --- [           main] o.s.b.f.s.DefaultListableBeanFactory     : Creating shared instance of singleton bean 'org.springframework.context.annotation.internalCommonAnnotationProcessor'
2024-10-17T19:36:29.877+08:00 DEBUG 51611 --- [           main] o.s.b.f.s.DefaultListableBeanFactory     : Creating shared instance of singleton bean 'org.springframework.context.annotation.internalPersistenceAnnotationProcessor'
2024-10-17T19:36:29.878+08:00 DEBUG 51611 --- [           main] o.s.b.f.s.DefaultListableBeanFactory     : Creating shared instance of singleton bean 'org.springframework.boot.context.properties.ConfigurationPropertiesBindingPostProcessor'
2024-10-17T19:36:29.878+08:00 DEBUG 51611 --- [           main] o.s.b.f.s.DefaultListableBeanFactory     : Creating shared instance of singleton bean 'org.springframework.boot.context.internalConfigurationPropertiesBinder'
2024-10-17T19:36:29.879+08:00 DEBUG 51611 --- [           main] o.s.b.f.s.DefaultListableBeanFactory     : Creating shared instance of singleton bean 'jdbcConnectionDetailsHikariBeanPostProcessor'
2024-10-17T19:36:29.880+08:00 DEBUG 51611 --- [           main] o.s.b.f.s.DefaultListableBeanFactory     : Creating shared instance of singleton bean 'org.springframework.aop.config.internalAutoProxyCreator'
2024-10-17T19:36:29.892+08:00 DEBUG 51611 --- [           main] o.s.b.f.s.DefaultListableBeanFactory     : Creating shared instance of singleton bean 'persistenceExceptionTranslationPostProcessor'
2024-10-17T19:36:29.903+08:00 DEBUG 51611 --- [           main] o.s.b.f.s.DefaultListableBeanFactory     : Autowiring by type from bean name 'persistenceExceptionTranslationPostProcessor' via factory method to bean named 'environment'
2024-10-17T19:36:29.906+08:00 DEBUG 51611 --- [           main] o.s.b.f.s.DefaultListableBeanFactory     : Creating shared instance of singleton bean 'webServerFactoryCustomizerBeanPostProcessor'
2024-10-17T19:36:29.907+08:00 DEBUG 51611 --- [           main] o.s.b.f.s.DefaultListableBeanFactory     : Creating shared instance of singleton bean 'errorPageRegistrarBeanPostProcessor'
2024-10-17T19:36:29.907+08:00 DEBUG 51611 --- [           main] o.s.b.f.s.DefaultListableBeanFactory     : Creating shared instance of singleton bean 'projectingArgumentResolverBeanPostProcessor'
2024-10-17T19:36:29.908+08:00 DEBUG 51611 --- [           main] o.s.b.f.s.DefaultListableBeanFactory     : Creating shared instance of singleton bean 'org.springframework.transaction.config.internalTransactionAdvisor'
2024-10-17T19:36:29.908+08:00 DEBUG 51611 --- [           main] o.s.b.f.s.DefaultListableBeanFactory     : Creating shared instance of singleton bean 'org.springframework.transaction.annotation.ProxyTransactionManagementConfiguration'
2024-10-17T19:36:29.917+08:00 DEBUG 51611 --- [           main] o.s.b.f.s.DefaultListableBeanFactory     : Creating shared instance of singleton bean 'transactionAttributeSource'
2024-10-17T19:36:29.918+08:00 DEBUG 51611 --- [           main] o.s.b.f.s.DefaultListableBeanFactory     : Creating shared instance of singleton bean 'transactionInterceptor'
2024-10-17T19:36:29.918+08:00 DEBUG 51611 --- [           main] o.s.b.f.s.DefaultListableBeanFactory     : Autowiring by type from bean name 'transactionInterceptor' via factory method to bean named 'transactionAttributeSource'
2024-10-17T19:36:29.920+08:00 DEBUG 51611 --- [           main] o.s.b.f.s.DefaultListableBeanFactory     : Autowiring by type from bean name 'org.springframework.transaction.config.internalTransactionAdvisor' via factory method to bean named 'transactionAttributeSource'
2024-10-17T19:36:29.921+08:00 DEBUG 51611 --- [           main] o.s.b.f.s.DefaultListableBeanFactory     : Autowiring by type from bean name 'org.springframework.transaction.config.internalTransactionAdvisor' via factory method to bean named 'transactionInterceptor'
2024-10-17T19:36:29.930+08:00 DEBUG 51611 --- [           main] o.s.u.c.s.UiApplicationContextUtils      : Unable to locate ThemeSource with name 'themeSource': using default [org.springframework.ui.context.support.ResourceBundleThemeSource@73a8e994]
2024-10-17T19:36:29.931+08:00 DEBUG 51611 --- [           main] o.s.b.f.s.DefaultListableBeanFactory     : Creating shared instance of singleton bean 'dataSourceScriptDatabaseInitializer'
2024-10-17T19:36:29.931+08:00 DEBUG 51611 --- [           main] o.s.b.f.s.DefaultListableBeanFactory     : Creating shared instance of singleton bean 'org.springframework.boot.autoconfigure.sql.init.DataSourceInitializationConfiguration'
2024-10-17T19:36:29.932+08:00 DEBUG 51611 --- [           main] o.s.b.f.s.DefaultListableBeanFactory     : Creating shared instance of singleton bean 'dataSource'
2024-10-17T19:36:29.932+08:00 DEBUG 51611 --- [           main] o.s.b.f.s.DefaultListableBeanFactory     : Creating shared instance of singleton bean 'org.springframework.boot.autoconfigure.jdbc.DataSourceConfiguration$Hikari'
2024-10-17T19:36:29.933+08:00 DEBUG 51611 --- [           main] o.s.b.f.s.DefaultListableBeanFactory     : Creating shared instance of singleton bean 'spring.datasource-org.springframework.boot.autoconfigure.jdbc.DataSourceProperties'
2024-10-17T19:36:29.934+08:00 DEBUG 51611 --- [           main] o.s.b.f.s.DefaultListableBeanFactory     : Creating shared instance of singleton bean 'org.springframework.boot.context.properties.BoundConfigurationProperties'
2024-10-17T19:36:29.945+08:00 DEBUG 51611 --- [           main] o.s.b.f.s.DefaultListableBeanFactory     : Creating shared instance of singleton bean 'jdbcConnectionDetails'
2024-10-17T19:36:29.945+08:00 DEBUG 51611 --- [           main] o.s.b.f.s.DefaultListableBeanFactory     : Creating shared instance of singleton bean 'org.springframework.boot.autoconfigure.jdbc.DataSourceAutoConfiguration$PooledDataSourceConfiguration'
2024-10-17T19:36:29.946+08:00 DEBUG 51611 --- [           main] o.s.b.f.s.DefaultListableBeanFactory     : Autowiring by type from bean name 'jdbcConnectionDetails' via factory method to bean named 'spring.datasource-org.springframework.boot.autoconfigure.jdbc.DataSourceProperties'
2024-10-17T19:36:29.946+08:00 DEBUG 51611 --- [           main] o.s.b.f.s.DefaultListableBeanFactory     : Autowiring by type from bean name 'dataSource' via factory method to bean named 'spring.datasource-org.springframework.boot.autoconfigure.jdbc.DataSourceProperties'
2024-10-17T19:36:29.946+08:00 DEBUG 51611 --- [           main] o.s.b.f.s.DefaultListableBeanFactory     : Autowiring by type from bean name 'dataSource' via factory method to bean named 'jdbcConnectionDetails'
2024-10-17T19:36:29.948+08:00 DEBUG 51611 --- [           main] com.zaxxer.hikari.HikariConfig           : Driver class com.mysql.cj.jdbc.Driver found in Thread context class loader jdk.internal.loader.ClassLoaders$AppClassLoader@18ff02e4
2024-10-17T19:36:29.966+08:00 DEBUG 51611 --- [           main] o.s.b.f.s.DefaultListableBeanFactory     : Creating shared instance of singleton bean 'spring.sql.init-org.springframework.boot.autoconfigure.sql.init.SqlInitializationProperties'
2024-10-17T19:36:29.968+08:00 DEBUG 51611 --- [           main] o.s.b.f.s.DefaultListableBeanFactory     : Autowiring by type from bean name 'dataSourceScriptDatabaseInitializer' via factory method to bean named 'dataSource'
2024-10-17T19:36:29.968+08:00 DEBUG 51611 --- [           main] o.s.b.f.s.DefaultListableBeanFactory     : Autowiring by type from bean name 'dataSourceScriptDatabaseInitializer' via factory method to bean named 'spring.sql.init-org.springframework.boot.autoconfigure.sql.init.SqlInitializationProperties'
2024-10-17T19:36:29.970+08:00 DEBUG 51611 --- [           main] o.s.b.f.s.DefaultListableBeanFactory     : Creating shared instance of singleton bean 'entityManagerFactory'
2024-10-17T19:36:29.970+08:00 DEBUG 51611 --- [           main] o.s.b.f.s.DefaultListableBeanFactory     : Creating shared instance of singleton bean 'org.springframework.boot.autoconfigure.orm.jpa.HibernateJpaConfiguration'
2024-10-17T19:36:29.971+08:00 DEBUG 51611 --- [           main] o.s.b.f.s.DefaultListableBeanFactory     : Creating shared instance of singleton bean 'spring.jpa-org.springframework.boot.autoconfigure.orm.jpa.JpaProperties'
2024-10-17T19:36:29.974+08:00 DEBUG 51611 --- [           main] o.s.b.f.s.DefaultListableBeanFactory     : Creating shared instance of singleton bean 'spring.jpa.hibernate-org.springframework.boot.autoconfigure.orm.jpa.HibernateProperties'
2024-10-17T19:36:29.975+08:00 DEBUG 51611 --- [           main] o.s.b.f.s.DefaultListableBeanFactory     : Autowiring by type from bean name 'org.springframework.boot.autoconfigure.orm.jpa.HibernateJpaConfiguration' via constructor to bean named 'dataSource'
2024-10-17T19:36:29.975+08:00 DEBUG 51611 --- [           main] o.s.b.f.s.DefaultListableBeanFactory     : Autowiring by type from bean name 'org.springframework.boot.autoconfigure.orm.jpa.HibernateJpaConfiguration' via constructor to bean named 'spring.jpa-org.springframework.boot.autoconfigure.orm.jpa.JpaProperties'
2024-10-17T19:36:29.975+08:00 DEBUG 51611 --- [           main] o.s.b.f.s.DefaultListableBeanFactory     : Autowiring by type from bean name 'org.springframework.boot.autoconfigure.orm.jpa.HibernateJpaConfiguration' via constructor to bean named 'org.springframework.beans.factory.support.DefaultListableBeanFactory@75699e35'
2024-10-17T19:36:29.975+08:00 DEBUG 51611 --- [           main] o.s.b.f.s.DefaultListableBeanFactory     : Autowiring by type from bean name 'org.springframework.boot.autoconfigure.orm.jpa.HibernateJpaConfiguration' via constructor to bean named 'spring.jpa.hibernate-org.springframework.boot.autoconfigure.orm.jpa.HibernateProperties'
2024-10-17T19:36:29.977+08:00 DEBUG 51611 --- [           main] o.s.b.f.s.DefaultListableBeanFactory     : Creating shared instance of singleton bean 'hikariPoolDataSourceMetadataProvider'
2024-10-17T19:36:29.977+08:00 DEBUG 51611 --- [           main] o.s.b.f.s.DefaultListableBeanFactory     : Creating shared instance of singleton bean 'org.springframework.boot.autoconfigure.jdbc.metadata.DataSourcePoolMetadataProvidersConfiguration$HikariPoolDataSourceMetadataProviderConfiguration'
2024-10-17T19:36:29.992+08:00 DEBUG 51611 --- [           main] o.s.b.f.s.DefaultListableBeanFactory     : Creating shared instance of singleton bean 'entityManagerFactoryBuilder'
2024-10-17T19:36:29.993+08:00 DEBUG 51611 --- [           main] o.s.b.f.s.DefaultListableBeanFactory     : Creating shared instance of singleton bean 'jpaVendorAdapter'
2024-10-17T19:36:30.007+08:00 DEBUG 51611 --- [           main] org.jboss.logging                        : Logging Provider: org.jboss.logging.Slf4jLoggerProvider found via system property
2024-10-17T19:36:30.009+08:00 DEBUG 51611 --- [           main] o.s.b.f.s.DefaultListableBeanFactory     : Autowiring by type from bean name 'entityManagerFactoryBuilder' via factory method to bean named 'jpaVendorAdapter'
2024-10-17T19:36:30.011+08:00 DEBUG 51611 --- [           main] o.s.b.f.s.DefaultListableBeanFactory     : Creating shared instance of singleton bean 'persistenceManagedTypes'
2024-10-17T19:36:30.011+08:00 DEBUG 51611 --- [           main] o.s.b.f.s.DefaultListableBeanFactory     : Autowiring by type from bean name 'persistenceManagedTypes' via factory method to bean named 'org.springframework.beans.factory.support.DefaultListableBeanFactory@75699e35'
2024-10-17T19:36:30.011+08:00 DEBUG 51611 --- [           main] o.s.b.f.s.DefaultListableBeanFactory     : Autowiring by type from bean name 'persistenceManagedTypes' via factory method to bean named 'org.springframework.web.context.support.GenericWebApplicationContext@f5c79a6'
2024-10-17T19:36:30.015+08:00 DEBUG 51611 --- [           main] o.s.b.f.s.DefaultListableBeanFactory     : Autowiring by type from bean name 'entityManagerFactory' via factory method to bean named 'entityManagerFactoryBuilder'
2024-10-17T19:36:30.015+08:00 DEBUG 51611 --- [           main] o.s.b.f.s.DefaultListableBeanFactory     : Autowiring by type from bean name 'entityManagerFactory' via factory method to bean named 'persistenceManagedTypes'
2024-10-17T19:36:30.023+08:00 DEBUG 51611 --- [           main] j.LocalContainerEntityManagerFactoryBean : Building JPA container EntityManagerFactory for persistence unit 'default'
2024-10-17T19:36:30.031+08:00 DEBUG 51611 --- [           main] o.hibernate.jpa.internal.util.LogHelper  : PersistenceUnitInfo [
	name: default
	persistence provider classname: null
	classloader: jdk.internal.loader.ClassLoaders$AppClassLoader@18ff02e4
	excludeUnlistedClasses: true
	JTA datasource: null
	Non JTA datasource: HikariDataSource (null)
	Transaction type: RESOURCE_LOCAL
	PU root URL: file:/Users/richardmolina/Documents/GitHub/ADMIN_TECHHIVE_BACKEND/target/test-classes/
	Shared Cache Mode: UNSPECIFIED
	Validation Mode: AUTO
	Jar files URLs []
	Managed classes names [
		com.example.admin_backend.Entity.AdminEntity
		com.example.admin_backend.Entity.CommentEntity
		com.example.admin_backend.Entity.OfficeEntity
		com.example.admin_backend.Entity.PostEntity
		com.example.admin_backend.Entity.ProfileEntity
		com.example.admin_backend.Entity.SuperUserEntity
		com.example.admin_backend.Entity.SuperUserProfileEntity]
	Mapping files names []
	Properties []
2024-10-17T19:36:30.036+08:00 DEBUG 51611 --- [           main] o.h.i.internal.IntegratorServiceImpl     : Adding Integrator [org.hibernate.boot.beanvalidation.BeanValidationIntegrator].
2024-10-17T19:36:30.037+08:00 DEBUG 51611 --- [           main] o.h.i.internal.IntegratorServiceImpl     : Adding Integrator [org.hibernate.cache.internal.CollectionCacheInvalidator].
2024-10-17T19:36:30.060+08:00  INFO 51611 --- [           main] org.hibernate.Version                    : HHH000412: Hibernate ORM core version 6.4.8.Final
2024-10-17T19:36:30.061+08:00 DEBUG 51611 --- [           main] org.hibernate.cfg.Environment            : HHH000206: 'hibernate.properties' not found
2024-10-17T19:36:30.075+08:00 DEBUG 51611 --- [           main] org.hibernate.orm.idgen.factory          : Registering IdentifierGenerator strategy [uuid2] -> [org.hibernate.id.UUIDGenerator]
2024-10-17T19:36:30.075+08:00 DEBUG 51611 --- [           main] org.hibernate.orm.idgen.factory          : Registering IdentifierGenerator strategy [guid] -> [org.hibernate.id.GUIDGenerator]
2024-10-17T19:36:30.076+08:00 DEBUG 51611 --- [           main] org.hibernate.orm.idgen.factory          : Registering IdentifierGenerator strategy [uuid] -> [org.hibernate.id.UUIDHexGenerator]
2024-10-17T19:36:30.076+08:00 DEBUG 51611 --- [           main] org.hibernate.orm.idgen.factory          : Registering IdentifierGenerator strategy [uuid.hex] -> [org.hibernate.id.UUIDHexGenerator]
2024-10-17T19:36:30.076+08:00 DEBUG 51611 --- [           main] org.hibernate.orm.idgen.factory          : Registering IdentifierGenerator strategy [assigned] -> [org.hibernate.id.Assigned]
2024-10-17T19:36:30.076+08:00 DEBUG 51611 --- [           main] org.hibernate.orm.idgen.factory          : Registering IdentifierGenerator strategy [identity] -> [org.hibernate.id.IdentityGenerator]
2024-10-17T19:36:30.076+08:00 DEBUG 51611 --- [           main] org.hibernate.orm.idgen.factory          : Registering IdentifierGenerator strategy [select] -> [org.hibernate.id.SelectGenerator]
2024-10-17T19:36:30.077+08:00 DEBUG 51611 --- [           main] org.hibernate.orm.idgen.factory          : Registering IdentifierGenerator strategy [sequence] -> [org.hibernate.id.enhanced.SequenceStyleGenerator]
2024-10-17T19:36:30.077+08:00 DEBUG 51611 --- [           main] org.hibernate.orm.idgen.factory          : Registering IdentifierGenerator strategy [increment] -> [org.hibernate.id.IncrementGenerator]
2024-10-17T19:36:30.077+08:00 DEBUG 51611 --- [           main] org.hibernate.orm.idgen.factory          : Registering IdentifierGenerator strategy [foreign] -> [org.hibernate.id.ForeignGenerator]
2024-10-17T19:36:30.077+08:00 DEBUG 51611 --- [           main] org.hibernate.orm.idgen.factory          : Registering IdentifierGenerator strategy [enhanced-sequence] -> [org.hibernate.id.enhanced.SequenceStyleGenerator]
2024-10-17T19:36:30.078+08:00 DEBUG 51611 --- [           main] org.hibernate.orm.idgen.factory          : Registering IdentifierGenerator strategy [enhanced-table] -> [org.hibernate.id.enhanced.TableGenerator]
2024-10-17T19:36:30.081+08:00 DEBUG 51611 --- [           main] o.h.c.internal.RegionFactoryInitiator    : Cannot default RegionFactory based on registered strategies as `[]` RegionFactory strategies were registered
2024-10-17T19:36:30.081+08:00  INFO 51611 --- [           main] o.h.c.internal.RegionFactoryInitiator    : HHH000026: Second-level cache disabled
2024-10-17T19:36:30.114+08:00 DEBUG 51611 --- [           main] org.hibernate.type.BasicTypeRegistry     : Adding type registration boolean -> org.hibernate.type.BasicTypeReference@7197b07f
2024-10-17T19:36:30.114+08:00 DEBUG 51611 --- [           main] org.hibernate.type.BasicTypeRegistry     : Adding type registration boolean -> org.hibernate.type.BasicTypeReference@7197b07f
2024-10-17T19:36:30.114+08:00 DEBUG 51611 --- [           main] org.hibernate.type.BasicTypeRegistry     : Adding type registration java.lang.Boolean -> org.hibernate.type.BasicTypeReference@7197b07f
2024-10-17T19:36:30.114+08:00 DEBUG 51611 --- [           main] org.hibernate.type.BasicTypeRegistry     : Adding type registration numeric_boolean -> org.hibernate.type.BasicTypeReference@1f10fec6
2024-10-17T19:36:30.114+08:00 DEBUG 51611 --- [           main] org.hibernate.type.BasicTypeRegistry     : Adding type registration org.hibernate.type.NumericBooleanConverter -> org.hibernate.type.BasicTypeReference@1f10fec6
2024-10-17T19:36:30.114+08:00 DEBUG 51611 --- [           main] org.hibernate.type.BasicTypeRegistry     : Adding type registration true_false -> org.hibernate.type.BasicTypeReference@7a65a360
2024-10-17T19:36:30.114+08:00 DEBUG 51611 --- [           main] org.hibernate.type.BasicTypeRegistry     : Adding type registration org.hibernate.type.TrueFalseConverter -> org.hibernate.type.BasicTypeReference@7a65a360
2024-10-17T19:36:30.114+08:00 DEBUG 51611 --- [           main] org.hibernate.type.BasicTypeRegistry     : Adding type registration yes_no -> org.hibernate.type.BasicTypeReference@30a7653e
2024-10-17T19:36:30.114+08:00 DEBUG 51611 --- [           main] org.hibernate.type.BasicTypeRegistry     : Adding type registration org.hibernate.type.YesNoConverter -> org.hibernate.type.BasicTypeReference@30a7653e
2024-10-17T19:36:30.114+08:00 DEBUG 51611 --- [           main] org.hibernate.type.BasicTypeRegistry     : Adding type registration byte -> org.hibernate.type.BasicTypeReference@7cff3f1d
2024-10-17T19:36:30.114+08:00 DEBUG 51611 --- [           main] org.hibernate.type.BasicTypeRegistry     : Adding type registration byte -> org.hibernate.type.BasicTypeReference@7cff3f1d
2024-10-17T19:36:30.114+08:00 DEBUG 51611 --- [           main] org.hibernate.type.BasicTypeRegistry     : Adding type registration java.lang.Byte -> org.hibernate.type.BasicTypeReference@7cff3f1d
2024-10-17T19:36:30.114+08:00 DEBUG 51611 --- [           main] org.hibernate.type.BasicTypeRegistry     : Adding type registration binary -> org.hibernate.type.BasicTypeReference@6401188a
2024-10-17T19:36:30.114+08:00 DEBUG 51611 --- [           main] org.hibernate.type.BasicTypeRegistry     : Adding type registration byte[] -> org.hibernate.type.BasicTypeReference@6401188a
2024-10-17T19:36:30.114+08:00 DEBUG 51611 --- [           main] org.hibernate.type.BasicTypeRegistry     : Adding type registration [B -> org.hibernate.type.BasicTypeReference@6401188a
2024-10-17T19:36:30.114+08:00 DEBUG 51611 --- [           main] org.hibernate.type.BasicTypeRegistry     : Adding type registration binary_wrapper -> org.hibernate.type.BasicTypeReference@33a8c9c9
2024-10-17T19:36:30.114+08:00 DEBUG 51611 --- [           main] org.hibernate.type.BasicTypeRegistry     : Adding type registration wrapper-binary -> org.hibernate.type.BasicTypeReference@33a8c9c9
2024-10-17T19:36:30.114+08:00 DEBUG 51611 --- [           main] org.hibernate.type.BasicTypeRegistry     : Adding type registration image -> org.hibernate.type.BasicTypeReference@382dc417
2024-10-17T19:36:30.115+08:00 DEBUG 51611 --- [           main] org.hibernate.type.BasicTypeRegistry     : Adding type registration blob -> org.hibernate.type.BasicTypeReference@3daf03d8
2024-10-17T19:36:30.115+08:00 DEBUG 51611 --- [           main] org.hibernate.type.BasicTypeRegistry     : Adding type registration java.sql.Blob -> org.hibernate.type.BasicTypeReference@3daf03d8
2024-10-17T19:36:30.115+08:00 DEBUG 51611 --- [           main] org.hibernate.type.BasicTypeRegistry     : Adding type registration materialized_blob -> org.hibernate.type.BasicTypeReference@510689af
2024-10-17T19:36:30.115+08:00 DEBUG 51611 --- [           main] org.hibernate.type.BasicTypeRegistry     : Adding type registration materialized_blob_wrapper -> org.hibernate.type.BasicTypeReference@2415e4c7
2024-10-17T19:36:30.115+08:00 DEBUG 51611 --- [           main] org.hibernate.type.BasicTypeRegistry     : Adding type registration short -> org.hibernate.type.BasicTypeReference@72ce812e
2024-10-17T19:36:30.115+08:00 DEBUG 51611 --- [           main] org.hibernate.type.BasicTypeRegistry     : Adding type registration short -> org.hibernate.type.BasicTypeReference@72ce812e
2024-10-17T19:36:30.115+08:00 DEBUG 51611 --- [           main] org.hibernate.type.BasicTypeRegistry     : Adding type registration java.lang.Short -> org.hibernate.type.BasicTypeReference@72ce812e
2024-10-17T19:36:30.115+08:00 DEBUG 51611 --- [           main] org.hibernate.type.BasicTypeRegistry     : Adding type registration integer -> org.hibernate.type.BasicTypeReference@373afd6c
2024-10-17T19:36:30.115+08:00 DEBUG 51611 --- [           main] org.hibernate.type.BasicTypeRegistry     : Adding type registration int -> org.hibernate.type.BasicTypeReference@373afd6c
2024-10-17T19:36:30.115+08:00 DEBUG 51611 --- [           main] org.hibernate.type.BasicTypeRegistry     : Adding type registration java.lang.Integer -> org.hibernate.type.BasicTypeReference@373afd6c
2024-10-17T19:36:30.115+08:00 DEBUG 51611 --- [           main] org.hibernate.type.BasicTypeRegistry     : Adding type registration long -> org.hibernate.type.BasicTypeReference@521441d5
2024-10-17T19:36:30.115+08:00 DEBUG 51611 --- [           main] org.hibernate.type.BasicTypeRegistry     : Adding type registration long -> org.hibernate.type.BasicTypeReference@521441d5
2024-10-17T19:36:30.115+08:00 DEBUG 51611 --- [           main] org.hibernate.type.BasicTypeRegistry     : Adding type registration java.lang.Long -> org.hibernate.type.BasicTypeReference@521441d5
2024-10-17T19:36:30.115+08:00 DEBUG 51611 --- [           main] org.hibernate.type.BasicTypeRegistry     : Adding type registration float -> org.hibernate.type.BasicTypeReference@592ca48c
2024-10-17T19:36:30.115+08:00 DEBUG 51611 --- [           main] org.hibernate.type.BasicTypeRegistry     : Adding type registration float -> org.hibernate.type.BasicTypeReference@592ca48c
2024-10-17T19:36:30.115+08:00 DEBUG 51611 --- [           main] org.hibernate.type.BasicTypeRegistry     : Adding type registration java.lang.Float -> org.hibernate.type.BasicTypeReference@592ca48c
2024-10-17T19:36:30.115+08:00 DEBUG 51611 --- [           main] org.hibernate.type.BasicTypeRegistry     : Adding type registration double -> org.hibernate.type.BasicTypeReference@5fed9976
2024-10-17T19:36:30.115+08:00 DEBUG 51611 --- [           main] org.hibernate.type.BasicTypeRegistry     : Adding type registration double -> org.hibernate.type.BasicTypeReference@5fed9976
2024-10-17T19:36:30.115+08:00 DEBUG 51611 --- [           main] org.hibernate.type.BasicTypeRegistry     : Adding type registration java.lang.Double -> org.hibernate.type.BasicTypeReference@5fed9976
2024-10-17T19:36:30.115+08:00 DEBUG 51611 --- [           main] org.hibernate.type.BasicTypeRegistry     : Adding type registration big_integer -> org.hibernate.type.BasicTypeReference@3fdcde7a
2024-10-17T19:36:30.115+08:00 DEBUG 51611 --- [           main] org.hibernate.type.BasicTypeRegistry     : Adding type registration java.math.BigInteger -> org.hibernate.type.BasicTypeReference@3fdcde7a
2024-10-17T19:36:30.115+08:00 DEBUG 51611 --- [           main] org.hibernate.type.BasicTypeRegistry     : Adding type registration big_decimal -> org.hibernate.type.BasicTypeReference@4f363abd
2024-10-17T19:36:30.115+08:00 DEBUG 51611 --- [           main] org.hibernate.type.BasicTypeRegistry     : Adding type registration java.math.BigDecimal -> org.hibernate.type.BasicTypeReference@4f363abd
2024-10-17T19:36:30.115+08:00 DEBUG 51611 --- [           main] org.hibernate.type.BasicTypeRegistry     : Adding type registration character -> org.hibernate.type.BasicTypeReference@7302ff13
2024-10-17T19:36:30.115+08:00 DEBUG 51611 --- [           main] org.hibernate.type.BasicTypeRegistry     : Adding type registration char -> org.hibernate.type.BasicTypeReference@7302ff13
2024-10-17T19:36:30.115+08:00 DEBUG 51611 --- [           main] org.hibernate.type.BasicTypeRegistry     : Adding type registration java.lang.Character -> org.hibernate.type.BasicTypeReference@7302ff13
2024-10-17T19:36:30.115+08:00 DEBUG 51611 --- [           main] org.hibernate.type.BasicTypeRegistry     : Adding type registration character_nchar -> org.hibernate.type.BasicTypeReference@4017fe2c
2024-10-17T19:36:30.115+08:00 DEBUG 51611 --- [           main] org.hibernate.type.BasicTypeRegistry     : Adding type registration string -> org.hibernate.type.BasicTypeReference@1961d75a
2024-10-17T19:36:30.115+08:00 DEBUG 51611 --- [           main] org.hibernate.type.BasicTypeRegistry     : Adding type registration java.lang.String -> org.hibernate.type.BasicTypeReference@1961d75a
2024-10-17T19:36:30.116+08:00 DEBUG 51611 --- [           main] org.hibernate.type.BasicTypeRegistry     : Adding type registration nstring -> org.hibernate.type.BasicTypeReference@677ce519
2024-10-17T19:36:30.116+08:00 DEBUG 51611 --- [           main] org.hibernate.type.BasicTypeRegistry     : Adding type registration characters -> org.hibernate.type.BasicTypeReference@3e26482
2024-10-17T19:36:30.116+08:00 DEBUG 51611 --- [           main] org.hibernate.type.BasicTypeRegistry     : Adding type registration char[] -> org.hibernate.type.BasicTypeReference@3e26482
2024-10-17T19:36:30.116+08:00 DEBUG 51611 --- [           main] org.hibernate.type.BasicTypeRegistry     : Adding type registration [C -> org.hibernate.type.BasicTypeReference@3e26482
2024-10-17T19:36:30.116+08:00 DEBUG 51611 --- [           main] org.hibernate.type.BasicTypeRegistry     : Adding type registration wrapper-characters -> org.hibernate.type.BasicTypeReference@7cfb0c4c
2024-10-17T19:36:30.116+08:00 DEBUG 51611 --- [           main] org.hibernate.type.BasicTypeRegistry     : Adding type registration text -> org.hibernate.type.BasicTypeReference@6b37df8e
2024-10-17T19:36:30.116+08:00 DEBUG 51611 --- [           main] org.hibernate.type.BasicTypeRegistry     : Adding type registration ntext -> org.hibernate.type.BasicTypeReference@6b63abdc
2024-10-17T19:36:30.116+08:00 DEBUG 51611 --- [           main] org.hibernate.type.BasicTypeRegistry     : Adding type registration clob -> org.hibernate.type.BasicTypeReference@7b351446
2024-10-17T19:36:30.116+08:00 DEBUG 51611 --- [           main] org.hibernate.type.BasicTypeRegistry     : Adding type registration java.sql.Clob -> org.hibernate.type.BasicTypeReference@7b351446
2024-10-17T19:36:30.116+08:00 DEBUG 51611 --- [           main] org.hibernate.type.BasicTypeRegistry     : Adding type registration nclob -> org.hibernate.type.BasicTypeReference@5f08fe00
2024-10-17T19:36:30.116+08:00 DEBUG 51611 --- [           main] org.hibernate.type.BasicTypeRegistry     : Adding type registration java.sql.NClob -> org.hibernate.type.BasicTypeReference@5f08fe00
2024-10-17T19:36:30.116+08:00 DEBUG 51611 --- [           main] org.hibernate.type.BasicTypeRegistry     : Adding type registration materialized_clob -> org.hibernate.type.BasicTypeReference@a1691c0
2024-10-17T19:36:30.116+08:00 DEBUG 51611 --- [           main] org.hibernate.type.BasicTypeRegistry     : Adding type registration materialized_clob_char_array -> org.hibernate.type.BasicTypeReference@7c5df615
2024-10-17T19:36:30.116+08:00 DEBUG 51611 --- [           main] org.hibernate.type.BasicTypeRegistry     : Adding type registration materialized_clob_character_array -> org.hibernate.type.BasicTypeReference@2f995afc
2024-10-17T19:36:30.116+08:00 DEBUG 51611 --- [           main] org.hibernate.type.BasicTypeRegistry     : Adding type registration materialized_nclob -> org.hibernate.type.BasicTypeReference@377949f1
2024-10-17T19:36:30.116+08:00 DEBUG 51611 --- [           main] org.hibernate.type.BasicTypeRegistry     : Adding type registration materialized_nclob_character_array -> org.hibernate.type.BasicTypeReference@9df564f
2024-10-17T19:36:30.116+08:00 DEBUG 51611 --- [           main] org.hibernate.type.BasicTypeRegistry     : Adding type registration materialized_nclob_char_array -> org.hibernate.type.BasicTypeReference@1a21f43f
2024-10-17T19:36:30.116+08:00 DEBUG 51611 --- [           main] org.hibernate.type.BasicTypeRegistry     : Adding type registration Duration -> org.hibernate.type.BasicTypeReference@7f0a133d
2024-10-17T19:36:30.116+08:00 DEBUG 51611 --- [           main] org.hibernate.type.BasicTypeRegistry     : Adding type registration java.time.Duration -> org.hibernate.type.BasicTypeReference@7f0a133d
2024-10-17T19:36:30.116+08:00 DEBUG 51611 --- [           main] org.hibernate.type.BasicTypeRegistry     : Adding type registration LocalDateTime -> org.hibernate.type.BasicTypeReference@241fbec
2024-10-17T19:36:30.116+08:00 DEBUG 51611 --- [           main] org.hibernate.type.BasicTypeRegistry     : Adding type registration java.time.LocalDateTime -> org.hibernate.type.BasicTypeReference@241fbec
2024-10-17T19:36:30.116+08:00 DEBUG 51611 --- [           main] org.hibernate.type.BasicTypeRegistry     : Adding type registration LocalDate -> org.hibernate.type.BasicTypeReference@715fa8c5
2024-10-17T19:36:30.116+08:00 DEBUG 51611 --- [           main] org.hibernate.type.BasicTypeRegistry     : Adding type registration java.time.LocalDate -> org.hibernate.type.BasicTypeReference@715fa8c5
2024-10-17T19:36:30.116+08:00 DEBUG 51611 --- [           main] org.hibernate.type.BasicTypeRegistry     : Adding type registration LocalTime -> org.hibernate.type.BasicTypeReference@644a3add
2024-10-17T19:36:30.116+08:00 DEBUG 51611 --- [           main] org.hibernate.type.BasicTypeRegistry     : Adding type registration java.time.LocalTime -> org.hibernate.type.BasicTypeReference@644a3add
2024-10-17T19:36:30.116+08:00 DEBUG 51611 --- [           main] org.hibernate.type.BasicTypeRegistry     : Adding type registration OffsetDateTime -> org.hibernate.type.BasicTypeReference@4b765e92
2024-10-17T19:36:30.116+08:00 DEBUG 51611 --- [           main] org.hibernate.type.BasicTypeRegistry     : Adding type registration java.time.OffsetDateTime -> org.hibernate.type.BasicTypeReference@4b765e92
2024-10-17T19:36:30.116+08:00 DEBUG 51611 --- [           main] org.hibernate.type.BasicTypeRegistry     : Adding type registration OffsetDateTimeWithTimezone -> org.hibernate.type.BasicTypeReference@4665428b
2024-10-17T19:36:30.117+08:00 DEBUG 51611 --- [           main] org.hibernate.type.BasicTypeRegistry     : Adding type registration OffsetDateTimeWithoutTimezone -> org.hibernate.type.BasicTypeReference@4a70d302
2024-10-17T19:36:30.117+08:00 DEBUG 51611 --- [           main] org.hibernate.type.BasicTypeRegistry     : Adding type registration OffsetTime -> org.hibernate.type.BasicTypeReference@7fd99443
2024-10-17T19:36:30.117+08:00 DEBUG 51611 --- [           main] org.hibernate.type.BasicTypeRegistry     : Adding type registration java.time.OffsetTime -> org.hibernate.type.BasicTypeReference@7fd99443
2024-10-17T19:36:30.117+08:00 DEBUG 51611 --- [           main] org.hibernate.type.BasicTypeRegistry     : Adding type registration OffsetTimeUtc -> org.hibernate.type.BasicTypeReference@622d7e4
2024-10-17T19:36:30.117+08:00 DEBUG 51611 --- [           main] org.hibernate.type.BasicTypeRegistry     : Adding type registration OffsetTimeWithTimezone -> org.hibernate.type.BasicTypeReference@6a3fbcb1
2024-10-17T19:36:30.117+08:00 DEBUG 51611 --- [           main] org.hibernate.type.BasicTypeRegistry     : Adding type registration OffsetTimeWithoutTimezone -> org.hibernate.type.BasicTypeReference@261b9a37
2024-10-17T19:36:30.117+08:00 DEBUG 51611 --- [           main] org.hibernate.type.BasicTypeRegistry     : Adding type registration ZonedDateTime -> org.hibernate.type.BasicTypeReference@15d3793b
2024-10-17T19:36:30.117+08:00 DEBUG 51611 --- [           main] org.hibernate.type.BasicTypeRegistry     : Adding type registration java.time.ZonedDateTime -> org.hibernate.type.BasicTypeReference@15d3793b
2024-10-17T19:36:30.117+08:00 DEBUG 51611 --- [           main] org.hibernate.type.BasicTypeRegistry     : Adding type registration ZonedDateTimeWithTimezone -> org.hibernate.type.BasicTypeReference@55e1192
2024-10-17T19:36:30.117+08:00 DEBUG 51611 --- [           main] org.hibernate.type.BasicTypeRegistry     : Adding type registration ZonedDateTimeWithoutTimezone -> org.hibernate.type.BasicTypeReference@1213ffbc
2024-10-17T19:36:30.117+08:00 DEBUG 51611 --- [           main] org.hibernate.type.BasicTypeRegistry     : Adding type registration date -> org.hibernate.type.BasicTypeReference@68a305eb
2024-10-17T19:36:30.117+08:00 DEBUG 51611 --- [           main] org.hibernate.type.BasicTypeRegistry     : Adding type registration java.sql.Date -> org.hibernate.type.BasicTypeReference@68a305eb
2024-10-17T19:36:30.117+08:00 DEBUG 51611 --- [           main] org.hibernate.type.BasicTypeRegistry     : Adding type registration time -> org.hibernate.type.BasicTypeReference@6637a365
2024-10-17T19:36:30.117+08:00 DEBUG 51611 --- [           main] org.hibernate.type.BasicTypeRegistry     : Adding type registration java.sql.Time -> org.hibernate.type.BasicTypeReference@6637a365
2024-10-17T19:36:30.117+08:00 DEBUG 51611 --- [           main] org.hibernate.type.BasicTypeRegistry     : Adding type registration timestamp -> org.hibernate.type.BasicTypeReference@1310fcb0
2024-10-17T19:36:30.117+08:00 DEBUG 51611 --- [           main] org.hibernate.type.BasicTypeRegistry     : Adding type registration java.sql.Timestamp -> org.hibernate.type.BasicTypeReference@1310fcb0
2024-10-17T19:36:30.117+08:00 DEBUG 51611 --- [           main] org.hibernate.type.BasicTypeRegistry     : Adding type registration java.util.Date -> org.hibernate.type.BasicTypeReference@1310fcb0
2024-10-17T19:36:30.117+08:00 DEBUG 51611 --- [           main] org.hibernate.type.BasicTypeRegistry     : Adding type registration calendar -> org.hibernate.type.BasicTypeReference@1ef31f71
2024-10-17T19:36:30.117+08:00 DEBUG 51611 --- [           main] org.hibernate.type.BasicTypeRegistry     : Adding type registration java.util.Calendar -> org.hibernate.type.BasicTypeReference@1ef31f71
2024-10-17T19:36:30.117+08:00 DEBUG 51611 --- [           main] org.hibernate.type.BasicTypeRegistry     : Adding type registration java.util.GregorianCalendar -> org.hibernate.type.BasicTypeReference@1ef31f71
2024-10-17T19:36:30.117+08:00 DEBUG 51611 --- [           main] org.hibernate.type.BasicTypeRegistry     : Adding type registration calendar_date -> org.hibernate.type.BasicTypeReference@6e8fdd19
2024-10-17T19:36:30.117+08:00 DEBUG 51611 --- [           main] org.hibernate.type.BasicTypeRegistry     : Adding type registration calendar_time -> org.hibernate.type.BasicTypeReference@35787726
2024-10-17T19:36:30.117+08:00 DEBUG 51611 --- [           main] org.hibernate.type.BasicTypeRegistry     : Adding type registration instant -> org.hibernate.type.BasicTypeReference@2199e845
2024-10-17T19:36:30.117+08:00 DEBUG 51611 --- [           main] org.hibernate.type.BasicTypeRegistry     : Adding type registration java.time.Instant -> org.hibernate.type.BasicTypeReference@2199e845
2024-10-17T19:36:30.118+08:00 DEBUG 51611 --- [           main] org.hibernate.type.BasicTypeRegistry     : Adding type registration uuid -> org.hibernate.type.BasicTypeReference@27976390
2024-10-17T19:36:30.118+08:00 DEBUG 51611 --- [           main] org.hibernate.type.BasicTypeRegistry     : Adding type registration java.util.UUID -> org.hibernate.type.BasicTypeReference@27976390
2024-10-17T19:36:30.118+08:00 DEBUG 51611 --- [           main] org.hibernate.type.BasicTypeRegistry     : Adding type registration pg-uuid -> org.hibernate.type.BasicTypeReference@27976390
2024-10-17T19:36:30.118+08:00 DEBUG 51611 --- [           main] org.hibernate.type.BasicTypeRegistry     : Adding type registration uuid-binary -> org.hibernate.type.BasicTypeReference@37e0056e
2024-10-17T19:36:30.118+08:00 DEBUG 51611 --- [           main] org.hibernate.type.BasicTypeRegistry     : Adding type registration uuid-char -> org.hibernate.type.BasicTypeReference@415795f3
2024-10-17T19:36:30.118+08:00 DEBUG 51611 --- [           main] org.hibernate.type.BasicTypeRegistry     : Adding type registration class -> org.hibernate.type.BasicTypeReference@2fe2965c
2024-10-17T19:36:30.118+08:00 DEBUG 51611 --- [           main] org.hibernate.type.BasicTypeRegistry     : Adding type registration java.lang.Class -> org.hibernate.type.BasicTypeReference@2fe2965c
2024-10-17T19:36:30.118+08:00 DEBUG 51611 --- [           main] org.hibernate.type.BasicTypeRegistry     : Adding type registration currency -> org.hibernate.type.BasicTypeReference@3375ebd3
2024-10-17T19:36:30.118+08:00 DEBUG 51611 --- [           main] org.hibernate.type.BasicTypeRegistry     : Adding type registration Currency -> org.hibernate.type.BasicTypeReference@3375ebd3
2024-10-17T19:36:30.118+08:00 DEBUG 51611 --- [           main] org.hibernate.type.BasicTypeRegistry     : Adding type registration java.util.Currency -> org.hibernate.type.BasicTypeReference@3375ebd3
2024-10-17T19:36:30.118+08:00 DEBUG 51611 --- [           main] org.hibernate.type.BasicTypeRegistry     : Adding type registration locale -> org.hibernate.type.BasicTypeReference@798cb6d9
2024-10-17T19:36:30.118+08:00 DEBUG 51611 --- [           main] org.hibernate.type.BasicTypeRegistry     : Adding type registration java.util.Locale -> org.hibernate.type.BasicTypeReference@798cb6d9
2024-10-17T19:36:30.118+08:00 DEBUG 51611 --- [           main] org.hibernate.type.BasicTypeRegistry     : Adding type registration serializable -> org.hibernate.type.BasicTypeReference@42679fc2
2024-10-17T19:36:30.118+08:00 DEBUG 51611 --- [           main] org.hibernate.type.BasicTypeRegistry     : Adding type registration java.io.Serializable -> org.hibernate.type.BasicTypeReference@42679fc2
2024-10-17T19:36:30.118+08:00 DEBUG 51611 --- [           main] org.hibernate.type.BasicTypeRegistry     : Adding type registration timezone -> org.hibernate.type.BasicTypeReference@5e50df2e
2024-10-17T19:36:30.118+08:00 DEBUG 51611 --- [           main] org.hibernate.type.BasicTypeRegistry     : Adding type registration java.util.TimeZone -> org.hibernate.type.BasicTypeReference@5e50df2e
2024-10-17T19:36:30.118+08:00 DEBUG 51611 --- [           main] org.hibernate.type.BasicTypeRegistry     : Adding type registration ZoneOffset -> org.hibernate.type.BasicTypeReference@100aa331
2024-10-17T19:36:30.118+08:00 DEBUG 51611 --- [           main] org.hibernate.type.BasicTypeRegistry     : Adding type registration java.time.ZoneOffset -> org.hibernate.type.BasicTypeReference@100aa331
2024-10-17T19:36:30.118+08:00 DEBUG 51611 --- [           main] org.hibernate.type.BasicTypeRegistry     : Adding type registration url -> org.hibernate.type.BasicTypeReference@c2cf597
2024-10-17T19:36:30.119+08:00 DEBUG 51611 --- [           main] org.hibernate.type.BasicTypeRegistry     : Adding type registration java.net.URL -> org.hibernate.type.BasicTypeReference@c2cf597
2024-10-17T19:36:30.119+08:00 DEBUG 51611 --- [           main] org.hibernate.type.BasicTypeRegistry     : Adding type registration vector -> org.hibernate.type.BasicTypeReference@724bf25f
2024-10-17T19:36:30.119+08:00 DEBUG 51611 --- [           main] org.hibernate.type.BasicTypeRegistry     : Adding type registration row_version -> org.hibernate.type.BasicTypeReference@2abafa97
2024-10-17T19:36:30.121+08:00 DEBUG 51611 --- [           main] org.hibernate.type.BasicTypeRegistry     : Adding type registration object -> org.hibernate.type.JavaObjectType@265a094b
2024-10-17T19:36:30.121+08:00 DEBUG 51611 --- [           main] org.hibernate.type.BasicTypeRegistry     : Adding type registration java.lang.Object -> org.hibernate.type.JavaObjectType@265a094b
2024-10-17T19:36:30.121+08:00 DEBUG 51611 --- [           main] org.hibernate.type.BasicTypeRegistry     : Adding type registration null -> org.hibernate.type.NullType@1a7cb3a4
2024-10-17T19:36:30.121+08:00 DEBUG 51611 --- [           main] org.hibernate.type.BasicTypeRegistry     : Adding type registration imm_date -> org.hibernate.type.BasicTypeReference@1c297897
2024-10-17T19:36:30.121+08:00 DEBUG 51611 --- [           main] org.hibernate.type.BasicTypeRegistry     : Adding type registration imm_time -> org.hibernate.type.BasicTypeReference@33e0c716
2024-10-17T19:36:30.122+08:00 DEBUG 51611 --- [           main] org.hibernate.type.BasicTypeRegistry     : Adding type registration imm_timestamp -> org.hibernate.type.BasicTypeReference@1d6a8386
2024-10-17T19:36:30.122+08:00 DEBUG 51611 --- [           main] org.hibernate.type.BasicTypeRegistry     : Adding type registration imm_calendar -> org.hibernate.type.BasicTypeReference@6274f21c
2024-10-17T19:36:30.122+08:00 DEBUG 51611 --- [           main] org.hibernate.type.BasicTypeRegistry     : Adding type registration imm_calendar_date -> org.hibernate.type.BasicTypeReference@35cec305
2024-10-17T19:36:30.122+08:00 DEBUG 51611 --- [           main] org.hibernate.type.BasicTypeRegistry     : Adding type registration imm_calendar_time -> org.hibernate.type.BasicTypeReference@237add
2024-10-17T19:36:30.122+08:00 DEBUG 51611 --- [           main] org.hibernate.type.BasicTypeRegistry     : Adding type registration imm_binary -> org.hibernate.type.BasicTypeReference@491cafec
2024-10-17T19:36:30.122+08:00 DEBUG 51611 --- [           main] org.hibernate.type.BasicTypeRegistry     : Adding type registration imm_serializable -> org.hibernate.type.BasicTypeReference@cbd40c1
2024-10-17T19:36:30.124+08:00 DEBUG 51611 --- [           main] o.h.boot.internal.BootstrapContextImpl   : Injecting JPA temp ClassLoader [org.springframework.instrument.classloading.SimpleThrowawayClassLoader@5f6b53ed] into BootstrapContext; was [null]
2024-10-17T19:36:30.124+08:00 DEBUG 51611 --- [           main] o.h.boot.internal.ClassLoaderAccessImpl  : ClassLoaderAccessImpl#injectTempClassLoader(org.springframework.instrument.classloading.SimpleThrowawayClassLoader@5f6b53ed) [was null]
2024-10-17T19:36:30.124+08:00 DEBUG 51611 --- [           main] o.h.boot.internal.BootstrapContextImpl   : Injecting ScanEnvironment [org.hibernate.jpa.boot.internal.StandardJpaScanEnvironmentImpl@5c48b72c] into BootstrapContext; was [null]
2024-10-17T19:36:30.124+08:00 DEBUG 51611 --- [           main] o.h.boot.internal.BootstrapContextImpl   : Injecting ScanOptions [org.hibernate.boot.archive.scan.internal.StandardScanOptions@6e1ae763] into BootstrapContext; was [org.hibernate.boot.archive.scan.internal.StandardScanOptions@62d40e31]
2024-10-17T19:36:30.210+08:00  INFO 51611 --- [           main] o.s.o.j.p.SpringPersistenceUnitInfo      : No LoadTimeWeaver setup: ignoring JPA class transformer
2024-10-17T19:36:30.210+08:00 DEBUG 51611 --- [           main] o.h.boot.internal.BootstrapContextImpl   : Injecting JPA temp ClassLoader [null] into BootstrapContext; was [org.springframework.instrument.classloading.SimpleThrowawayClassLoader@5f6b53ed]
2024-10-17T19:36:30.211+08:00 DEBUG 51611 --- [           main] o.h.boot.internal.ClassLoaderAccessImpl  : ClassLoaderAccessImpl#injectTempClassLoader(null) [was org.springframework.instrument.classloading.SimpleThrowawayClassLoader@5f6b53ed]
2024-10-17T19:36:30.236+08:00 DEBUG 51611 --- [           main] com.zaxxer.hikari.HikariConfig           : HikariPool-1 - configuration:
2024-10-17T19:36:30.239+08:00 DEBUG 51611 --- [           main] com.zaxxer.hikari.HikariConfig           : allowPoolSuspension.............false
2024-10-17T19:36:30.240+08:00 DEBUG 51611 --- [           main] com.zaxxer.hikari.HikariConfig           : autoCommit......................true
2024-10-17T19:36:30.240+08:00 DEBUG 51611 --- [           main] com.zaxxer.hikari.HikariConfig           : catalog.........................none
2024-10-17T19:36:30.240+08:00 DEBUG 51611 --- [           main] com.zaxxer.hikari.HikariConfig           : connectionInitSql...............none
2024-10-17T19:36:30.240+08:00 DEBUG 51611 --- [           main] com.zaxxer.hikari.HikariConfig           : connectionTestQuery.............none
2024-10-17T19:36:30.240+08:00 DEBUG 51611 --- [           main] com.zaxxer.hikari.HikariConfig           : connectionTimeout...............30000
2024-10-17T19:36:30.240+08:00 DEBUG 51611 --- [           main] com.zaxxer.hikari.HikariConfig           : dataSource......................none
2024-10-17T19:36:30.240+08:00 DEBUG 51611 --- [           main] com.zaxxer.hikari.HikariConfig           : dataSourceClassName.............none
2024-10-17T19:36:30.240+08:00 DEBUG 51611 --- [           main] com.zaxxer.hikari.HikariConfig           : dataSourceJNDI..................none
2024-10-17T19:36:30.241+08:00 DEBUG 51611 --- [           main] com.zaxxer.hikari.HikariConfig           : dataSourceProperties............{password=<masked>}
2024-10-17T19:36:30.241+08:00 DEBUG 51611 --- [           main] com.zaxxer.hikari.HikariConfig           : driverClassName................."com.mysql.cj.jdbc.Driver"
2024-10-17T19:36:30.241+08:00 DEBUG 51611 --- [           main] com.zaxxer.hikari.HikariConfig           : exceptionOverrideClassName......none
2024-10-17T19:36:30.241+08:00 DEBUG 51611 --- [           main] com.zaxxer.hikari.HikariConfig           : healthCheckProperties...........{}
2024-10-17T19:36:30.241+08:00 DEBUG 51611 --- [           main] com.zaxxer.hikari.HikariConfig           : healthCheckRegistry.............none
2024-10-17T19:36:30.241+08:00 DEBUG 51611 --- [           main] com.zaxxer.hikari.HikariConfig           : idleTimeout.....................600000
2024-10-17T19:36:30.241+08:00 DEBUG 51611 --- [           main] com.zaxxer.hikari.HikariConfig           : initializationFailTimeout.......1
2024-10-17T19:36:30.241+08:00 DEBUG 51611 --- [           main] com.zaxxer.hikari.HikariConfig           : isolateInternalQueries..........false
2024-10-17T19:36:30.241+08:00 DEBUG 51611 --- [           main] com.zaxxer.hikari.HikariConfig           : jdbcUrl.........................jdbc:mysql://localhost:3306/admin_backend
2024-10-17T19:36:30.241+08:00 DEBUG 51611 --- [           main] com.zaxxer.hikari.HikariConfig           : keepaliveTime...................0
2024-10-17T19:36:30.241+08:00 DEBUG 51611 --- [           main] com.zaxxer.hikari.HikariConfig           : leakDetectionThreshold..........0
2024-10-17T19:36:30.242+08:00 DEBUG 51611 --- [           main] com.zaxxer.hikari.HikariConfig           : maxLifetime.....................1800000
2024-10-17T19:36:30.242+08:00 DEBUG 51611 --- [           main] com.zaxxer.hikari.HikariConfig           : maximumPoolSize.................10
2024-10-17T19:36:30.242+08:00 DEBUG 51611 --- [           main] com.zaxxer.hikari.HikariConfig           : metricRegistry..................none
2024-10-17T19:36:30.242+08:00 DEBUG 51611 --- [           main] com.zaxxer.hikari.HikariConfig           : metricsTrackerFactory...........none
2024-10-17T19:36:30.242+08:00 DEBUG 51611 --- [           main] com.zaxxer.hikari.HikariConfig           : minimumIdle.....................10
2024-10-17T19:36:30.242+08:00 DEBUG 51611 --- [           main] com.zaxxer.hikari.HikariConfig           : password........................<masked>
2024-10-17T19:36:30.242+08:00 DEBUG 51611 --- [           main] com.zaxxer.hikari.HikariConfig           : poolName........................"HikariPool-1"
2024-10-17T19:36:30.242+08:00 DEBUG 51611 --- [           main] com.zaxxer.hikari.HikariConfig           : readOnly........................false
2024-10-17T19:36:30.242+08:00 DEBUG 51611 --- [           main] com.zaxxer.hikari.HikariConfig           : registerMbeans..................false
2024-10-17T19:36:30.242+08:00 DEBUG 51611 --- [           main] com.zaxxer.hikari.HikariConfig           : scheduledExecutor...............none
2024-10-17T19:36:30.242+08:00 DEBUG 51611 --- [           main] com.zaxxer.hikari.HikariConfig           : schema..........................none
2024-10-17T19:36:30.242+08:00 DEBUG 51611 --- [           main] com.zaxxer.hikari.HikariConfig           : threadFactory...................internal
2024-10-17T19:36:30.242+08:00 DEBUG 51611 --- [           main] com.zaxxer.hikari.HikariConfig           : transactionIsolation............default
2024-10-17T19:36:30.242+08:00 DEBUG 51611 --- [           main] com.zaxxer.hikari.HikariConfig           : username........................"root"
2024-10-17T19:36:30.242+08:00 DEBUG 51611 --- [           main] com.zaxxer.hikari.HikariConfig           : validationTimeout...............5000
2024-10-17T19:36:30.242+08:00  INFO 51611 --- [           main] com.zaxxer.hikari.HikariDataSource       : HikariPool-1 - Starting...
2024-10-17T19:36:30.464+08:00 DEBUG 51611 --- [           main] jdk.event.security                       : X509Certificate: Alg:SHA256withRSA, Serial:02, Subject:CN=MySQL_Server_8.4.0_Auto_Generated_Server_Certificate, Issuer:CN=MySQL_Server_8.4.0_Auto_Generated_CA_Certificate, Key type:RSA, Length:2048, Cert Id:3817602312, Valid from:10/13/24, 10:43 PM, Valid until:10/11/34, 10:43 PM
2024-10-17T19:36:30.465+08:00 DEBUG 51611 --- [           main] jdk.event.security                       : X509Certificate: Alg:SHA256withRSA, Serial:01, Subject:CN=MySQL_Server_8.4.0_Auto_Generated_CA_Certificate, Issuer:CN=MySQL_Server_8.4.0_Auto_Generated_CA_Certificate, Key type:RSA, Length:2048, Cert Id:2337804839, Valid from:10/13/24, 10:43 PM, Valid until:10/11/34, 10:43 PM
2024-10-17T19:36:30.472+08:00 DEBUG 51611 --- [           main] jdk.event.security                       :  TLSHandshake: localhost:3306, TLSv1.3, TLS_AES_256_GCM_SHA384, 3817602312
2024-10-17T19:36:30.502+08:00  INFO 51611 --- [           main] com.zaxxer.hikari.pool.HikariPool        : HikariPool-1 - Added connection com.mysql.cj.jdbc.ConnectionImpl@2109a691
2024-10-17T19:36:30.505+08:00  INFO 51611 --- [           main] com.zaxxer.hikari.HikariDataSource       : HikariPool-1 - Start completed.
2024-10-17T19:36:30.507+08:00 DEBUG 51611 --- [           main] o.h.e.j.e.i.JdbcEnvironmentInitiator     : Database ->
       name : MySQL
    version : 8.4.0
      major : 8
      minor : 4
2024-10-17T19:36:30.507+08:00 DEBUG 51611 --- [           main] o.h.e.j.e.i.JdbcEnvironmentInitiator     : Driver ->
       name : MySQL Connector/J
    version : mysql-connector-j-8.3.0 (Revision: 805f872a57875f311cb82487efcfb070411a3fa0)
      major : 8
      minor : 3
2024-10-17T19:36:30.508+08:00 DEBUG 51611 --- [           main] o.h.e.j.e.i.JdbcEnvironmentInitiator     : JDBC version : 4.2
2024-10-17T19:36:30.538+08:00  WARN 51611 --- [           main] org.hibernate.orm.deprecation            : HHH90000025: MySQL8Dialect does not need to be specified explicitly using 'hibernate.dialect' (remove the property setting and it will be selected by default)
2024-10-17T19:36:30.538+08:00 DEBUG 51611 --- [           main] org.hibernate.orm.dialect                : HHH035001: Using dialect: org.hibernate.dialect.MySQL8Dialect, version: 8.0
2024-10-17T19:36:30.538+08:00  WARN 51611 --- [           main] org.hibernate.orm.deprecation            : HHH90000026: MySQL8Dialect has been deprecated; use org.hibernate.dialect.MySQLDialect instead
2024-10-17T19:36:30.541+08:00 DEBUG 51611 --- [           main] o.h.e.j.env.spi.IdentifierHelperBuilder  : JDBC driver metadata reported database stores quoted identifiers in more than one case
2024-10-17T19:36:30.541+08:00 DEBUG 51611 --- [           main] o.h.e.j.env.spi.IdentifierHelperBuilder  : IdentifierCaseStrategy for both quoted and unquoted identifiers was set to the same strategy [MIXED]; that will likely lead to problems in schema update and validation if using quoted identifiers
2024-10-17T19:36:30.552+08:00 DEBUG 51611 --- [           main] o.h.t.d.sql.spi.DdlTypeRegistry          : addDescriptor(12, org.hibernate.type.descriptor.sql.internal.CapacityDependentDdlType@70c56434) replaced previous registration(org.hibernate.type.descriptor.sql.internal.CapacityDependentDdlType@2c3f43d1)
2024-10-17T19:36:30.552+08:00 DEBUG 51611 --- [           main] o.h.t.d.sql.spi.DdlTypeRegistry          : addDescriptor(-9, org.hibernate.type.descriptor.sql.internal.CapacityDependentDdlType@632d4cf2) replaced previous registration(org.hibernate.type.descriptor.sql.internal.CapacityDependentDdlType@f10d055)
2024-10-17T19:36:30.552+08:00 DEBUG 51611 --- [           main] o.h.t.d.sql.spi.DdlTypeRegistry          : addDescriptor(-3, org.hibernate.type.descriptor.sql.internal.CapacityDependentDdlType@542ff147) replaced previous registration(org.hibernate.type.descriptor.sql.internal.CapacityDependentDdlType@2d801d8)
2024-10-17T19:36:30.552+08:00 DEBUG 51611 --- [           main] o.h.t.d.sql.spi.DdlTypeRegistry          : addDescriptor(4003, org.hibernate.type.descriptor.sql.internal.DdlTypeImpl@b9b97ad) replaced previous registration(org.hibernate.type.descriptor.sql.internal.DdlTypeImpl@2807cf3)
2024-10-17T19:36:30.552+08:00 DEBUG 51611 --- [           main] o.h.t.d.sql.spi.DdlTypeRegistry          : addDescriptor(4001, org.hibernate.type.descriptor.sql.internal.DdlTypeImpl@298e002d) replaced previous registration(org.hibernate.type.descriptor.sql.internal.DdlTypeImpl@6b9a1205)
2024-10-17T19:36:30.552+08:00 DEBUG 51611 --- [           main] o.h.t.d.sql.spi.DdlTypeRegistry          : addDescriptor(4002, org.hibernate.type.descriptor.sql.internal.DdlTypeImpl@3c6bd624) replaced previous registration(org.hibernate.type.descriptor.sql.internal.DdlTypeImpl@3d8d52be)
2024-10-17T19:36:30.552+08:00 DEBUG 51611 --- [           main] o.h.t.d.sql.spi.DdlTypeRegistry          : addDescriptor(2004, org.hibernate.type.descriptor.sql.internal.CapacityDependentDdlType@645ba24a) replaced previous registration(org.hibernate.type.descriptor.sql.internal.DdlTypeImpl@5f6a8efe)
2024-10-17T19:36:30.552+08:00 DEBUG 51611 --- [           main] o.h.t.d.sql.spi.DdlTypeRegistry          : addDescriptor(2005, org.hibernate.type.descriptor.sql.internal.CapacityDependentDdlType@3dd2b9c1) replaced previous registration(org.hibernate.type.descriptor.sql.internal.DdlTypeImpl@6a1d1467)
2024-10-17T19:36:30.552+08:00 DEBUG 51611 --- [           main] o.h.t.d.sql.spi.DdlTypeRegistry          : addDescriptor(2011, org.hibernate.type.descriptor.sql.internal.CapacityDependentDdlType@536da29c) replaced previous registration(org.hibernate.type.descriptor.sql.internal.DdlTypeImpl@58fbcb71)
2024-10-17T19:36:30.553+08:00 DEBUG 51611 --- [           main] o.h.t.d.jdbc.spi.JdbcTypeRegistry        : addDescriptor(NCharTypeDescriptor) replaced previous registration(CharTypeDescriptor)
2024-10-17T19:36:30.553+08:00 DEBUG 51611 --- [           main] o.h.t.d.jdbc.spi.JdbcTypeRegistry        : addDescriptor(NVarcharTypeDescriptor) replaced previous registration(VarcharTypeDescriptor)
2024-10-17T19:36:30.553+08:00 DEBUG 51611 --- [           main] o.h.t.d.jdbc.spi.JdbcTypeRegistry        : addDescriptor(LongNVarcharTypeDescriptor) replaced previous registration(LongVarcharTypeDescriptor)
2024-10-17T19:36:30.554+08:00 DEBUG 51611 --- [           main] o.h.t.d.jdbc.spi.JdbcTypeRegistry        : addDescriptor(NClobTypeDescriptor(DEFAULT)) replaced previous registration(ClobTypeDescriptor(DEFAULT))
2024-10-17T19:36:30.554+08:00 DEBUG 51611 --- [           main] o.h.t.d.jdbc.spi.JdbcTypeRegistry        : addDescriptor(2005, ClobTypeDescriptor(STREAM_BINDING)) replaced previous registration(ClobTypeDescriptor(DEFAULT))
2024-10-17T19:36:30.555+08:00 DEBUG 51611 --- [           main] org.hibernate.type.BasicTypeRegistry     : Adding type registration null -> org.hibernate.type.NullType@77ba583
2024-10-17T19:36:30.555+08:00 DEBUG 51611 --- [           main] org.hibernate.type.BasicTypeRegistry     : Type registration key [null] overrode previous entry : `org.hibernate.type.NullType@1a7cb3a4`
2024-10-17T19:36:30.557+08:00 DEBUG 51611 --- [           main] org.hibernate.type.BasicTypeRegistry     : Adding type registration org.hibernate.type.DurationType -> basicType@1(java.time.Duration,3015)
2024-10-17T19:36:30.557+08:00 DEBUG 51611 --- [           main] org.hibernate.type.BasicTypeRegistry     : Adding type registration Duration -> basicType@1(java.time.Duration,3015)
2024-10-17T19:36:30.557+08:00 DEBUG 51611 --- [           main] org.hibernate.type.BasicTypeRegistry     : Adding type registration java.time.Duration -> basicType@1(java.time.Duration,3015)
2024-10-17T19:36:30.558+08:00 DEBUG 51611 --- [           main] org.hibernate.type.BasicTypeRegistry     : Adding type registration org.hibernate.type.OffsetDateTimeType -> basicType@2(java.time.OffsetDateTime,3003)
2024-10-17T19:36:30.558+08:00 DEBUG 51611 --- [           main] org.hibernate.type.BasicTypeRegistry     : Adding type registration OffsetDateTime -> basicType@2(java.time.OffsetDateTime,3003)
2024-10-17T19:36:30.558+08:00 DEBUG 51611 --- [           main] org.hibernate.type.BasicTypeRegistry     : Adding type registration java.time.OffsetDateTime -> basicType@2(java.time.OffsetDateTime,3003)
2024-10-17T19:36:30.559+08:00 DEBUG 51611 --- [           main] org.hibernate.type.BasicTypeRegistry     : Adding type registration org.hibernate.type.ZonedDateTimeType -> basicType@3(java.time.ZonedDateTime,3003)
2024-10-17T19:36:30.559+08:00 DEBUG 51611 --- [           main] org.hibernate.type.BasicTypeRegistry     : Adding type registration ZonedDateTime -> basicType@3(java.time.ZonedDateTime,3003)
2024-10-17T19:36:30.559+08:00 DEBUG 51611 --- [           main] org.hibernate.type.BasicTypeRegistry     : Adding type registration java.time.ZonedDateTime -> basicType@3(java.time.ZonedDateTime,3003)
2024-10-17T19:36:30.559+08:00 DEBUG 51611 --- [           main] org.hibernate.type.BasicTypeRegistry     : Adding type registration org.hibernate.type.OffsetTimeType -> basicType@4(java.time.OffsetTime,3007)
2024-10-17T19:36:30.559+08:00 DEBUG 51611 --- [           main] org.hibernate.type.BasicTypeRegistry     : Adding type registration OffsetTime -> basicType@4(java.time.OffsetTime,3007)
2024-10-17T19:36:30.559+08:00 DEBUG 51611 --- [           main] org.hibernate.type.BasicTypeRegistry     : Adding type registration java.time.OffsetTime -> basicType@4(java.time.OffsetTime,3007)
2024-10-17T19:36:30.559+08:00 DEBUG 51611 --- [           main] o.h.type.spi.TypeConfiguration$Scope     : Scoping TypeConfiguration [org.hibernate.type.spi.TypeConfiguration@100eeedc] to MetadataBuildingContext [org.hibernate.boot.internal.MetadataBuildingContextRootImpl@56266bda]
2024-10-17T19:36:30.576+08:00 DEBUG 51611 --- [           main] o.h.boot.model.relational.Namespace      : Created database namespace [logicalName=Name{catalog=null, schema=null}, physicalName=Name{catalog=null, schema=null}]
2024-10-17T19:36:30.586+08:00 DEBUG 51611 --- [           main] o.h.boot.model.internal.EntityBinder     : Binding entity from annotated class: com.example.admin_backend.Entity.AdminEntity
2024-10-17T19:36:30.589+08:00 DEBUG 51611 --- [           main] o.h.boot.model.internal.EntityBinder     : Import with entity name AdminEntity
2024-10-17T19:36:30.592+08:00 DEBUG 51611 --- [           main] o.h.boot.model.internal.EntityBinder     : Bind entity com.example.admin_backend.Entity.AdminEntity on table tbladmin
2024-10-17T19:36:30.595+08:00 DEBUG 51611 --- [           main] o.h.boot.model.internal.AnnotatedColumn  : Binding column: AnnotatedDiscriminatorColumn(column='DTYPE')
2024-10-17T19:36:30.602+08:00 DEBUG 51611 --- [           main] o.h.boot.model.internal.AnnotatedColumn  : Binding column: AnnotatedColumn(column='adminId')
2024-10-17T19:36:30.603+08:00 DEBUG 51611 --- [           main] o.h.boot.internal.ClassLoaderAccessImpl  : Not known whether passed class name [com.example.admin_backend.Entity.AdminEntity] is safe
2024-10-17T19:36:30.603+08:00 DEBUG 51611 --- [           main] o.h.boot.internal.ClassLoaderAccessImpl  : No temp ClassLoader provided; using live ClassLoader for loading potentially unsafe class : com.example.admin_backend.Entity.AdminEntity
2024-10-17T19:36:30.604+08:00 DEBUG 51611 --- [           main] o.h.boot.model.internal.PropertyBinder   : MetadataSourceProcessor property adminId with lazy=false
2024-10-17T19:36:30.605+08:00 DEBUG 51611 --- [           main] o.h.b.m.internal.AbstractPropertyHolder  : Attempting to locate auto-apply AttributeConverter for property [com.example.admin_backend.Entity.AdminEntity:adminId]
2024-10-17T19:36:30.607+08:00 DEBUG 51611 --- [           main] o.h.b.model.internal.BasicValueBinder    : building BasicValue for adminId
2024-10-17T19:36:30.608+08:00 DEBUG 51611 --- [           main] org.hibernate.mapping.BasicValue         : Skipping column re-registration: tbladmin.adminId
2024-10-17T19:36:30.608+08:00 DEBUG 51611 --- [           main] o.h.boot.model.internal.PropertyBinder   : Building property adminId
2024-10-17T19:36:30.609+08:00 DEBUG 51611 --- [l-1 housekeeper] com.zaxxer.hikari.pool.HikariPool        : HikariPool-1 - Pool stats (total=1, active=0, idle=1, waiting=0)
2024-10-17T19:36:30.610+08:00 DEBUG 51611 --- [           main] o.h.boot.model.internal.BinderHelper     : #makeIdGenerator(BasicValue([Column(adminId)]), adminId, identity, , ...)
2024-10-17T19:36:30.610+08:00 DEBUG 51611 --- [           main] o.h.boot.model.internal.AnnotatedColumn  : Binding column: AnnotatedColumn(column='adminname')
2024-10-17T19:36:30.610+08:00 DEBUG 51611 --- [           main] o.h.boot.model.internal.PropertyBinder   : MetadataSourceProcessor property adminname with lazy=false
2024-10-17T19:36:30.611+08:00 DEBUG 51611 --- [           main] o.h.b.m.internal.AbstractPropertyHolder  : Attempting to locate auto-apply AttributeConverter for property [com.example.admin_backend.Entity.AdminEntity:adminname]
2024-10-17T19:36:30.611+08:00 DEBUG 51611 --- [           main] o.h.b.model.internal.BasicValueBinder    : building BasicValue for adminname
2024-10-17T19:36:30.611+08:00 DEBUG 51611 --- [           main] org.hibernate.mapping.BasicValue         : Skipping column re-registration: tbladmin.adminname
2024-10-17T19:36:30.611+08:00 DEBUG 51611 --- [           main] o.h.boot.model.internal.PropertyBinder   : Building property adminname
2024-10-17T19:36:30.611+08:00 DEBUG 51611 --- [           main] o.h.boot.model.internal.AnnotatedColumn  : Binding column: AnnotatedColumn(column='email')
2024-10-17T19:36:30.611+08:00 DEBUG 51611 --- [           main] o.h.boot.model.internal.PropertyBinder   : MetadataSourceProcessor property email with lazy=false
2024-10-17T19:36:30.611+08:00 DEBUG 51611 --- [           main] o.h.b.m.internal.AbstractPropertyHolder  : Attempting to locate auto-apply AttributeConverter for property [com.example.admin_backend.Entity.AdminEntity:email]
2024-10-17T19:36:30.611+08:00 DEBUG 51611 --- [           main] o.h.b.model.internal.BasicValueBinder    : building BasicValue for email
2024-10-17T19:36:30.611+08:00 DEBUG 51611 --- [           main] org.hibernate.mapping.BasicValue         : Skipping column re-registration: tbladmin.email
2024-10-17T19:36:30.611+08:00 DEBUG 51611 --- [           main] o.h.boot.model.internal.PropertyBinder   : Building property email
2024-10-17T19:36:30.611+08:00 DEBUG 51611 --- [           main] o.h.boot.model.internal.AnnotatedColumn  : Binding column: AnnotatedColumn(column='fullname')
2024-10-17T19:36:30.611+08:00 DEBUG 51611 --- [           main] o.h.boot.model.internal.PropertyBinder   : MetadataSourceProcessor property fullName with lazy=false
2024-10-17T19:36:30.611+08:00 DEBUG 51611 --- [           main] o.h.b.m.internal.AbstractPropertyHolder  : Attempting to locate auto-apply AttributeConverter for property [com.example.admin_backend.Entity.AdminEntity:fullName]
2024-10-17T19:36:30.611+08:00 DEBUG 51611 --- [           main] o.h.b.model.internal.BasicValueBinder    : building BasicValue for fullName
2024-10-17T19:36:30.611+08:00 DEBUG 51611 --- [           main] org.hibernate.mapping.BasicValue         : Skipping column re-registration: tbladmin.fullname
2024-10-17T19:36:30.611+08:00 DEBUG 51611 --- [           main] o.h.boot.model.internal.PropertyBinder   : Building property fullName
2024-10-17T19:36:30.612+08:00 DEBUG 51611 --- [           main] o.h.boot.model.internal.AnnotatedColumn  : Binding column: AnnotatedColumn(column='idnumber')
2024-10-17T19:36:30.612+08:00 DEBUG 51611 --- [           main] o.h.boot.model.internal.PropertyBinder   : MetadataSourceProcessor property idNumber with lazy=false
2024-10-17T19:36:30.612+08:00 DEBUG 51611 --- [           main] o.h.b.m.internal.AbstractPropertyHolder  : Attempting to locate auto-apply AttributeConverter for property [com.example.admin_backend.Entity.AdminEntity:idNumber]
2024-10-17T19:36:30.612+08:00 DEBUG 51611 --- [           main] o.h.b.model.internal.BasicValueBinder    : building BasicValue for idNumber
2024-10-17T19:36:30.612+08:00 DEBUG 51611 --- [           main] org.hibernate.mapping.BasicValue         : Skipping column re-registration: tbladmin.idnumber
2024-10-17T19:36:30.612+08:00 DEBUG 51611 --- [           main] o.h.boot.model.internal.PropertyBinder   : Building property idNumber
[...]

   WebServicesAutoConfiguration:
      Did not match:
         - @ConditionalOnClass did not find required class 'org.springframework.ws.transport.http.MessageDispatcherServlet' (OnClassCondition)

   WebSessionIdResolverAutoConfiguration:
      Did not match:
         - @ConditionalOnClass did not find required class 'reactor.core.publisher.Mono' (OnClassCondition)

   WebSocketMessagingAutoConfiguration:
      Did not match:
         - @ConditionalOnClass did not find required class 'org.springframework.web.socket.config.annotation.WebSocketMessageBrokerConfigurer' (OnClassCondition)

   WebSocketReactiveAutoConfiguration:
      Did not match:
         - @ConditionalOnWebApplication did not find reactive web application classes (OnWebApplicationCondition)

   WebSocketServletAutoConfiguration.JettyWebSocketConfiguration:
      Did not match:
         - @ConditionalOnClass did not find required class 'org.eclipse.jetty.ee10.websocket.jakarta.server.config.JakartaWebSocketServletContainerInitializer' (OnClassCondition)

   WebSocketServletAutoConfiguration.UndertowWebSocketConfiguration:
      Did not match:
         - @ConditionalOnClass did not find required class 'io.undertow.websockets.jsr.Bootstrap' (OnClassCondition)

   XADataSourceAutoConfiguration:
      Did not match:
         - @ConditionalOnBean (types: org.springframework.boot.jdbc.XADataSourceWrapper; SearchStrategy: all) did not find any beans of type org.springframework.boot.jdbc.XADataSourceWrapper (OnBeanCondition)
      Matched:
         - @ConditionalOnClass found required classes 'javax.sql.DataSource', 'jakarta.transaction.TransactionManager', 'org.springframework.jdbc.datasource.embedded.EmbeddedDatabaseType' (OnClassCondition)


Exclusions:
-----------

    None


Unconditional classes:
----------------------

    org.springframework.boot.autoconfigure.context.ConfigurationPropertiesAutoConfiguration

    org.springframework.boot.autoconfigure.ssl.SslAutoConfiguration

    org.springframework.boot.autoconfigure.context.LifecycleAutoConfiguration

    org.springframework.boot.autoconfigure.context.PropertyPlaceholderAutoConfiguration

    org.springframework.boot.autoconfigure.availability.ApplicationAvailabilityAutoConfiguration

    org.springframework.boot.autoconfigure.info.ProjectInfoAutoConfiguration



2024-10-17T19:36:31.753+08:00  INFO 51611 --- [           main] c.e.a.AdminBackendApplicationTests       : Started AdminBackendApplicationTests in 2.484 seconds (process running for 3.01)
2024-10-17T19:36:31.754+08:00 DEBUG 51611 --- [           main] o.s.b.a.ApplicationAvailabilityBean      : Application availability state LivenessState changed to CORRECT
2024-10-17T19:36:31.755+08:00 DEBUG 51611 --- [           main] o.s.boot.devtools.restart.Restarter      : Creating new Restarter for thread Thread[#1,main,5,main]
2024-10-17T19:36:31.756+08:00 DEBUG 51611 --- [           main] o.s.b.a.ApplicationAvailabilityBean      : Application availability state ReadinessState changed to ACCEPTING_TRAFFIC
2024-10-17T19:36:31.756+08:00 DEBUG 51611 --- [           main] org.springframework.test.context.cache   : Spring test ApplicationContext cache statistics: [DefaultContextCache@3ede428e size = 1, maxSize = 32, parentContextCount = 0, hitCount = 0, missCount = 1, failureCount = 0]
2024-10-17T19:36:31.756+08:00 DEBUG 51611 --- [           main] o.s.t.c.w.ServletTestExecutionListener   : Setting up MockHttpServletRequest, MockHttpServletResponse, ServletWebRequest, and RequestContextHolder for test class com.example.admin_backend.AdminBackendApplicationTests
2024-10-17T19:36:31.763+08:00 DEBUG 51611 --- [           main] DependencyInjectionTestExecutionListener : Performing dependency injection for test class com.example.admin_backend.AdminBackendApplicationTests
2024-10-17T19:36:31.763+08:00 DEBUG 51611 --- [           main] org.springframework.test.context.cache   : Spring test ApplicationContext cache statistics: [DefaultContextCache@3ede428e size = 1, maxSize = 32, parentContextCount = 0, hitCount = 1, missCount = 1, failureCount = 0]
2024-10-17T19:36:31.764+08:00 DEBUG 51611 --- [           main] org.springframework.test.context.cache   : Spring test ApplicationContext cache statistics: [DefaultContextCache@3ede428e size = 1, maxSize = 32, parentContextCount = 0, hitCount = 2, missCount = 1, failureCount = 0]
2024-10-17T19:36:31.769+08:00 DEBUG 51611 --- [           main] sContextBeforeModesTestExecutionListener : Before test method: class [AdminBackendApplicationTests], method [contextLoads], class annotated with @DirtiesContext [false] with mode [null], method annotated with @DirtiesContext [false] with mode [null]
2024-10-17T19:36:31.770+08:00 DEBUG 51611 --- [           main] org.springframework.test.context.cache   : Spring test ApplicationContext cache statistics: [DefaultContextCache@3ede428e size = 1, maxSize = 32, parentContextCount = 0, hitCount = 3, missCount = 1, failureCount = 0]
2024-10-17T19:36:31.770+08:00 DEBUG 51611 --- [           main] org.springframework.test.context.cache   : Spring test ApplicationContext cache statistics: [DefaultContextCache@3ede428e size = 1, maxSize = 32, parentContextCount = 0, hitCount = 4, missCount = 1, failureCount = 0]
2024-10-17T19:36:31.787+08:00 DEBUG 51611 --- [           main] java.lang.ProcessBuilder                 : ProcessBuilder.start(): pid: 51623, dir: null, cmd: "/opt/homebrew/Cellar/openjdk/23/libexec/openjdk.jdk/Contents/Home/bin/java"

java.lang.RuntimeException: ProcessBuilder.start() debug
	at java.base/java.lang.ProcessBuilder.start(ProcessBuilder.java:1147) ~[na:na]
	at java.base/java.lang.ProcessBuilder.start(ProcessBuilder.java:1089) ~[na:na]
	at net.bytebuddy.agent.ByteBuddyAgent.installExternal(ByteBuddyAgent.java:705) ~[byte-buddy-agent-1.14.16.jar:na]
	at net.bytebuddy.agent.ByteBuddyAgent.install(ByteBuddyAgent.java:636) ~[byte-buddy-agent-1.14.16.jar:na]
	at net.bytebuddy.agent.ByteBuddyAgent.install(ByteBuddyAgent.java:616) ~[byte-buddy-agent-1.14.16.jar:na]
	at net.bytebuddy.agent.ByteBuddyAgent.install(ByteBuddyAgent.java:568) ~[byte-buddy-agent-1.14.16.jar:na]
	at net.bytebuddy.agent.ByteBuddyAgent.install(ByteBuddyAgent.java:545) ~[byte-buddy-agent-1.14.16.jar:na]
	at org.mockito.internal.creation.bytebuddy.InlineDelegateByteBuddyMockMaker.<clinit>(InlineDelegateByteBuddyMockMaker.java:133) ~[mockito-core-5.7.0.jar:na]
	at org.mockito.internal.creation.bytebuddy.InlineByteBuddyMockMaker.<init>(InlineByteBuddyMockMaker.java:23) ~[mockito-core-5.7.0.jar:na]
	at java.base/jdk.internal.reflect.DirectConstructorHandleAccessor.newInstance(DirectConstructorHandleAccessor.java:62) ~[na:na]
	at java.base/java.lang.reflect.Constructor.newInstanceWithCaller(Constructor.java:501) ~[na:na]
	at java.base/java.lang.reflect.Constructor.newInstance(Constructor.java:485) ~[na:na]
	at org.mockito.internal.configuration.plugins.DefaultMockitoPlugins.create(DefaultMockitoPlugins.java:103) ~[mockito-core-5.7.0.jar:na]
	at org.mockito.internal.configuration.plugins.DefaultMockitoPlugins.getDefaultPlugin(DefaultMockitoPlugins.java:79) ~[mockito-core-5.7.0.jar:na]
	at org.mockito.internal.configuration.plugins.PluginLoader.loadPlugin(PluginLoader.java:75) ~[mockito-core-5.7.0.jar:na]
	at org.mockito.internal.configuration.plugins.PluginLoader.loadPlugin(PluginLoader.java:50) ~[mockito-core-5.7.0.jar:na]
	at org.mockito.internal.configuration.plugins.PluginRegistry.<init>(PluginRegistry.java:27) ~[mockito-core-5.7.0.jar:na]
	at org.mockito.internal.configuration.plugins.Plugins.<clinit>(Plugins.java:22) ~[mockito-core-5.7.0.jar:na]
	at org.mockito.internal.MockitoCore.<clinit>(MockitoCore.java:73) ~[mockito-core-5.7.0.jar:na]
	at org.mockito.Mockito.<clinit>(Mockito.java:1683) ~[mockito-core-5.7.0.jar:na]
	at org.springframework.boot.test.mock.mockito.MockReset.get(MockReset.java:105) ~[spring-boot-test-3.2.6.jar:3.2.6]
	at org.springframework.boot.test.mock.mockito.ResetMocksTestExecutionListener.resetMocks(ResetMocksTestExecutionListener.java:85) ~[spring-boot-test-3.2.6.jar:3.2.6]
	at org.springframework.boot.test.mock.mockito.ResetMocksTestExecutionListener.resetMocks(ResetMocksTestExecutionListener.java:73) ~[spring-boot-test-3.2.6.jar:3.2.6]
	at org.springframework.boot.test.mock.mockito.ResetMocksTestExecutionListener.beforeTestMethod(ResetMocksTestExecutionListener.java:60) ~[spring-boot-test-3.2.6.jar:3.2.6]
	at org.springframework.test.context.TestContextManager.beforeTestMethod(TestContextManager.java:320) ~[spring-test-6.1.8.jar:6.1.8]
	at org.springframework.test.context.junit.jupiter.SpringExtension.beforeEach(SpringExtension.java:240) ~[spring-test-6.1.8.jar:6.1.8]
	at org.junit.jupiter.engine.descriptor.TestMethodTestDescriptor.lambda$invokeBeforeEachCallbacks$2(TestMethodTestDescriptor.java:167) ~[junit-jupiter-engine-5.10.2.jar:5.10.2]
	at org.junit.jupiter.engine.descriptor.TestMethodTestDescriptor.lambda$invokeBeforeMethodsOrCallbacksUntilExceptionOccurs$6(TestMethodTestDescriptor.java:203) ~[junit-jupiter-engine-5.10.2.jar:5.10.2]
	at org.junit.platform.engine.support.hierarchical.ThrowableCollector.execute(ThrowableCollector.java:73) ~[junit-platform-engine-1.10.2.jar:1.10.2]
	at org.junit.jupiter.engine.descriptor.TestMethodTestDescriptor.invokeBeforeMethodsOrCallbacksUntilExceptionOccurs(TestMethodTestDescriptor.java:203) ~[junit-jupiter-engine-5.10.2.jar:5.10.2]
	at org.junit.jupiter.engine.descriptor.TestMethodTestDescriptor.invokeBeforeEachCallbacks(TestMethodTestDescriptor.java:166) ~[junit-jupiter-engine-5.10.2.jar:5.10.2]
	at org.junit.jupiter.engine.descriptor.TestMethodTestDescriptor.execute(TestMethodTestDescriptor.java:133) ~[junit-jupiter-engine-5.10.2.jar:5.10.2]
	at org.junit.jupiter.engine.descriptor.TestMethodTestDescriptor.execute(TestMethodTestDescriptor.java:69) ~[junit-jupiter-engine-5.10.2.jar:5.10.2]
	at org.junit.platform.engine.support.hierarchical.NodeTestTask.lambda$executeRecursively$6(NodeTestTask.java:151) ~[junit-platform-engine-1.10.2.jar:1.10.2]
	at org.junit.platform.engine.support.hierarchical.ThrowableCollector.execute(ThrowableCollector.java:73) ~[junit-platform-engine-1.10.2.jar:1.10.2]
	at org.junit.platform.engine.support.hierarchical.NodeTestTask.lambda$executeRecursively$8(NodeTestTask.java:141) ~[junit-platform-engine-1.10.2.jar:1.10.2]
	at org.junit.platform.engine.support.hierarchical.Node.around(Node.java:137) ~[junit-platform-engine-1.10.2.jar:1.10.2]
	at org.junit.platform.engine.support.hierarchical.NodeTestTask.lambda$executeRecursively$9(NodeTestTask.java:139) ~[junit-platform-engine-1.10.2.jar:1.10.2]
	at org.junit.platform.engine.support.hierarchical.ThrowableCollector.execute(ThrowableCollector.java:73) ~[junit-platform-engine-1.10.2.jar:1.10.2]
	at org.junit.platform.engine.support.hierarchical.NodeTestTask.executeRecursively(NodeTestTask.java:138) ~[junit-platform-engine-1.10.2.jar:1.10.2]
	at org.junit.platform.engine.support.hierarchical.NodeTestTask.execute(NodeTestTask.java:95) ~[junit-platform-engine-1.10.2.jar:1.10.2]
	at java.base/java.util.ArrayList.forEach(ArrayList.java:1597) ~[na:na]
	at org.junit.platform.engine.support.hierarchical.SameThreadHierarchicalTestExecutorService.invokeAll(SameThreadHierarchicalTestExecutorService.java:41) ~[junit-platform-engine-1.10.2.jar:1.10.2]
	at org.junit.platform.engine.support.hierarchical.NodeTestTask.lambda$executeRecursively$6(NodeTestTask.java:155) ~[junit-platform-engine-1.10.2.jar:1.10.2]
	at org.junit.platform.engine.support.hierarchical.ThrowableCollector.execute(ThrowableCollector.java:73) ~[junit-platform-engine-1.10.2.jar:1.10.2]
	at org.junit.platform.engine.support.hierarchical.NodeTestTask.lambda$executeRecursively$8(NodeTestTask.java:141) ~[junit-platform-engine-1.10.2.jar:1.10.2]
	at org.junit.platform.engine.support.hierarchical.Node.around(Node.java:137) ~[junit-platform-engine-1.10.2.jar:1.10.2]
	at org.junit.platform.engine.support.hierarchical.NodeTestTask.lambda$executeRecursively$9(NodeTestTask.java:139) ~[junit-platform-engine-1.10.2.jar:1.10.2]
	at org.junit.platform.engine.support.hierarchical.ThrowableCollector.execute(ThrowableCollector.java:73) ~[junit-platform-engine-1.10.2.jar:1.10.2]
	at org.junit.platform.engine.support.hierarchical.NodeTestTask.executeRecursively(NodeTestTask.java:138) ~[junit-platform-engine-1.10.2.jar:1.10.2]
	at org.junit.platform.engine.support.hierarchical.NodeTestTask.execute(NodeTestTask.java:95) ~[junit-platform-engine-1.10.2.jar:1.10.2]
	at java.base/java.util.ArrayList.forEach(ArrayList.java:1597) ~[na:na]
	at org.junit.platform.engine.support.hierarchical.SameThreadHierarchicalTestExecutorService.invokeAll(SameThreadHierarchicalTestExecutorService.java:41) ~[junit-platform-engine-1.10.2.jar:1.10.2]
	at org.junit.platform.engine.support.hierarchical.NodeTestTask.lambda$executeRecursively$6(NodeTestTask.java:155) ~[junit-platform-engine-1.10.2.jar:1.10.2]
	at org.junit.platform.engine.support.hierarchical.ThrowableCollector.execute(ThrowableCollector.java:73) ~[junit-platform-engine-1.10.2.jar:1.10.2]
	at org.junit.platform.engine.support.hierarchical.NodeTestTask.lambda$executeRecursively$8(NodeTestTask.java:141) ~[junit-platform-engine-1.10.2.jar:1.10.2]
	at org.junit.platform.engine.support.hierarchical.Node.around(Node.java:137) ~[junit-platform-engine-1.10.2.jar:1.10.2]
	at org.junit.platform.engine.support.hierarchical.NodeTestTask.lambda$executeRecursively$9(NodeTestTask.java:139) ~[junit-platform-engine-1.10.2.jar:1.10.2]
	at org.junit.platform.engine.support.hierarchical.ThrowableCollector.execute(ThrowableCollector.java:73) ~[junit-platform-engine-1.10.2.jar:1.10.2]
	at org.junit.platform.engine.support.hierarchical.NodeTestTask.executeRecursively(NodeTestTask.java:138) ~[junit-platform-engine-1.10.2.jar:1.10.2]
	at org.junit.platform.engine.support.hierarchical.NodeTestTask.execute(NodeTestTask.java:95) ~[junit-platform-engine-1.10.2.jar:1.10.2]
	at org.junit.platform.engine.support.hierarchical.SameThreadHierarchicalTestExecutorService.submit(SameThreadHierarchicalTestExecutorService.java:35) ~[junit-platform-engine-1.10.2.jar:1.10.2]
	at org.junit.platform.engine.support.hierarchical.HierarchicalTestExecutor.execute(HierarchicalTestExecutor.java:57) ~[junit-platform-engine-1.10.2.jar:1.10.2]
	at org.junit.platform.engine.support.hierarchical.HierarchicalTestEngine.execute(HierarchicalTestEngine.java:54) ~[junit-platform-engine-1.10.2.jar:1.10.2]
	at org.junit.platform.launcher.core.EngineExecutionOrchestrator.execute(EngineExecutionOrchestrator.java:198) ~[junit-platform-launcher-1.10.2.jar:1.10.2]
	at org.junit.platform.launcher.core.EngineExecutionOrchestrator.execute(EngineExecutionOrchestrator.java:169) ~[junit-platform-launcher-1.10.2.jar:1.10.2]
	at org.junit.platform.launcher.core.EngineExecutionOrchestrator.execute(EngineExecutionOrchestrator.java:93) ~[junit-platform-launcher-1.10.2.jar:1.10.2]
	at org.junit.platform.launcher.core.EngineExecutionOrchestrator.lambda$execute$0(EngineExecutionOrchestrator.java:58) ~[junit-platform-launcher-1.10.2.jar:1.10.2]
	at org.junit.platform.launcher.core.EngineExecutionOrchestrator.withInterceptedStreams(EngineExecutionOrchestrator.java:141) ~[junit-platform-launcher-1.10.2.jar:1.10.2]
	at org.junit.platform.launcher.core.EngineExecutionOrchestrator.execute(EngineExecutionOrchestrator.java:57) ~[junit-platform-launcher-1.10.2.jar:1.10.2]
	at org.junit.platform.launcher.core.DefaultLauncher.execute(DefaultLauncher.java:103) ~[junit-platform-launcher-1.10.2.jar:1.10.2]
	at org.junit.platform.launcher.core.DefaultLauncher.execute(DefaultLauncher.java:85) ~[junit-platform-launcher-1.10.2.jar:1.10.2]
	at org.junit.platform.launcher.core.DelegatingLauncher.execute(DelegatingLauncher.java:47) ~[junit-platform-launcher-1.10.2.jar:1.10.2]
	at org.apache.maven.surefire.junitplatform.LazyLauncher.execute(LazyLauncher.java:56) ~[surefire-junit-platform-3.1.2.jar:3.1.2]
	at org.apache.maven.surefire.junitplatform.JUnitPlatformProvider.execute(JUnitPlatformProvider.java:184) ~[surefire-junit-platform-3.1.2.jar:3.1.2]
	at org.apache.maven.surefire.junitplatform.JUnitPlatformProvider.invokeAllTests(JUnitPlatformProvider.java:148) ~[surefire-junit-platform-3.1.2.jar:3.1.2]
	at org.apache.maven.surefire.junitplatform.JUnitPlatformProvider.invoke(JUnitPlatformProvider.java:122) ~[surefire-junit-platform-3.1.2.jar:3.1.2]
	at org.apache.maven.surefire.booter.ForkedBooter.runSuitesInProcess(ForkedBooter.java:385) ~[surefire-booter-3.1.2.jar:3.1.2]
	at org.apache.maven.surefire.booter.ForkedBooter.execute(ForkedBooter.java:162) ~[surefire-booter-3.1.2.jar:3.1.2]
	at org.apache.maven.surefire.booter.ForkedBooter.run(ForkedBooter.java:507) ~[surefire-booter-3.1.2.jar:3.1.2]
	at org.apache.maven.surefire.booter.ForkedBooter.main(ForkedBooter.java:495) ~[surefire-booter-3.1.2.jar:3.1.2]

2024-10-17T19:36:32.087+08:00 DEBUG 51611 --- [           main] org.springframework.test.context.cache   : Spring test ApplicationContext cache statistics: [DefaultContextCache@3ede428e size = 1, maxSize = 32, parentContextCount = 0, hitCount = 5, missCount = 1, failureCount = 0]
2024-10-17T19:36:32.091+08:00 DEBUG 51611 --- [           main] org.springframework.test.context.cache   : Spring test ApplicationContext cache statistics: [DefaultContextCache@3ede428e size = 1, maxSize = 32, parentContextCount = 0, hitCount = 6, missCount = 1, failureCount = 0]
2024-10-17T19:36:32.091+08:00 DEBUG 51611 --- [           main] org.springframework.test.context.cache   : Spring test ApplicationContext cache statistics: [DefaultContextCache@3ede428e size = 1, maxSize = 32, parentContextCount = 0, hitCount = 7, missCount = 1, failureCount = 0]
2024-10-17T19:36:32.091+08:00 DEBUG 51611 --- [           main] org.springframework.test.context.cache   : Spring test ApplicationContext cache statistics: [DefaultContextCache@3ede428e size = 1, maxSize = 32, parentContextCount = 0, hitCount = 8, missCount = 1, failureCount = 0]
2024-10-17T19:36:32.091+08:00 DEBUG 51611 --- [           main] org.springframework.test.context.cache   : Spring test ApplicationContext cache statistics: [DefaultContextCache@3ede428e size = 1, maxSize = 32, parentContextCount = 0, hitCount = 9, missCount = 1, failureCount = 0]
2024-10-17T19:36:32.092+08:00 DEBUG 51611 --- [           main] org.springframework.test.context.cache   : Spring test ApplicationContext cache statistics: [DefaultContextCache@3ede428e size = 1, maxSize = 32, parentContextCount = 0, hitCount = 10, missCount = 1, failureCount = 0]
2024-10-17T19:36:32.092+08:00 DEBUG 51611 --- [           main] org.springframework.test.context.cache   : Spring test ApplicationContext cache statistics: [DefaultContextCache@3ede428e size = 1, maxSize = 32, parentContextCount = 0, hitCount = 11, missCount = 1, failureCount = 0]
2024-10-17T19:36:32.093+08:00 DEBUG 51611 --- [           main] .c.s.DirtiesContextTestExecutionListener : After test method: class [AdminBackendApplicationTests], method [contextLoads], class annotated with @DirtiesContext [false] with mode [null], method annotated with @DirtiesContext [false] with mode [null]
2024-10-17T19:36:32.093+08:00 DEBUG 51611 --- [           main] o.s.t.c.w.ServletTestExecutionListener   : Resetting RequestContextHolder for test class com.example.admin_backend.AdminBackendApplicationTests
]]></system-out>
    <system-err><![CDATA[WARNING: A Java agent has been loaded dynamically (/Users/richardmolina/.m2/repository/net/bytebuddy/byte-buddy-agent/1.14.16/byte-buddy-agent-1.14.16.jar)
WARNING: If a serviceability tool is in use, please run with -XX:+EnableDynamicAgentLoading to hide this warning
WARNING: If a serviceability tool is not in use, please run with -Djdk.instrument.traceUsage for more information
WARNING: Dynamic loading of agents will be disallowed by default in a future release
]]></system-err>
  </testcase>
</testsuite>