<?xml version="1.0" encoding="UTF-8"?>
<testsuite xmlns:xsi="http://www.w3.org/2001/XMLSchema-instance" xsi:noNamespaceSchemaLocation="https://maven.apache.org/surefire/maven-surefire-plugin/xsd/surefire-test-report-3.0.xsd" version="3.0" name="com.example.admin_backend.AdminBackendApplicationTests" time="4.028" tests="1" errors="0" skipped="0" failures="0">
  <properties>
[...]
</properties>
  <testcase name="contextLoads" classname="com.example.admin_backend.AdminBackendApplicationTests" time="0.397">
    <system-out><![CDATA[12:16:53.134 [main] INFO org.springframework.test.context.support.AnnotationConfigContextLoaderUtils -- Could not detect default configuration classes for test class [com.example.admin_backend.AdminBackendApplicationTests]: AdminBackendApplicationTests does not declare any static, non-private, non-final, nested classes annotated with @Configuration.
12:16:53.204 [main] INFO org.springframework.boot.test.context.SpringBootTestContextBootstrapper -- Found @SpringBootConfiguration com.example.admin_backend.AdminBackendApplication for test class com.example.admin_backend.AdminBackendApplicationTests
12:16:53.308 [main] INFO org.springframework.boot.devtools.restart.RestartApplicationListener -- Restart disabled due to context in which it is running

  .   ____          _            __ _ _
 /\\ / ___'_ __ _ _(_)_ __  __ _ \ \ \ \
( ( )\___ | '_ | '_| | '_ \/ _` | \ \ \ \
 \\/  ___)| |_)| | | | | || (_| |  ) ) ) )
  '  |____| .__|_| |_|_| |_\__, | / / / /
 =========|_|==============|___/=/_/_/_/
 :: Spring Boot ::                (v3.2.6)

2024-10-12T12:16:53.479+08:00  INFO 11496 --- [           main] c.e.a.AdminBackendApplicationTests       : Starting AdminBackendApplicationTests using Java 17.0.12 with PID 11496 (started by richardmolina in /Users/richardmolina/Downloads/admin_backend)
2024-10-12T12:16:53.479+08:00 DEBUG 11496 --- [           main] c.e.a.AdminBackendApplicationTests       : Running with Spring Boot v3.2.6, Spring v6.1.8
2024-10-12T12:16:53.480+08:00  INFO 11496 --- [           main] c.e.a.AdminBackendApplicationTests       : No active profile set, falling back to 1 default profile: "default"
2024-10-12T12:16:53.480+08:00 DEBUG 11496 --- [           main] o.s.boot.SpringApplication               : Loading source class com.example.admin_backend.AdminBackendApplication
2024-10-12T12:16:53.503+08:00 DEBUG 11496 --- [           main] o.s.w.c.s.GenericWebApplicationContext   : Refreshing org.springframework.web.context.support.GenericWebApplicationContext@78461bc4
2024-10-12T12:16:53.522+08:00 DEBUG 11496 --- [           main] o.s.b.f.s.DefaultListableBeanFactory     : Creating shared instance of singleton bean 'org.springframework.context.annotation.internalConfigurationAnnotationProcessor'
2024-10-12T12:16:53.531+08:00 DEBUG 11496 --- [           main] o.s.b.f.s.DefaultListableBeanFactory     : Creating shared instance of singleton bean 'org.springframework.boot.autoconfigure.internalCachingMetadataReaderFactory'
2024-10-12T12:16:53.565+08:00 DEBUG 11496 --- [           main] o.s.c.a.ClassPathBeanDefinitionScanner   : Identified candidate component class: file [/Users/richardmolina/Downloads/admin_backend/target/classes/com/example/admin_backend/Controller/AdminController.class]
2024-10-12T12:16:53.567+08:00 DEBUG 11496 --- [           main] o.s.c.a.ClassPathBeanDefinitionScanner   : Identified candidate component class: file [/Users/richardmolina/Downloads/admin_backend/target/classes/com/example/admin_backend/Controller/CommentController.class]
2024-10-12T12:16:53.568+08:00 DEBUG 11496 --- [           main] o.s.c.a.ClassPathBeanDefinitionScanner   : Identified candidate component class: file [/Users/richardmolina/Downloads/admin_backend/target/classes/com/example/admin_backend/Controller/OfficeController.class]
2024-10-12T12:16:53.568+08:00 DEBUG 11496 --- [           main] o.s.c.a.ClassPathBeanDefinitionScanner   : Identified candidate component class: file [/Users/richardmolina/Downloads/admin_backend/target/classes/com/example/admin_backend/Controller/PostController.class]
2024-10-12T12:16:53.569+08:00 DEBUG 11496 --- [           main] o.s.c.a.ClassPathBeanDefinitionScanner   : Identified candidate component class: file [/Users/richardmolina/Downloads/admin_backend/target/classes/com/example/admin_backend/Controller/ProfileController.class]
2024-10-12T12:16:53.569+08:00 DEBUG 11496 --- [           main] o.s.c.a.ClassPathBeanDefinitionScanner   : Identified candidate component class: file [/Users/richardmolina/Downloads/admin_backend/target/classes/com/example/admin_backend/Controller/SuperUserController.class]
2024-10-12T12:16:53.570+08:00 DEBUG 11496 --- [           main] o.s.c.a.ClassPathBeanDefinitionScanner   : Identified candidate component class: file [/Users/richardmolina/Downloads/admin_backend/target/classes/com/example/admin_backend/Controller/SuperUserProfileController.class]
2024-10-12T12:16:53.573+08:00 DEBUG 11496 --- [           main] o.s.c.a.ClassPathBeanDefinitionScanner   : Ignored because not a concrete top-level class: file [/Users/richardmolina/Downloads/admin_backend/target/classes/com/example/admin_backend/Repository/AdminRepository.class]
2024-10-12T12:16:53.573+08:00 DEBUG 11496 --- [           main] o.s.c.a.ClassPathBeanDefinitionScanner   : Ignored because not a concrete top-level class: file [/Users/richardmolina/Downloads/admin_backend/target/classes/com/example/admin_backend/Repository/CommentRepository.class]
2024-10-12T12:16:53.574+08:00 DEBUG 11496 --- [           main] o.s.c.a.ClassPathBeanDefinitionScanner   : Ignored because not a concrete top-level class: file [/Users/richardmolina/Downloads/admin_backend/target/classes/com/example/admin_backend/Repository/OfficeRepository.class]
2024-10-12T12:16:53.574+08:00 DEBUG 11496 --- [           main] o.s.c.a.ClassPathBeanDefinitionScanner   : Ignored because not a concrete top-level class: file [/Users/richardmolina/Downloads/admin_backend/target/classes/com/example/admin_backend/Repository/PostRepository.class]
2024-10-12T12:16:53.575+08:00 DEBUG 11496 --- [           main] o.s.c.a.ClassPathBeanDefinitionScanner   : Ignored because not a concrete top-level class: file [/Users/richardmolina/Downloads/admin_backend/target/classes/com/example/admin_backend/Repository/SuperUserRepository.class]
2024-10-12T12:16:53.575+08:00 DEBUG 11496 --- [           main] o.s.c.a.ClassPathBeanDefinitionScanner   : Identified candidate component class: file [/Users/richardmolina/Downloads/admin_backend/target/classes/com/example/admin_backend/Service/AdminService.class]
2024-10-12T12:16:53.576+08:00 DEBUG 11496 --- [           main] o.s.c.a.ClassPathBeanDefinitionScanner   : Identified candidate component class: file [/Users/richardmolina/Downloads/admin_backend/target/classes/com/example/admin_backend/Service/CommentService.class]
2024-10-12T12:16:53.576+08:00 DEBUG 11496 --- [           main] o.s.c.a.ClassPathBeanDefinitionScanner   : Identified candidate component class: file [/Users/richardmolina/Downloads/admin_backend/target/classes/com/example/admin_backend/Service/OfficeService.class]
2024-10-12T12:16:53.578+08:00 DEBUG 11496 --- [           main] o.s.c.a.ClassPathBeanDefinitionScanner   : Identified candidate component class: file [/Users/richardmolina/Downloads/admin_backend/target/classes/com/example/admin_backend/Service/PostService.class]
2024-10-12T12:16:53.578+08:00 DEBUG 11496 --- [           main] o.s.c.a.ClassPathBeanDefinitionScanner   : Identified candidate component class: file [/Users/richardmolina/Downloads/admin_backend/target/classes/com/example/admin_backend/Service/ProfileService.class]
2024-10-12T12:16:53.578+08:00 DEBUG 11496 --- [           main] o.s.c.a.ClassPathBeanDefinitionScanner   : Identified candidate component class: file [/Users/richardmolina/Downloads/admin_backend/target/classes/com/example/admin_backend/Service/SuperUserProfileService.class]
2024-10-12T12:16:53.579+08:00 DEBUG 11496 --- [           main] o.s.c.a.ClassPathBeanDefinitionScanner   : Identified candidate component class: file [/Users/richardmolina/Downloads/admin_backend/target/classes/com/example/admin_backend/Service/SuperUserService.class]
2024-10-12T12:16:53.998+08:00  INFO 11496 --- [           main] .s.d.r.c.RepositoryConfigurationDelegate : Bootstrapping Spring Data JPA repositories in DEFAULT mode.
2024-10-12T12:16:54.002+08:00 DEBUG 11496 --- [           main] o.s.b.f.s.DefaultListableBeanFactory     : Creating shared instance of singleton bean 'org.springframework.boot.autoconfigure.AutoConfigurationPackages'
2024-10-12T12:16:54.007+08:00 DEBUG 11496 --- [           main] o.s.b.a.AutoConfigurationPackages        : @EnableAutoConfiguration was declared on a class in the package 'com.example.admin_backend'. Automatic @Repository and @Entity scanning is enabled.
2024-10-12T12:16:54.008+08:00 DEBUG 11496 --- [           main] .s.d.r.c.RepositoryConfigurationDelegate : Scanning for JPA repositories in packages com.example.admin_backend.
2024-10-12T12:16:54.014+08:00 DEBUG 11496 --- [           main] o.s.d.r.c.RepositoryComponentProvider    : Identified candidate component class: file [/Users/richardmolina/Downloads/admin_backend/target/classes/com/example/admin_backend/Repository/AdminRepository.class]
2024-10-12T12:16:54.014+08:00 DEBUG 11496 --- [           main] o.s.d.r.c.RepositoryComponentProvider    : Identified candidate component class: file [/Users/richardmolina/Downloads/admin_backend/target/classes/com/example/admin_backend/Repository/CommentRepository.class]
2024-10-12T12:16:54.014+08:00 DEBUG 11496 --- [           main] o.s.d.r.c.RepositoryComponentProvider    : Identified candidate component class: file [/Users/richardmolina/Downloads/admin_backend/target/classes/com/example/admin_backend/Repository/OfficeRepository.class]
2024-10-12T12:16:54.014+08:00 DEBUG 11496 --- [           main] o.s.d.r.c.RepositoryComponentProvider    : Identified candidate component class: file [/Users/richardmolina/Downloads/admin_backend/target/classes/com/example/admin_backend/Repository/PostRepository.class]
2024-10-12T12:16:54.015+08:00 DEBUG 11496 --- [           main] o.s.d.r.c.RepositoryComponentProvider    : Identified candidate component class: file [/Users/richardmolina/Downloads/admin_backend/target/classes/com/example/admin_backend/Repository/ProfileRepository.class]
2024-10-12T12:16:54.015+08:00 DEBUG 11496 --- [           main] o.s.d.r.c.RepositoryComponentProvider    : Identified candidate component class: file [/Users/richardmolina/Downloads/admin_backend/target/classes/com/example/admin_backend/Repository/SuperUserProfileRepository.class]
2024-10-12T12:16:54.015+08:00 DEBUG 11496 --- [           main] o.s.d.r.c.RepositoryComponentProvider    : Identified candidate component class: file [/Users/richardmolina/Downloads/admin_backend/target/classes/com/example/admin_backend/Repository/SuperUserRepository.class]
2024-10-12T12:16:54.040+08:00  INFO 11496 --- [           main] .s.d.r.c.RepositoryConfigurationDelegate : Finished Spring Data repository scanning in 31 ms. Found 7 JPA repository interfaces.
2024-10-12T12:16:54.141+08:00 DEBUG 11496 --- [           main] o.s.b.f.s.DefaultListableBeanFactory     : Creating shared instance of singleton bean 'propertySourcesPlaceholderConfigurer'
2024-10-12T12:16:54.143+08:00 DEBUG 11496 --- [           main] o.s.b.f.s.DefaultListableBeanFactory     : Creating shared instance of singleton bean 'org.springframework.boot.test.mock.mockito.MockitoPostProcessor'
2024-10-12T12:16:54.144+08:00 DEBUG 11496 --- [           main] o.s.b.f.s.DefaultListableBeanFactory     : Creating shared instance of singleton bean 'emBeanDefinitionRegistrarPostProcessor'
2024-10-12T12:16:54.144+08:00 DEBUG 11496 --- [           main] o.s.b.f.s.DefaultListableBeanFactory     : Creating shared instance of singleton bean 'org.springframework.boot.sql.init.dependency.DatabaseInitializationDependencyConfigurer$DependsOnDatabaseInitializationPostProcessor'
2024-10-12T12:16:54.175+08:00 DEBUG 11496 --- [           main] o.s.b.f.s.DefaultListableBeanFactory     : Creating shared instance of singleton bean 'org.springframework.context.event.internalEventListenerProcessor'
2024-10-12T12:16:54.176+08:00 DEBUG 11496 --- [           main] o.s.b.f.s.DefaultListableBeanFactory     : Creating shared instance of singleton bean 'preserveErrorControllerTargetClassPostProcessor'
2024-10-12T12:16:54.177+08:00 DEBUG 11496 --- [           main] o.s.b.f.s.DefaultListableBeanFactory     : Creating shared instance of singleton bean 'org.springframework.context.event.internalEventListenerFactory'
2024-10-12T12:16:54.177+08:00 DEBUG 11496 --- [           main] o.s.b.f.s.DefaultListableBeanFactory     : Creating shared instance of singleton bean 'org.springframework.transaction.config.internalTransactionalEventListenerFactory'
2024-10-12T12:16:54.182+08:00 DEBUG 11496 --- [           main] o.s.b.f.s.DefaultListableBeanFactory     : Creating shared instance of singleton bean 'org.springframework.boot.test.mock.mockito.MockitoPostProcessor$SpyPostProcessor'
2024-10-12T12:16:54.183+08:00 DEBUG 11496 --- [           main] o.s.b.f.s.DefaultListableBeanFactory     : Creating shared instance of singleton bean 'org.springframework.context.annotation.internalAutowiredAnnotationProcessor'
2024-10-12T12:16:54.184+08:00 DEBUG 11496 --- [           main] o.s.b.f.s.DefaultListableBeanFactory     : Creating shared instance of singleton bean 'org.springframework.context.annotation.internalCommonAnnotationProcessor'
2024-10-12T12:16:54.186+08:00 DEBUG 11496 --- [           main] o.s.b.f.s.DefaultListableBeanFactory     : Creating shared instance of singleton bean 'org.springframework.context.annotation.internalPersistenceAnnotationProcessor'
2024-10-12T12:16:54.186+08:00 DEBUG 11496 --- [           main] o.s.b.f.s.DefaultListableBeanFactory     : Creating shared instance of singleton bean 'org.springframework.boot.context.properties.ConfigurationPropertiesBindingPostProcessor'
2024-10-12T12:16:54.187+08:00 DEBUG 11496 --- [           main] o.s.b.f.s.DefaultListableBeanFactory     : Creating shared instance of singleton bean 'org.springframework.boot.context.internalConfigurationPropertiesBinder'
2024-10-12T12:16:54.188+08:00 DEBUG 11496 --- [           main] o.s.b.f.s.DefaultListableBeanFactory     : Creating shared instance of singleton bean 'jdbcConnectionDetailsHikariBeanPostProcessor'
2024-10-12T12:16:54.190+08:00 DEBUG 11496 --- [           main] o.s.b.f.s.DefaultListableBeanFactory     : Creating shared instance of singleton bean 'org.springframework.aop.config.internalAutoProxyCreator'
2024-10-12T12:16:54.201+08:00 DEBUG 11496 --- [           main] o.s.b.f.s.DefaultListableBeanFactory     : Creating shared instance of singleton bean 'persistenceExceptionTranslationPostProcessor'
2024-10-12T12:16:54.212+08:00 DEBUG 11496 --- [           main] o.s.b.f.s.DefaultListableBeanFactory     : Autowiring by type from bean name 'persistenceExceptionTranslationPostProcessor' via factory method to bean named 'environment'
2024-10-12T12:16:54.214+08:00 DEBUG 11496 --- [           main] o.s.b.f.s.DefaultListableBeanFactory     : Creating shared instance of singleton bean 'webServerFactoryCustomizerBeanPostProcessor'
2024-10-12T12:16:54.214+08:00 DEBUG 11496 --- [           main] o.s.b.f.s.DefaultListableBeanFactory     : Creating shared instance of singleton bean 'errorPageRegistrarBeanPostProcessor'
2024-10-12T12:16:54.215+08:00 DEBUG 11496 --- [           main] o.s.b.f.s.DefaultListableBeanFactory     : Creating shared instance of singleton bean 'projectingArgumentResolverBeanPostProcessor'
2024-10-12T12:16:54.215+08:00 DEBUG 11496 --- [           main] o.s.b.f.s.DefaultListableBeanFactory     : Creating shared instance of singleton bean 'org.springframework.transaction.config.internalTransactionAdvisor'
2024-10-12T12:16:54.216+08:00 DEBUG 11496 --- [           main] o.s.b.f.s.DefaultListableBeanFactory     : Creating shared instance of singleton bean 'org.springframework.transaction.annotation.ProxyTransactionManagementConfiguration'
2024-10-12T12:16:54.221+08:00 DEBUG 11496 --- [           main] o.s.b.f.s.DefaultListableBeanFactory     : Creating shared instance of singleton bean 'transactionAttributeSource'
2024-10-12T12:16:54.222+08:00 DEBUG 11496 --- [           main] o.s.b.f.s.DefaultListableBeanFactory     : Creating shared instance of singleton bean 'transactionInterceptor'
2024-10-12T12:16:54.223+08:00 DEBUG 11496 --- [           main] o.s.b.f.s.DefaultListableBeanFactory     : Autowiring by type from bean name 'transactionInterceptor' via factory method to bean named 'transactionAttributeSource'
2024-10-12T12:16:54.233+08:00 DEBUG 11496 --- [           main] o.s.b.f.s.DefaultListableBeanFactory     : Autowiring by type from bean name 'org.springframework.transaction.config.internalTransactionAdvisor' via factory method to bean named 'transactionAttributeSource'
2024-10-12T12:16:54.233+08:00 DEBUG 11496 --- [           main] o.s.b.f.s.DefaultListableBeanFactory     : Autowiring by type from bean name 'org.springframework.transaction.config.internalTransactionAdvisor' via factory method to bean named 'transactionInterceptor'
2024-10-12T12:16:54.245+08:00 DEBUG 11496 --- [           main] o.s.u.c.s.UiApplicationContextUtils      : Unable to locate ThemeSource with name 'themeSource': using default [org.springframework.ui.context.support.ResourceBundleThemeSource@7377781e]
2024-10-12T12:16:54.246+08:00 DEBUG 11496 --- [           main] o.s.b.f.s.DefaultListableBeanFactory     : Creating shared instance of singleton bean 'dataSourceScriptDatabaseInitializer'
2024-10-12T12:16:54.246+08:00 DEBUG 11496 --- [           main] o.s.b.f.s.DefaultListableBeanFactory     : Creating shared instance of singleton bean 'org.springframework.boot.autoconfigure.sql.init.DataSourceInitializationConfiguration'
2024-10-12T12:16:54.247+08:00 DEBUG 11496 --- [           main] o.s.b.f.s.DefaultListableBeanFactory     : Creating shared instance of singleton bean 'dataSource'
2024-10-12T12:16:54.248+08:00 DEBUG 11496 --- [           main] o.s.b.f.s.DefaultListableBeanFactory     : Creating shared instance of singleton bean 'org.springframework.boot.autoconfigure.jdbc.DataSourceConfiguration$Hikari'
2024-10-12T12:16:54.248+08:00 DEBUG 11496 --- [           main] o.s.b.f.s.DefaultListableBeanFactory     : Creating shared instance of singleton bean 'spring.datasource-org.springframework.boot.autoconfigure.jdbc.DataSourceProperties'
2024-10-12T12:16:54.249+08:00 DEBUG 11496 --- [           main] o.s.b.f.s.DefaultListableBeanFactory     : Creating shared instance of singleton bean 'org.springframework.boot.context.properties.BoundConfigurationProperties'
2024-10-12T12:16:54.261+08:00 DEBUG 11496 --- [           main] o.s.b.f.s.DefaultListableBeanFactory     : Creating shared instance of singleton bean 'jdbcConnectionDetails'
2024-10-12T12:16:54.261+08:00 DEBUG 11496 --- [           main] o.s.b.f.s.DefaultListableBeanFactory     : Creating shared instance of singleton bean 'org.springframework.boot.autoconfigure.jdbc.DataSourceAutoConfiguration$PooledDataSourceConfiguration'
2024-10-12T12:16:54.261+08:00 DEBUG 11496 --- [           main] o.s.b.f.s.DefaultListableBeanFactory     : Autowiring by type from bean name 'jdbcConnectionDetails' via factory method to bean named 'spring.datasource-org.springframework.boot.autoconfigure.jdbc.DataSourceProperties'
2024-10-12T12:16:54.262+08:00 DEBUG 11496 --- [           main] o.s.b.f.s.DefaultListableBeanFactory     : Autowiring by type from bean name 'dataSource' via factory method to bean named 'spring.datasource-org.springframework.boot.autoconfigure.jdbc.DataSourceProperties'
2024-10-12T12:16:54.262+08:00 DEBUG 11496 --- [           main] o.s.b.f.s.DefaultListableBeanFactory     : Autowiring by type from bean name 'dataSource' via factory method to bean named 'jdbcConnectionDetails'
2024-10-12T12:16:54.264+08:00 DEBUG 11496 --- [           main] com.zaxxer.hikari.HikariConfig           : Driver class com.mysql.cj.jdbc.Driver found in Thread context class loader jdk.internal.loader.ClassLoaders$AppClassLoader@67424e82
2024-10-12T12:16:54.283+08:00 DEBUG 11496 --- [           main] o.s.b.f.s.DefaultListableBeanFactory     : Creating shared instance of singleton bean 'spring.sql.init-org.springframework.boot.autoconfigure.sql.init.SqlInitializationProperties'
2024-10-12T12:16:54.285+08:00 DEBUG 11496 --- [           main] o.s.b.f.s.DefaultListableBeanFactory     : Autowiring by type from bean name 'dataSourceScriptDatabaseInitializer' via factory method to bean named 'dataSource'
2024-10-12T12:16:54.285+08:00 DEBUG 11496 --- [           main] o.s.b.f.s.DefaultListableBeanFactory     : Autowiring by type from bean name 'dataSourceScriptDatabaseInitializer' via factory method to bean named 'spring.sql.init-org.springframework.boot.autoconfigure.sql.init.SqlInitializationProperties'
2024-10-12T12:16:54.288+08:00 DEBUG 11496 --- [           main] o.s.b.f.s.DefaultListableBeanFactory     : Creating shared instance of singleton bean 'entityManagerFactory'
2024-10-12T12:16:54.289+08:00 DEBUG 11496 --- [           main] o.s.b.f.s.DefaultListableBeanFactory     : Creating shared instance of singleton bean 'org.springframework.boot.autoconfigure.orm.jpa.HibernateJpaConfiguration'
2024-10-12T12:16:54.291+08:00 DEBUG 11496 --- [           main] o.s.b.f.s.DefaultListableBeanFactory     : Creating shared instance of singleton bean 'spring.jpa-org.springframework.boot.autoconfigure.orm.jpa.JpaProperties'
2024-10-12T12:16:54.296+08:00 DEBUG 11496 --- [           main] o.s.b.f.s.DefaultListableBeanFactory     : Creating shared instance of singleton bean 'spring.jpa.hibernate-org.springframework.boot.autoconfigure.orm.jpa.HibernateProperties'
2024-10-12T12:16:54.299+08:00 DEBUG 11496 --- [           main] o.s.b.f.s.DefaultListableBeanFactory     : Autowiring by type from bean name 'org.springframework.boot.autoconfigure.orm.jpa.HibernateJpaConfiguration' via constructor to bean named 'dataSource'
2024-10-12T12:16:54.299+08:00 DEBUG 11496 --- [           main] o.s.b.f.s.DefaultListableBeanFactory     : Autowiring by type from bean name 'org.springframework.boot.autoconfigure.orm.jpa.HibernateJpaConfiguration' via constructor to bean named 'spring.jpa-org.springframework.boot.autoconfigure.orm.jpa.JpaProperties'
2024-10-12T12:16:54.299+08:00 DEBUG 11496 --- [           main] o.s.b.f.s.DefaultListableBeanFactory     : Autowiring by type from bean name 'org.springframework.boot.autoconfigure.orm.jpa.HibernateJpaConfiguration' via constructor to bean named 'org.springframework.beans.factory.support.DefaultListableBeanFactory@71ea1fda'
2024-10-12T12:16:54.299+08:00 DEBUG 11496 --- [           main] o.s.b.f.s.DefaultListableBeanFactory     : Autowiring by type from bean name 'org.springframework.boot.autoconfigure.orm.jpa.HibernateJpaConfiguration' via constructor to bean named 'spring.jpa.hibernate-org.springframework.boot.autoconfigure.orm.jpa.HibernateProperties'
2024-10-12T12:16:54.300+08:00 DEBUG 11496 --- [           main] o.s.b.f.s.DefaultListableBeanFactory     : Creating shared instance of singleton bean 'hikariPoolDataSourceMetadataProvider'
2024-10-12T12:16:54.300+08:00 DEBUG 11496 --- [           main] o.s.b.f.s.DefaultListableBeanFactory     : Creating shared instance of singleton bean 'org.springframework.boot.autoconfigure.jdbc.metadata.DataSourcePoolMetadataProvidersConfiguration$HikariPoolDataSourceMetadataProviderConfiguration'
2024-10-12T12:16:54.305+08:00 DEBUG 11496 --- [           main] o.s.b.f.s.DefaultListableBeanFactory     : Creating shared instance of singleton bean 'entityManagerFactoryBuilder'
2024-10-12T12:16:54.305+08:00 DEBUG 11496 --- [           main] o.s.b.f.s.DefaultListableBeanFactory     : Creating shared instance of singleton bean 'jpaVendorAdapter'
2024-10-12T12:16:54.312+08:00 DEBUG 11496 --- [           main] org.jboss.logging                        : Logging Provider: org.jboss.logging.Slf4jLoggerProvider found via system property
2024-10-12T12:16:54.315+08:00 DEBUG 11496 --- [           main] o.s.b.f.s.DefaultListableBeanFactory     : Autowiring by type from bean name 'entityManagerFactoryBuilder' via factory method to bean named 'jpaVendorAdapter'
2024-10-12T12:16:54.318+08:00 DEBUG 11496 --- [           main] o.s.b.f.s.DefaultListableBeanFactory     : Creating shared instance of singleton bean 'persistenceManagedTypes'
2024-10-12T12:16:54.318+08:00 DEBUG 11496 --- [           main] o.s.b.f.s.DefaultListableBeanFactory     : Autowiring by type from bean name 'persistenceManagedTypes' via factory method to bean named 'org.springframework.beans.factory.support.DefaultListableBeanFactory@71ea1fda'
2024-10-12T12:16:54.318+08:00 DEBUG 11496 --- [           main] o.s.b.f.s.DefaultListableBeanFactory     : Autowiring by type from bean name 'persistenceManagedTypes' via factory method to bean named 'org.springframework.web.context.support.GenericWebApplicationContext@78461bc4'
2024-10-12T12:16:54.323+08:00 DEBUG 11496 --- [           main] o.s.b.f.s.DefaultListableBeanFactory     : Autowiring by type from bean name 'entityManagerFactory' via factory method to bean named 'entityManagerFactoryBuilder'
2024-10-12T12:16:54.323+08:00 DEBUG 11496 --- [           main] o.s.b.f.s.DefaultListableBeanFactory     : Autowiring by type from bean name 'entityManagerFactory' via factory method to bean named 'persistenceManagedTypes'
2024-10-12T12:16:54.333+08:00 DEBUG 11496 --- [           main] j.LocalContainerEntityManagerFactoryBean : Building JPA container EntityManagerFactory for persistence unit 'default'
2024-10-12T12:16:54.356+08:00 DEBUG 11496 --- [           main] o.hibernate.jpa.internal.util.LogHelper  : PersistenceUnitInfo [
	name: default
	persistence provider classname: null
	classloader: jdk.internal.loader.ClassLoaders$AppClassLoader@67424e82
	excludeUnlistedClasses: true
	JTA datasource: null
	Non JTA datasource: HikariDataSource (null)
	Transaction type: RESOURCE_LOCAL
	PU root URL: file:/Users/richardmolina/Downloads/admin_backend/target/test-classes/
	Shared Cache Mode: UNSPECIFIED
	Validation Mode: AUTO
	Jar files URLs []
	Managed classes names [
		com.example.admin_backend.Entity.AdminEntity
		com.example.admin_backend.Entity.CommentEntity
		com.example.admin_backend.Entity.OfficeEntity
		com.example.admin_backend.Entity.PostEntity
		com.example.admin_backend.Entity.ProfileEntity
		com.example.admin_backend.Entity.SuperUserEntity
		com.example.admin_backend.Entity.SuperUserProfileEntity]
	Mapping files names []
	Properties []
2024-10-12T12:16:54.363+08:00 DEBUG 11496 --- [           main] o.h.i.internal.IntegratorServiceImpl     : Adding Integrator [org.hibernate.boot.beanvalidation.BeanValidationIntegrator].
2024-10-12T12:16:54.364+08:00 DEBUG 11496 --- [           main] o.h.i.internal.IntegratorServiceImpl     : Adding Integrator [org.hibernate.cache.internal.CollectionCacheInvalidator].
2024-10-12T12:16:54.394+08:00  INFO 11496 --- [           main] org.hibernate.Version                    : HHH000412: Hibernate ORM core version 6.4.8.Final
2024-10-12T12:16:54.395+08:00 DEBUG 11496 --- [           main] org.hibernate.cfg.Environment            : HHH000206: 'hibernate.properties' not found
2024-10-12T12:16:54.411+08:00 DEBUG 11496 --- [           main] org.hibernate.orm.idgen.factory          : Registering IdentifierGenerator strategy [uuid2] -> [org.hibernate.id.UUIDGenerator]
2024-10-12T12:16:54.411+08:00 DEBUG 11496 --- [           main] org.hibernate.orm.idgen.factory          : Registering IdentifierGenerator strategy [guid] -> [org.hibernate.id.GUIDGenerator]
2024-10-12T12:16:54.411+08:00 DEBUG 11496 --- [           main] org.hibernate.orm.idgen.factory          : Registering IdentifierGenerator strategy [uuid] -> [org.hibernate.id.UUIDHexGenerator]
2024-10-12T12:16:54.411+08:00 DEBUG 11496 --- [           main] org.hibernate.orm.idgen.factory          : Registering IdentifierGenerator strategy [uuid.hex] -> [org.hibernate.id.UUIDHexGenerator]
2024-10-12T12:16:54.412+08:00 DEBUG 11496 --- [           main] org.hibernate.orm.idgen.factory          : Registering IdentifierGenerator strategy [assigned] -> [org.hibernate.id.Assigned]
2024-10-12T12:16:54.412+08:00 DEBUG 11496 --- [           main] org.hibernate.orm.idgen.factory          : Registering IdentifierGenerator strategy [identity] -> [org.hibernate.id.IdentityGenerator]
2024-10-12T12:16:54.412+08:00 DEBUG 11496 --- [           main] org.hibernate.orm.idgen.factory          : Registering IdentifierGenerator strategy [select] -> [org.hibernate.id.SelectGenerator]
2024-10-12T12:16:54.413+08:00 DEBUG 11496 --- [           main] org.hibernate.orm.idgen.factory          : Registering IdentifierGenerator strategy [sequence] -> [org.hibernate.id.enhanced.SequenceStyleGenerator]
2024-10-12T12:16:54.413+08:00 DEBUG 11496 --- [           main] org.hibernate.orm.idgen.factory          : Registering IdentifierGenerator strategy [increment] -> [org.hibernate.id.IncrementGenerator]
2024-10-12T12:16:54.414+08:00 DEBUG 11496 --- [           main] org.hibernate.orm.idgen.factory          : Registering IdentifierGenerator strategy [foreign] -> [org.hibernate.id.ForeignGenerator]
2024-10-12T12:16:54.414+08:00 DEBUG 11496 --- [           main] org.hibernate.orm.idgen.factory          : Registering IdentifierGenerator strategy [enhanced-sequence] -> [org.hibernate.id.enhanced.SequenceStyleGenerator]
2024-10-12T12:16:54.415+08:00 DEBUG 11496 --- [           main] org.hibernate.orm.idgen.factory          : Registering IdentifierGenerator strategy [enhanced-table] -> [org.hibernate.id.enhanced.TableGenerator]
2024-10-12T12:16:54.419+08:00 DEBUG 11496 --- [           main] o.h.c.internal.RegionFactoryInitiator    : Cannot default RegionFactory based on registered strategies as `[]` RegionFactory strategies were registered
2024-10-12T12:16:54.419+08:00  INFO 11496 --- [           main] o.h.c.internal.RegionFactoryInitiator    : HHH000026: Second-level cache disabled
2024-10-12T12:16:54.478+08:00 DEBUG 11496 --- [           main] org.hibernate.type.BasicTypeRegistry     : Adding type registration boolean -> org.hibernate.type.BasicTypeReference@5a622fe8
2024-10-12T12:16:54.478+08:00 DEBUG 11496 --- [           main] org.hibernate.type.BasicTypeRegistry     : Adding type registration boolean -> org.hibernate.type.BasicTypeReference@5a622fe8
2024-10-12T12:16:54.478+08:00 DEBUG 11496 --- [           main] org.hibernate.type.BasicTypeRegistry     : Adding type registration java.lang.Boolean -> org.hibernate.type.BasicTypeReference@5a622fe8
2024-10-12T12:16:54.478+08:00 DEBUG 11496 --- [           main] org.hibernate.type.BasicTypeRegistry     : Adding type registration numeric_boolean -> org.hibernate.type.BasicTypeReference@58f31629
2024-10-12T12:16:54.478+08:00 DEBUG 11496 --- [           main] org.hibernate.type.BasicTypeRegistry     : Adding type registration org.hibernate.type.NumericBooleanConverter -> org.hibernate.type.BasicTypeReference@58f31629
2024-10-12T12:16:54.478+08:00 DEBUG 11496 --- [           main] org.hibernate.type.BasicTypeRegistry     : Adding type registration true_false -> org.hibernate.type.BasicTypeReference@124d26ba
2024-10-12T12:16:54.478+08:00 DEBUG 11496 --- [           main] org.hibernate.type.BasicTypeRegistry     : Adding type registration org.hibernate.type.TrueFalseConverter -> org.hibernate.type.BasicTypeReference@124d26ba
2024-10-12T12:16:54.478+08:00 DEBUG 11496 --- [           main] org.hibernate.type.BasicTypeRegistry     : Adding type registration yes_no -> org.hibernate.type.BasicTypeReference@415d88de
2024-10-12T12:16:54.478+08:00 DEBUG 11496 --- [           main] org.hibernate.type.BasicTypeRegistry     : Adding type registration org.hibernate.type.YesNoConverter -> org.hibernate.type.BasicTypeReference@415d88de
2024-10-12T12:16:54.479+08:00 DEBUG 11496 --- [           main] org.hibernate.type.BasicTypeRegistry     : Adding type registration byte -> org.hibernate.type.BasicTypeReference@a0bf272
2024-10-12T12:16:54.479+08:00 DEBUG 11496 --- [           main] org.hibernate.type.BasicTypeRegistry     : Adding type registration byte -> org.hibernate.type.BasicTypeReference@a0bf272
2024-10-12T12:16:54.479+08:00 DEBUG 11496 --- [           main] org.hibernate.type.BasicTypeRegistry     : Adding type registration java.lang.Byte -> org.hibernate.type.BasicTypeReference@a0bf272
2024-10-12T12:16:54.479+08:00 DEBUG 11496 --- [           main] org.hibernate.type.BasicTypeRegistry     : Adding type registration binary -> org.hibernate.type.BasicTypeReference@4a89ef44
2024-10-12T12:16:54.479+08:00 DEBUG 11496 --- [           main] org.hibernate.type.BasicTypeRegistry     : Adding type registration byte[] -> org.hibernate.type.BasicTypeReference@4a89ef44
2024-10-12T12:16:54.479+08:00 DEBUG 11496 --- [           main] org.hibernate.type.BasicTypeRegistry     : Adding type registration [B -> org.hibernate.type.BasicTypeReference@4a89ef44
2024-10-12T12:16:54.479+08:00 DEBUG 11496 --- [           main] org.hibernate.type.BasicTypeRegistry     : Adding type registration binary_wrapper -> org.hibernate.type.BasicTypeReference@310a7859
2024-10-12T12:16:54.479+08:00 DEBUG 11496 --- [           main] org.hibernate.type.BasicTypeRegistry     : Adding type registration wrapper-binary -> org.hibernate.type.BasicTypeReference@310a7859
2024-10-12T12:16:54.479+08:00 DEBUG 11496 --- [           main] org.hibernate.type.BasicTypeRegistry     : Adding type registration image -> org.hibernate.type.BasicTypeReference@1cbc1dde
2024-10-12T12:16:54.479+08:00 DEBUG 11496 --- [           main] org.hibernate.type.BasicTypeRegistry     : Adding type registration blob -> org.hibernate.type.BasicTypeReference@4971f459
2024-10-12T12:16:54.479+08:00 DEBUG 11496 --- [           main] org.hibernate.type.BasicTypeRegistry     : Adding type registration java.sql.Blob -> org.hibernate.type.BasicTypeReference@4971f459
2024-10-12T12:16:54.479+08:00 DEBUG 11496 --- [           main] org.hibernate.type.BasicTypeRegistry     : Adding type registration materialized_blob -> org.hibernate.type.BasicTypeReference@4c07d1fc
2024-10-12T12:16:54.479+08:00 DEBUG 11496 --- [           main] org.hibernate.type.BasicTypeRegistry     : Adding type registration materialized_blob_wrapper -> org.hibernate.type.BasicTypeReference@2eada095
2024-10-12T12:16:54.479+08:00 DEBUG 11496 --- [           main] org.hibernate.type.BasicTypeRegistry     : Adding type registration short -> org.hibernate.type.BasicTypeReference@52831a73
2024-10-12T12:16:54.479+08:00 DEBUG 11496 --- [           main] org.hibernate.type.BasicTypeRegistry     : Adding type registration short -> org.hibernate.type.BasicTypeReference@52831a73
2024-10-12T12:16:54.479+08:00 DEBUG 11496 --- [           main] org.hibernate.type.BasicTypeRegistry     : Adding type registration java.lang.Short -> org.hibernate.type.BasicTypeReference@52831a73
2024-10-12T12:16:54.479+08:00 DEBUG 11496 --- [           main] org.hibernate.type.BasicTypeRegistry     : Adding type registration integer -> org.hibernate.type.BasicTypeReference@1416ff46
2024-10-12T12:16:54.479+08:00 DEBUG 11496 --- [           main] org.hibernate.type.BasicTypeRegistry     : Adding type registration int -> org.hibernate.type.BasicTypeReference@1416ff46
2024-10-12T12:16:54.479+08:00 DEBUG 11496 --- [           main] org.hibernate.type.BasicTypeRegistry     : Adding type registration java.lang.Integer -> org.hibernate.type.BasicTypeReference@1416ff46
2024-10-12T12:16:54.479+08:00 DEBUG 11496 --- [           main] org.hibernate.type.BasicTypeRegistry     : Adding type registration long -> org.hibernate.type.BasicTypeReference@66ec4409
2024-10-12T12:16:54.480+08:00 DEBUG 11496 --- [           main] org.hibernate.type.BasicTypeRegistry     : Adding type registration long -> org.hibernate.type.BasicTypeReference@66ec4409
2024-10-12T12:16:54.480+08:00 DEBUG 11496 --- [           main] org.hibernate.type.BasicTypeRegistry     : Adding type registration java.lang.Long -> org.hibernate.type.BasicTypeReference@66ec4409
2024-10-12T12:16:54.480+08:00 DEBUG 11496 --- [           main] org.hibernate.type.BasicTypeRegistry     : Adding type registration float -> org.hibernate.type.BasicTypeReference@2506e949
2024-10-12T12:16:54.480+08:00 DEBUG 11496 --- [           main] org.hibernate.type.BasicTypeRegistry     : Adding type registration float -> org.hibernate.type.BasicTypeReference@2506e949
2024-10-12T12:16:54.480+08:00 DEBUG 11496 --- [           main] org.hibernate.type.BasicTypeRegistry     : Adding type registration java.lang.Float -> org.hibernate.type.BasicTypeReference@2506e949
2024-10-12T12:16:54.480+08:00 DEBUG 11496 --- [           main] org.hibernate.type.BasicTypeRegistry     : Adding type registration double -> org.hibernate.type.BasicTypeReference@6f1c3f18
2024-10-12T12:16:54.480+08:00 DEBUG 11496 --- [           main] org.hibernate.type.BasicTypeRegistry     : Adding type registration double -> org.hibernate.type.BasicTypeReference@6f1c3f18
2024-10-12T12:16:54.480+08:00 DEBUG 11496 --- [           main] org.hibernate.type.BasicTypeRegistry     : Adding type registration java.lang.Double -> org.hibernate.type.BasicTypeReference@6f1c3f18
2024-10-12T12:16:54.480+08:00 DEBUG 11496 --- [           main] org.hibernate.type.BasicTypeRegistry     : Adding type registration big_integer -> org.hibernate.type.BasicTypeReference@4c531172
2024-10-12T12:16:54.480+08:00 DEBUG 11496 --- [           main] org.hibernate.type.BasicTypeRegistry     : Adding type registration java.math.BigInteger -> org.hibernate.type.BasicTypeReference@4c531172
2024-10-12T12:16:54.480+08:00 DEBUG 11496 --- [           main] org.hibernate.type.BasicTypeRegistry     : Adding type registration big_decimal -> org.hibernate.type.BasicTypeReference@489bc8fd
2024-10-12T12:16:54.480+08:00 DEBUG 11496 --- [           main] org.hibernate.type.BasicTypeRegistry     : Adding type registration java.math.BigDecimal -> org.hibernate.type.BasicTypeReference@489bc8fd
2024-10-12T12:16:54.480+08:00 DEBUG 11496 --- [           main] org.hibernate.type.BasicTypeRegistry     : Adding type registration character -> org.hibernate.type.BasicTypeReference@5ac53c06
2024-10-12T12:16:54.480+08:00 DEBUG 11496 --- [           main] org.hibernate.type.BasicTypeRegistry     : Adding type registration char -> org.hibernate.type.BasicTypeReference@5ac53c06
2024-10-12T12:16:54.480+08:00 DEBUG 11496 --- [           main] org.hibernate.type.BasicTypeRegistry     : Adding type registration java.lang.Character -> org.hibernate.type.BasicTypeReference@5ac53c06
2024-10-12T12:16:54.480+08:00 DEBUG 11496 --- [           main] org.hibernate.type.BasicTypeRegistry     : Adding type registration character_nchar -> org.hibernate.type.BasicTypeReference@54af3cb9
2024-10-12T12:16:54.480+08:00 DEBUG 11496 --- [           main] org.hibernate.type.BasicTypeRegistry     : Adding type registration string -> org.hibernate.type.BasicTypeReference@236fdf
2024-10-12T12:16:54.480+08:00 DEBUG 11496 --- [           main] org.hibernate.type.BasicTypeRegistry     : Adding type registration java.lang.String -> org.hibernate.type.BasicTypeReference@236fdf
2024-10-12T12:16:54.480+08:00 DEBUG 11496 --- [           main] org.hibernate.type.BasicTypeRegistry     : Adding type registration nstring -> org.hibernate.type.BasicTypeReference@16e99306
2024-10-12T12:16:54.480+08:00 DEBUG 11496 --- [           main] org.hibernate.type.BasicTypeRegistry     : Adding type registration characters -> org.hibernate.type.BasicTypeReference@653fb8d1
2024-10-12T12:16:54.480+08:00 DEBUG 11496 --- [           main] org.hibernate.type.BasicTypeRegistry     : Adding type registration char[] -> org.hibernate.type.BasicTypeReference@653fb8d1
2024-10-12T12:16:54.481+08:00 DEBUG 11496 --- [           main] org.hibernate.type.BasicTypeRegistry     : Adding type registration [C -> org.hibernate.type.BasicTypeReference@653fb8d1
2024-10-12T12:16:54.481+08:00 DEBUG 11496 --- [           main] org.hibernate.type.BasicTypeRegistry     : Adding type registration wrapper-characters -> org.hibernate.type.BasicTypeReference@48581a3b
2024-10-12T12:16:54.481+08:00 DEBUG 11496 --- [           main] org.hibernate.type.BasicTypeRegistry     : Adding type registration text -> org.hibernate.type.BasicTypeReference@531ec978
2024-10-12T12:16:54.481+08:00 DEBUG 11496 --- [           main] org.hibernate.type.BasicTypeRegistry     : Adding type registration ntext -> org.hibernate.type.BasicTypeReference@93501be
2024-10-12T12:16:54.481+08:00 DEBUG 11496 --- [           main] org.hibernate.type.BasicTypeRegistry     : Adding type registration clob -> org.hibernate.type.BasicTypeReference@11d4d979
2024-10-12T12:16:54.481+08:00 DEBUG 11496 --- [           main] org.hibernate.type.BasicTypeRegistry     : Adding type registration java.sql.Clob -> org.hibernate.type.BasicTypeReference@11d4d979
2024-10-12T12:16:54.481+08:00 DEBUG 11496 --- [           main] org.hibernate.type.BasicTypeRegistry     : Adding type registration nclob -> org.hibernate.type.BasicTypeReference@195580ba
2024-10-12T12:16:54.481+08:00 DEBUG 11496 --- [           main] org.hibernate.type.BasicTypeRegistry     : Adding type registration java.sql.NClob -> org.hibernate.type.BasicTypeReference@195580ba
2024-10-12T12:16:54.481+08:00 DEBUG 11496 --- [           main] org.hibernate.type.BasicTypeRegistry     : Adding type registration materialized_clob -> org.hibernate.type.BasicTypeReference@3c25cfe1
2024-10-12T12:16:54.481+08:00 DEBUG 11496 --- [           main] org.hibernate.type.BasicTypeRegistry     : Adding type registration materialized_clob_char_array -> org.hibernate.type.BasicTypeReference@1d3c112a
2024-10-12T12:16:54.481+08:00 DEBUG 11496 --- [           main] org.hibernate.type.BasicTypeRegistry     : Adding type registration materialized_clob_character_array -> org.hibernate.type.BasicTypeReference@2a140ce5
2024-10-12T12:16:54.481+08:00 DEBUG 11496 --- [           main] org.hibernate.type.BasicTypeRegistry     : Adding type registration materialized_nclob -> org.hibernate.type.BasicTypeReference@1f71194d
2024-10-12T12:16:54.481+08:00 DEBUG 11496 --- [           main] org.hibernate.type.BasicTypeRegistry     : Adding type registration materialized_nclob_character_array -> org.hibernate.type.BasicTypeReference@db99785
2024-10-12T12:16:54.481+08:00 DEBUG 11496 --- [           main] org.hibernate.type.BasicTypeRegistry     : Adding type registration materialized_nclob_char_array -> org.hibernate.type.BasicTypeReference@70716259
2024-10-12T12:16:54.481+08:00 DEBUG 11496 --- [           main] org.hibernate.type.BasicTypeRegistry     : Adding type registration Duration -> org.hibernate.type.BasicTypeReference@7a083b96
2024-10-12T12:16:54.481+08:00 DEBUG 11496 --- [           main] org.hibernate.type.BasicTypeRegistry     : Adding type registration java.time.Duration -> org.hibernate.type.BasicTypeReference@7a083b96
2024-10-12T12:16:54.481+08:00 DEBUG 11496 --- [           main] org.hibernate.type.BasicTypeRegistry     : Adding type registration LocalDateTime -> org.hibernate.type.BasicTypeReference@6da4feeb
2024-10-12T12:16:54.481+08:00 DEBUG 11496 --- [           main] org.hibernate.type.BasicTypeRegistry     : Adding type registration java.time.LocalDateTime -> org.hibernate.type.BasicTypeReference@6da4feeb
2024-10-12T12:16:54.481+08:00 DEBUG 11496 --- [           main] org.hibernate.type.BasicTypeRegistry     : Adding type registration LocalDate -> org.hibernate.type.BasicTypeReference@2c604965
2024-10-12T12:16:54.482+08:00 DEBUG 11496 --- [           main] org.hibernate.type.BasicTypeRegistry     : Adding type registration java.time.LocalDate -> org.hibernate.type.BasicTypeReference@2c604965
2024-10-12T12:16:54.482+08:00 DEBUG 11496 --- [           main] org.hibernate.type.BasicTypeRegistry     : Adding type registration LocalTime -> org.hibernate.type.BasicTypeReference@57f8951a
2024-10-12T12:16:54.482+08:00 DEBUG 11496 --- [           main] org.hibernate.type.BasicTypeRegistry     : Adding type registration java.time.LocalTime -> org.hibernate.type.BasicTypeReference@57f8951a
2024-10-12T12:16:54.482+08:00 DEBUG 11496 --- [           main] org.hibernate.type.BasicTypeRegistry     : Adding type registration OffsetDateTime -> org.hibernate.type.BasicTypeReference@6c17c0f8
2024-10-12T12:16:54.482+08:00 DEBUG 11496 --- [           main] org.hibernate.type.BasicTypeRegistry     : Adding type registration java.time.OffsetDateTime -> org.hibernate.type.BasicTypeReference@6c17c0f8
2024-10-12T12:16:54.482+08:00 DEBUG 11496 --- [           main] org.hibernate.type.BasicTypeRegistry     : Adding type registration OffsetDateTimeWithTimezone -> org.hibernate.type.BasicTypeReference@260e3837
2024-10-12T12:16:54.482+08:00 DEBUG 11496 --- [           main] org.hibernate.type.BasicTypeRegistry     : Adding type registration OffsetDateTimeWithoutTimezone -> org.hibernate.type.BasicTypeReference@88b76f2
2024-10-12T12:16:54.482+08:00 DEBUG 11496 --- [           main] org.hibernate.type.BasicTypeRegistry     : Adding type registration OffsetTime -> org.hibernate.type.BasicTypeReference@1b4872bc
2024-10-12T12:16:54.482+08:00 DEBUG 11496 --- [           main] org.hibernate.type.BasicTypeRegistry     : Adding type registration java.time.OffsetTime -> org.hibernate.type.BasicTypeReference@1b4872bc
2024-10-12T12:16:54.482+08:00 DEBUG 11496 --- [           main] org.hibernate.type.BasicTypeRegistry     : Adding type registration OffsetTimeUtc -> org.hibernate.type.BasicTypeReference@498a612d
2024-10-12T12:16:54.482+08:00 DEBUG 11496 --- [           main] org.hibernate.type.BasicTypeRegistry     : Adding type registration OffsetTimeWithTimezone -> org.hibernate.type.BasicTypeReference@1e1237ab
2024-10-12T12:16:54.482+08:00 DEBUG 11496 --- [           main] org.hibernate.type.BasicTypeRegistry     : Adding type registration OffsetTimeWithoutTimezone -> org.hibernate.type.BasicTypeReference@4dfdfe7d
2024-10-12T12:16:54.482+08:00 DEBUG 11496 --- [           main] org.hibernate.type.BasicTypeRegistry     : Adding type registration ZonedDateTime -> org.hibernate.type.BasicTypeReference@1578b8ec
2024-10-12T12:16:54.482+08:00 DEBUG 11496 --- [           main] org.hibernate.type.BasicTypeRegistry     : Adding type registration java.time.ZonedDateTime -> org.hibernate.type.BasicTypeReference@1578b8ec
2024-10-12T12:16:54.482+08:00 DEBUG 11496 --- [           main] org.hibernate.type.BasicTypeRegistry     : Adding type registration ZonedDateTimeWithTimezone -> org.hibernate.type.BasicTypeReference@f613067
2024-10-12T12:16:54.482+08:00 DEBUG 11496 --- [           main] org.hibernate.type.BasicTypeRegistry     : Adding type registration ZonedDateTimeWithoutTimezone -> org.hibernate.type.BasicTypeReference@c1e14f
2024-10-12T12:16:54.482+08:00 DEBUG 11496 --- [           main] org.hibernate.type.BasicTypeRegistry     : Adding type registration date -> org.hibernate.type.BasicTypeReference@226de93c
2024-10-12T12:16:54.482+08:00 DEBUG 11496 --- [           main] org.hibernate.type.BasicTypeRegistry     : Adding type registration java.sql.Date -> org.hibernate.type.BasicTypeReference@226de93c
2024-10-12T12:16:54.482+08:00 DEBUG 11496 --- [           main] org.hibernate.type.BasicTypeRegistry     : Adding type registration time -> org.hibernate.type.BasicTypeReference@72028a45
2024-10-12T12:16:54.482+08:00 DEBUG 11496 --- [           main] org.hibernate.type.BasicTypeRegistry     : Adding type registration java.sql.Time -> org.hibernate.type.BasicTypeReference@72028a45
2024-10-12T12:16:54.482+08:00 DEBUG 11496 --- [           main] org.hibernate.type.BasicTypeRegistry     : Adding type registration timestamp -> org.hibernate.type.BasicTypeReference@74667e6a
2024-10-12T12:16:54.483+08:00 DEBUG 11496 --- [           main] org.hibernate.type.BasicTypeRegistry     : Adding type registration java.sql.Timestamp -> org.hibernate.type.BasicTypeReference@74667e6a
2024-10-12T12:16:54.483+08:00 DEBUG 11496 --- [           main] org.hibernate.type.BasicTypeRegistry     : Adding type registration java.util.Date -> org.hibernate.type.BasicTypeReference@74667e6a
2024-10-12T12:16:54.483+08:00 DEBUG 11496 --- [           main] org.hibernate.type.BasicTypeRegistry     : Adding type registration calendar -> org.hibernate.type.BasicTypeReference@7b222230
2024-10-12T12:16:54.483+08:00 DEBUG 11496 --- [           main] org.hibernate.type.BasicTypeRegistry     : Adding type registration java.util.Calendar -> org.hibernate.type.BasicTypeReference@7b222230
2024-10-12T12:16:54.483+08:00 DEBUG 11496 --- [           main] org.hibernate.type.BasicTypeRegistry     : Adding type registration java.util.GregorianCalendar -> org.hibernate.type.BasicTypeReference@7b222230
2024-10-12T12:16:54.483+08:00 DEBUG 11496 --- [           main] org.hibernate.type.BasicTypeRegistry     : Adding type registration calendar_date -> org.hibernate.type.BasicTypeReference@364b1061
2024-10-12T12:16:54.483+08:00 DEBUG 11496 --- [           main] org.hibernate.type.BasicTypeRegistry     : Adding type registration calendar_time -> org.hibernate.type.BasicTypeReference@50fdf44f
2024-10-12T12:16:54.483+08:00 DEBUG 11496 --- [           main] org.hibernate.type.BasicTypeRegistry     : Adding type registration instant -> org.hibernate.type.BasicTypeReference@172f4514
2024-10-12T12:16:54.483+08:00 DEBUG 11496 --- [           main] org.hibernate.type.BasicTypeRegistry     : Adding type registration java.time.Instant -> org.hibernate.type.BasicTypeReference@172f4514
2024-10-12T12:16:54.483+08:00 DEBUG 11496 --- [           main] org.hibernate.type.BasicTypeRegistry     : Adding type registration uuid -> org.hibernate.type.BasicTypeReference@7df6d663
2024-10-12T12:16:54.483+08:00 DEBUG 11496 --- [           main] org.hibernate.type.BasicTypeRegistry     : Adding type registration java.util.UUID -> org.hibernate.type.BasicTypeReference@7df6d663
2024-10-12T12:16:54.483+08:00 DEBUG 11496 --- [           main] org.hibernate.type.BasicTypeRegistry     : Adding type registration pg-uuid -> org.hibernate.type.BasicTypeReference@7df6d663
2024-10-12T12:16:54.483+08:00 DEBUG 11496 --- [           main] org.hibernate.type.BasicTypeRegistry     : Adding type registration uuid-binary -> org.hibernate.type.BasicTypeReference@13d019a4
2024-10-12T12:16:54.483+08:00 DEBUG 11496 --- [           main] org.hibernate.type.BasicTypeRegistry     : Adding type registration uuid-char -> org.hibernate.type.BasicTypeReference@2c30c81d
2024-10-12T12:16:54.483+08:00 DEBUG 11496 --- [           main] org.hibernate.type.BasicTypeRegistry     : Adding type registration class -> org.hibernate.type.BasicTypeReference@415a3f6a
2024-10-12T12:16:54.483+08:00 DEBUG 11496 --- [           main] org.hibernate.type.BasicTypeRegistry     : Adding type registration java.lang.Class -> org.hibernate.type.BasicTypeReference@415a3f6a
2024-10-12T12:16:54.483+08:00 DEBUG 11496 --- [           main] org.hibernate.type.BasicTypeRegistry     : Adding type registration currency -> org.hibernate.type.BasicTypeReference@a54acec
2024-10-12T12:16:54.483+08:00 DEBUG 11496 --- [           main] org.hibernate.type.BasicTypeRegistry     : Adding type registration Currency -> org.hibernate.type.BasicTypeReference@a54acec
2024-10-12T12:16:54.483+08:00 DEBUG 11496 --- [           main] org.hibernate.type.BasicTypeRegistry     : Adding type registration java.util.Currency -> org.hibernate.type.BasicTypeReference@a54acec
2024-10-12T12:16:54.483+08:00 DEBUG 11496 --- [           main] org.hibernate.type.BasicTypeRegistry     : Adding type registration locale -> org.hibernate.type.BasicTypeReference@19da993b
2024-10-12T12:16:54.483+08:00 DEBUG 11496 --- [           main] org.hibernate.type.BasicTypeRegistry     : Adding type registration java.util.Locale -> org.hibernate.type.BasicTypeReference@19da993b
2024-10-12T12:16:54.483+08:00 DEBUG 11496 --- [           main] org.hibernate.type.BasicTypeRegistry     : Adding type registration serializable -> org.hibernate.type.BasicTypeReference@3380ca3d
2024-10-12T12:16:54.483+08:00 DEBUG 11496 --- [           main] org.hibernate.type.BasicTypeRegistry     : Adding type registration java.io.Serializable -> org.hibernate.type.BasicTypeReference@3380ca3d
2024-10-12T12:16:54.484+08:00 DEBUG 11496 --- [           main] org.hibernate.type.BasicTypeRegistry     : Adding type registration timezone -> org.hibernate.type.BasicTypeReference@23310248
2024-10-12T12:16:54.484+08:00 DEBUG 11496 --- [           main] org.hibernate.type.BasicTypeRegistry     : Adding type registration java.util.TimeZone -> org.hibernate.type.BasicTypeReference@23310248
2024-10-12T12:16:54.484+08:00 DEBUG 11496 --- [           main] org.hibernate.type.BasicTypeRegistry     : Adding type registration ZoneOffset -> org.hibernate.type.BasicTypeReference@c2df90e
2024-10-12T12:16:54.484+08:00 DEBUG 11496 --- [           main] org.hibernate.type.BasicTypeRegistry     : Adding type registration java.time.ZoneOffset -> org.hibernate.type.BasicTypeReference@c2df90e
2024-10-12T12:16:54.484+08:00 DEBUG 11496 --- [           main] org.hibernate.type.BasicTypeRegistry     : Adding type registration url -> org.hibernate.type.BasicTypeReference@41f3aaf1
2024-10-12T12:16:54.484+08:00 DEBUG 11496 --- [           main] org.hibernate.type.BasicTypeRegistry     : Adding type registration java.net.URL -> org.hibernate.type.BasicTypeReference@41f3aaf1
2024-10-12T12:16:54.484+08:00 DEBUG 11496 --- [           main] org.hibernate.type.BasicTypeRegistry     : Adding type registration vector -> org.hibernate.type.BasicTypeReference@741741d0
2024-10-12T12:16:54.484+08:00 DEBUG 11496 --- [           main] org.hibernate.type.BasicTypeRegistry     : Adding type registration row_version -> org.hibernate.type.BasicTypeReference@5f9f3e58
2024-10-12T12:16:54.487+08:00 DEBUG 11496 --- [           main] org.hibernate.type.BasicTypeRegistry     : Adding type registration object -> org.hibernate.type.JavaObjectType@443a53df
2024-10-12T12:16:54.487+08:00 DEBUG 11496 --- [           main] org.hibernate.type.BasicTypeRegistry     : Adding type registration java.lang.Object -> org.hibernate.type.JavaObjectType@443a53df
2024-10-12T12:16:54.487+08:00 DEBUG 11496 --- [           main] org.hibernate.type.BasicTypeRegistry     : Adding type registration null -> org.hibernate.type.NullType@59d0cdb6
2024-10-12T12:16:54.487+08:00 DEBUG 11496 --- [           main] org.hibernate.type.BasicTypeRegistry     : Adding type registration imm_date -> org.hibernate.type.BasicTypeReference@2dfeb141
2024-10-12T12:16:54.487+08:00 DEBUG 11496 --- [           main] org.hibernate.type.BasicTypeRegistry     : Adding type registration imm_time -> org.hibernate.type.BasicTypeReference@629e8212
2024-10-12T12:16:54.487+08:00 DEBUG 11496 --- [           main] org.hibernate.type.BasicTypeRegistry     : Adding type registration imm_timestamp -> org.hibernate.type.BasicTypeReference@498c535d
2024-10-12T12:16:54.487+08:00 DEBUG 11496 --- [           main] org.hibernate.type.BasicTypeRegistry     : Adding type registration imm_calendar -> org.hibernate.type.BasicTypeReference@16ee9aa7
2024-10-12T12:16:54.488+08:00 DEBUG 11496 --- [           main] org.hibernate.type.BasicTypeRegistry     : Adding type registration imm_calendar_date -> org.hibernate.type.BasicTypeReference@4e424582
2024-10-12T12:16:54.488+08:00 DEBUG 11496 --- [           main] org.hibernate.type.BasicTypeRegistry     : Adding type registration imm_calendar_time -> org.hibernate.type.BasicTypeReference@58dad04a
2024-10-12T12:16:54.488+08:00 DEBUG 11496 --- [           main] org.hibernate.type.BasicTypeRegistry     : Adding type registration imm_binary -> org.hibernate.type.BasicTypeReference@73e776b7
2024-10-12T12:16:54.488+08:00 DEBUG 11496 --- [           main] org.hibernate.type.BasicTypeRegistry     : Adding type registration imm_serializable -> org.hibernate.type.BasicTypeReference@113ee1ce
2024-10-12T12:16:54.491+08:00 DEBUG 11496 --- [           main] o.h.boot.internal.BootstrapContextImpl   : Injecting JPA temp ClassLoader [org.springframework.instrument.classloading.SimpleThrowawayClassLoader@7243145f] into BootstrapContext; was [null]
2024-10-12T12:16:54.491+08:00 DEBUG 11496 --- [           main] o.h.boot.internal.ClassLoaderAccessImpl  : ClassLoaderAccessImpl#injectTempClassLoader(org.springframework.instrument.classloading.SimpleThrowawayClassLoader@7243145f) [was null]
2024-10-12T12:16:54.491+08:00 DEBUG 11496 --- [           main] o.h.boot.internal.BootstrapContextImpl   : Injecting ScanEnvironment [org.hibernate.jpa.boot.internal.StandardJpaScanEnvironmentImpl@644d1b61] into BootstrapContext; was [null]
2024-10-12T12:16:54.491+08:00 DEBUG 11496 --- [           main] o.h.boot.internal.BootstrapContextImpl   : Injecting ScanOptions [org.hibernate.boot.archive.scan.internal.StandardScanOptions@2443135] into BootstrapContext; was [org.hibernate.boot.archive.scan.internal.StandardScanOptions@184823ed]
2024-10-12T12:16:54.582+08:00  INFO 11496 --- [           main] o.s.o.j.p.SpringPersistenceUnitInfo      : No LoadTimeWeaver setup: ignoring JPA class transformer
2024-10-12T12:16:54.582+08:00 DEBUG 11496 --- [           main] o.h.boot.internal.BootstrapContextImpl   : Injecting JPA temp ClassLoader [null] into BootstrapContext; was [org.springframework.instrument.classloading.SimpleThrowawayClassLoader@7243145f]
2024-10-12T12:16:54.583+08:00 DEBUG 11496 --- [           main] o.h.boot.internal.ClassLoaderAccessImpl  : ClassLoaderAccessImpl#injectTempClassLoader(null) [was org.springframework.instrument.classloading.SimpleThrowawayClassLoader@7243145f]
2024-10-12T12:16:54.604+08:00 DEBUG 11496 --- [           main] com.zaxxer.hikari.HikariConfig           : HikariPool-1 - configuration:
2024-10-12T12:16:54.607+08:00 DEBUG 11496 --- [           main] com.zaxxer.hikari.HikariConfig           : allowPoolSuspension.............false
2024-10-12T12:16:54.607+08:00 DEBUG 11496 --- [           main] com.zaxxer.hikari.HikariConfig           : autoCommit......................true
2024-10-12T12:16:54.607+08:00 DEBUG 11496 --- [           main] com.zaxxer.hikari.HikariConfig           : catalog.........................none
2024-10-12T12:16:54.607+08:00 DEBUG 11496 --- [           main] com.zaxxer.hikari.HikariConfig           : connectionInitSql...............none
2024-10-12T12:16:54.607+08:00 DEBUG 11496 --- [           main] com.zaxxer.hikari.HikariConfig           : connectionTestQuery.............none
2024-10-12T12:16:54.607+08:00 DEBUG 11496 --- [           main] com.zaxxer.hikari.HikariConfig           : connectionTimeout...............30000
2024-10-12T12:16:54.607+08:00 DEBUG 11496 --- [           main] com.zaxxer.hikari.HikariConfig           : dataSource......................none
2024-10-12T12:16:54.607+08:00 DEBUG 11496 --- [           main] com.zaxxer.hikari.HikariConfig           : dataSourceClassName.............none
2024-10-12T12:16:54.607+08:00 DEBUG 11496 --- [           main] com.zaxxer.hikari.HikariConfig           : dataSourceJNDI..................none
2024-10-12T12:16:54.608+08:00 DEBUG 11496 --- [           main] com.zaxxer.hikari.HikariConfig           : dataSourceProperties............{password=<masked>}
2024-10-12T12:16:54.608+08:00 DEBUG 11496 --- [           main] com.zaxxer.hikari.HikariConfig           : driverClassName................."com.mysql.cj.jdbc.Driver"
2024-10-12T12:16:54.608+08:00 DEBUG 11496 --- [           main] com.zaxxer.hikari.HikariConfig           : exceptionOverrideClassName......none
2024-10-12T12:16:54.609+08:00 DEBUG 11496 --- [           main] com.zaxxer.hikari.HikariConfig           : healthCheckProperties...........{}
2024-10-12T12:16:54.609+08:00 DEBUG 11496 --- [           main] com.zaxxer.hikari.HikariConfig           : healthCheckRegistry.............none
2024-10-12T12:16:54.609+08:00 DEBUG 11496 --- [           main] com.zaxxer.hikari.HikariConfig           : idleTimeout.....................600000
2024-10-12T12:16:54.609+08:00 DEBUG 11496 --- [           main] com.zaxxer.hikari.HikariConfig           : initializationFailTimeout.......1
2024-10-12T12:16:54.609+08:00 DEBUG 11496 --- [           main] com.zaxxer.hikari.HikariConfig           : isolateInternalQueries..........false
2024-10-12T12:16:54.609+08:00 DEBUG 11496 --- [           main] com.zaxxer.hikari.HikariConfig           : jdbcUrl.........................jdbc:mysql://localhost:3306/admin_backend
2024-10-12T12:16:54.609+08:00 DEBUG 11496 --- [           main] com.zaxxer.hikari.HikariConfig           : keepaliveTime...................0
2024-10-12T12:16:54.609+08:00 DEBUG 11496 --- [           main] com.zaxxer.hikari.HikariConfig           : leakDetectionThreshold..........0
2024-10-12T12:16:54.609+08:00 DEBUG 11496 --- [           main] com.zaxxer.hikari.HikariConfig           : maxLifetime.....................1800000
2024-10-12T12:16:54.609+08:00 DEBUG 11496 --- [           main] com.zaxxer.hikari.HikariConfig           : maximumPoolSize.................10
2024-10-12T12:16:54.609+08:00 DEBUG 11496 --- [           main] com.zaxxer.hikari.HikariConfig           : metricRegistry..................none
2024-10-12T12:16:54.609+08:00 DEBUG 11496 --- [           main] com.zaxxer.hikari.HikariConfig           : metricsTrackerFactory...........none
2024-10-12T12:16:54.610+08:00 DEBUG 11496 --- [           main] com.zaxxer.hikari.HikariConfig           : minimumIdle.....................10
2024-10-12T12:16:54.610+08:00 DEBUG 11496 --- [           main] com.zaxxer.hikari.HikariConfig           : password........................<masked>
2024-10-12T12:16:54.610+08:00 DEBUG 11496 --- [           main] com.zaxxer.hikari.HikariConfig           : poolName........................"HikariPool-1"
2024-10-12T12:16:54.610+08:00 DEBUG 11496 --- [           main] com.zaxxer.hikari.HikariConfig           : readOnly........................false
2024-10-12T12:16:54.610+08:00 DEBUG 11496 --- [           main] com.zaxxer.hikari.HikariConfig           : registerMbeans..................false
2024-10-12T12:16:54.610+08:00 DEBUG 11496 --- [           main] com.zaxxer.hikari.HikariConfig           : scheduledExecutor...............none
2024-10-12T12:16:54.610+08:00 DEBUG 11496 --- [           main] com.zaxxer.hikari.HikariConfig           : schema..........................none
2024-10-12T12:16:54.610+08:00 DEBUG 11496 --- [           main] com.zaxxer.hikari.HikariConfig           : threadFactory...................internal
2024-10-12T12:16:54.610+08:00 DEBUG 11496 --- [           main] com.zaxxer.hikari.HikariConfig           : transactionIsolation............default
2024-10-12T12:16:54.610+08:00 DEBUG 11496 --- [           main] com.zaxxer.hikari.HikariConfig           : username........................"root"
2024-10-12T12:16:54.610+08:00 DEBUG 11496 --- [           main] com.zaxxer.hikari.HikariConfig           : validationTimeout...............5000
2024-10-12T12:16:54.610+08:00  INFO 11496 --- [           main] com.zaxxer.hikari.HikariDataSource       : HikariPool-1 - Starting...
2024-10-12T12:16:54.848+08:00 DEBUG 11496 --- [           main] jdk.event.security                       : X509Certificate: Alg:SHA256withRSA, Serial:2, Subject:CN=MySQL_Server_8.4.0_Auto_Generated_Server_Certificate, Issuer:CN=MySQL_Server_8.4.0_Auto_Generated_CA_Certificate, Key type:RSA, Length:2048, Cert Id:2045188242, Valid from:23/07/2024, 4:09 am, Valid until:21/07/2034, 4:09 am
2024-10-12T12:16:54.849+08:00 DEBUG 11496 --- [           main] jdk.event.security                       : X509Certificate: Alg:SHA256withRSA, Serial:1, Subject:CN=MySQL_Server_8.4.0_Auto_Generated_CA_Certificate, Issuer:CN=MySQL_Server_8.4.0_Auto_Generated_CA_Certificate, Key type:RSA, Length:2048, Cert Id:-1401130824, Valid from:23/07/2024, 4:09 am, Valid until:21/07/2034, 4:09 am
2024-10-12T12:16:54.861+08:00 DEBUG 11496 --- [           main] jdk.event.security                       :  TLSHandshake: localhost:3306, TLSv1.3, TLS_AES_256_GCM_SHA384, 2045188242
2024-10-12T12:16:54.885+08:00  INFO 11496 --- [           main] com.zaxxer.hikari.pool.HikariPool        : HikariPool-1 - Added connection com.mysql.cj.jdbc.ConnectionImpl@6d420cdd
2024-10-12T12:16:54.886+08:00  INFO 11496 --- [           main] com.zaxxer.hikari.HikariDataSource       : HikariPool-1 - Start completed.
2024-10-12T12:16:54.890+08:00 DEBUG 11496 --- [           main] o.h.e.j.e.i.JdbcEnvironmentInitiator     : Database ->
       name : MySQL
    version : 8.4.0
      major : 8
      minor : 4
2024-10-12T12:16:54.890+08:00 DEBUG 11496 --- [           main] o.h.e.j.e.i.JdbcEnvironmentInitiator     : Driver ->
       name : MySQL Connector/J
    version : mysql-connector-j-8.3.0 (Revision: 805f872a57875f311cb82487efcfb070411a3fa0)
      major : 8
      minor : 3
2024-10-12T12:16:54.890+08:00 DEBUG 11496 --- [           main] o.h.e.j.e.i.JdbcEnvironmentInitiator     : JDBC version : 4.2
2024-10-12T12:16:54.921+08:00  WARN 11496 --- [           main] org.hibernate.orm.deprecation            : HHH90000025: MySQL8Dialect does not need to be specified explicitly using 'hibernate.dialect' (remove the property setting and it will be selected by default)
2024-10-12T12:16:54.922+08:00 DEBUG 11496 --- [           main] org.hibernate.orm.dialect                : HHH035001: Using dialect: org.hibernate.dialect.MySQL8Dialect, version: 8.0
2024-10-12T12:16:54.922+08:00  WARN 11496 --- [           main] org.hibernate.orm.deprecation            : HHH90000026: MySQL8Dialect has been deprecated; use org.hibernate.dialect.MySQLDialect instead
2024-10-12T12:16:54.925+08:00 DEBUG 11496 --- [           main] o.h.e.j.env.spi.IdentifierHelperBuilder  : JDBC driver metadata reported database stores quoted identifiers in more than one case
2024-10-12T12:16:54.925+08:00 DEBUG 11496 --- [           main] o.h.e.j.env.spi.IdentifierHelperBuilder  : IdentifierCaseStrategy for both quoted and unquoted identifiers was set to the same strategy [MIXED]; that will likely lead to problems in schema update and validation if using quoted identifiers
2024-10-12T12:16:54.937+08:00 DEBUG 11496 --- [           main] o.h.t.d.sql.spi.DdlTypeRegistry          : addDescriptor(12, org.hibernate.type.descriptor.sql.internal.CapacityDependentDdlType@1d55dd21) replaced previous registration(org.hibernate.type.descriptor.sql.internal.CapacityDependentDdlType@7d6c4079)
2024-10-12T12:16:54.937+08:00 DEBUG 11496 --- [           main] o.h.t.d.sql.spi.DdlTypeRegistry          : addDescriptor(-9, org.hibernate.type.descriptor.sql.internal.CapacityDependentDdlType@606b53a3) replaced previous registration(org.hibernate.type.descriptor.sql.internal.CapacityDependentDdlType@432c0f1)
2024-10-12T12:16:54.937+08:00 DEBUG 11496 --- [           main] o.h.t.d.sql.spi.DdlTypeRegistry          : addDescriptor(-3, org.hibernate.type.descriptor.sql.internal.CapacityDependentDdlType@37bda983) replaced previous registration(org.hibernate.type.descriptor.sql.internal.CapacityDependentDdlType@284d4885)
2024-10-12T12:16:54.937+08:00 DEBUG 11496 --- [           main] o.h.t.d.sql.spi.DdlTypeRegistry          : addDescriptor(4003, org.hibernate.type.descriptor.sql.internal.DdlTypeImpl@1201e064) replaced previous registration(org.hibernate.type.descriptor.sql.internal.DdlTypeImpl@a69f9d)
2024-10-12T12:16:54.937+08:00 DEBUG 11496 --- [           main] o.h.t.d.sql.spi.DdlTypeRegistry          : addDescriptor(4001, org.hibernate.type.descriptor.sql.internal.DdlTypeImpl@5a8dcfbb) replaced previous registration(org.hibernate.type.descriptor.sql.internal.DdlTypeImpl@1846ad0f)
2024-10-12T12:16:54.937+08:00 DEBUG 11496 --- [           main] o.h.t.d.sql.spi.DdlTypeRegistry          : addDescriptor(4002, org.hibernate.type.descriptor.sql.internal.DdlTypeImpl@5597ca3) replaced previous registration(org.hibernate.type.descriptor.sql.internal.DdlTypeImpl@31b741e2)
2024-10-12T12:16:54.937+08:00 DEBUG 11496 --- [           main] o.h.t.d.sql.spi.DdlTypeRegistry          : addDescriptor(2004, org.hibernate.type.descriptor.sql.internal.CapacityDependentDdlType@573a078) replaced previous registration(org.hibernate.type.descriptor.sql.internal.DdlTypeImpl@28f05b0c)
2024-10-12T12:16:54.937+08:00 DEBUG 11496 --- [           main] o.h.t.d.sql.spi.DdlTypeRegistry          : addDescriptor(2005, org.hibernate.type.descriptor.sql.internal.CapacityDependentDdlType@660296d5) replaced previous registration(org.hibernate.type.descriptor.sql.internal.DdlTypeImpl@6d3163a6)
2024-10-12T12:16:54.938+08:00 DEBUG 11496 --- [           main] o.h.t.d.sql.spi.DdlTypeRegistry          : addDescriptor(2011, org.hibernate.type.descriptor.sql.internal.CapacityDependentDdlType@75d97e18) replaced previous registration(org.hibernate.type.descriptor.sql.internal.DdlTypeImpl@5fdb7394)
2024-10-12T12:16:54.938+08:00 DEBUG 11496 --- [           main] o.h.t.d.jdbc.spi.JdbcTypeRegistry        : addDescriptor(NCharTypeDescriptor) replaced previous registration(CharTypeDescriptor)
2024-10-12T12:16:54.938+08:00 DEBUG 11496 --- [           main] o.h.t.d.jdbc.spi.JdbcTypeRegistry        : addDescriptor(NVarcharTypeDescriptor) replaced previous registration(VarcharTypeDescriptor)
2024-10-12T12:16:54.938+08:00 DEBUG 11496 --- [           main] o.h.t.d.jdbc.spi.JdbcTypeRegistry        : addDescriptor(LongNVarcharTypeDescriptor) replaced previous registration(LongVarcharTypeDescriptor)
2024-10-12T12:16:54.939+08:00 DEBUG 11496 --- [           main] o.h.t.d.jdbc.spi.JdbcTypeRegistry        : addDescriptor(NClobTypeDescriptor(DEFAULT)) replaced previous registration(ClobTypeDescriptor(DEFAULT))
2024-10-12T12:16:54.940+08:00 DEBUG 11496 --- [           main] o.h.t.d.jdbc.spi.JdbcTypeRegistry        : addDescriptor(2005, ClobTypeDescriptor(STREAM_BINDING)) replaced previous registration(ClobTypeDescriptor(DEFAULT))
2024-10-12T12:16:54.941+08:00 DEBUG 11496 --- [           main] org.hibernate.type.BasicTypeRegistry     : Adding type registration null -> org.hibernate.type.NullType@1b94c789
2024-10-12T12:16:54.941+08:00 DEBUG 11496 --- [           main] org.hibernate.type.BasicTypeRegistry     : Type registration key [null] overrode previous entry : `org.hibernate.type.NullType@59d0cdb6`
2024-10-12T12:16:54.944+08:00 DEBUG 11496 --- [           main] org.hibernate.type.BasicTypeRegistry     : Adding type registration org.hibernate.type.DurationType -> basicType@1(java.time.Duration,3015)
2024-10-12T12:16:54.944+08:00 DEBUG 11496 --- [           main] org.hibernate.type.BasicTypeRegistry     : Adding type registration Duration -> basicType@1(java.time.Duration,3015)
2024-10-12T12:16:54.944+08:00 DEBUG 11496 --- [           main] org.hibernate.type.BasicTypeRegistry     : Adding type registration java.time.Duration -> basicType@1(java.time.Duration,3015)
2024-10-12T12:16:54.945+08:00 DEBUG 11496 --- [           main] org.hibernate.type.BasicTypeRegistry     : Adding type registration org.hibernate.type.OffsetDateTimeType -> basicType@2(java.time.OffsetDateTime,3003)
2024-10-12T12:16:54.945+08:00 DEBUG 11496 --- [           main] org.hibernate.type.BasicTypeRegistry     : Adding type registration OffsetDateTime -> basicType@2(java.time.OffsetDateTime,3003)
2024-10-12T12:16:54.945+08:00 DEBUG 11496 --- [           main] org.hibernate.type.BasicTypeRegistry     : Adding type registration java.time.OffsetDateTime -> basicType@2(java.time.OffsetDateTime,3003)
2024-10-12T12:16:54.945+08:00 DEBUG 11496 --- [           main] org.hibernate.type.BasicTypeRegistry     : Adding type registration org.hibernate.type.ZonedDateTimeType -> basicType@3(java.time.ZonedDateTime,3003)
2024-10-12T12:16:54.945+08:00 DEBUG 11496 --- [           main] org.hibernate.type.BasicTypeRegistry     : Adding type registration ZonedDateTime -> basicType@3(java.time.ZonedDateTime,3003)
2024-10-12T12:16:54.945+08:00 DEBUG 11496 --- [           main] org.hibernate.type.BasicTypeRegistry     : Adding type registration java.time.ZonedDateTime -> basicType@3(java.time.ZonedDateTime,3003)
2024-10-12T12:16:54.946+08:00 DEBUG 11496 --- [           main] org.hibernate.type.BasicTypeRegistry     : Adding type registration org.hibernate.type.OffsetTimeType -> basicType@4(java.time.OffsetTime,3007)
2024-10-12T12:16:54.946+08:00 DEBUG 11496 --- [           main] org.hibernate.type.BasicTypeRegistry     : Adding type registration OffsetTime -> basicType@4(java.time.OffsetTime,3007)
2024-10-12T12:16:54.946+08:00 DEBUG 11496 --- [           main] org.hibernate.type.BasicTypeRegistry     : Adding type registration java.time.OffsetTime -> basicType@4(java.time.OffsetTime,3007)
2024-10-12T12:16:54.946+08:00 DEBUG 11496 --- [           main] o.h.type.spi.TypeConfiguration$Scope     : Scoping TypeConfiguration [org.hibernate.type.spi.TypeConfiguration@75452aea] to MetadataBuildingContext [org.hibernate.boot.internal.MetadataBuildingContextRootImpl@6c24f61d]
2024-10-12T12:16:54.968+08:00 DEBUG 11496 --- [           main] o.h.boot.model.relational.Namespace      : Created database namespace [logicalName=Name{catalog=null, schema=null}, physicalName=Name{catalog=null, schema=null}]
2024-10-12T12:16:54.982+08:00 DEBUG 11496 --- [           main] o.h.boot.model.internal.EntityBinder     : Binding entity from annotated class: com.example.admin_backend.Entity.AdminEntity
2024-10-12T12:16:54.986+08:00 DEBUG 11496 --- [           main] o.h.boot.model.internal.EntityBinder     : Import with entity name AdminEntity
2024-10-12T12:16:54.990+08:00 DEBUG 11496 --- [           main] o.h.boot.model.internal.EntityBinder     : Bind entity com.example.admin_backend.Entity.AdminEntity on table tbladmin
2024-10-12T12:16:54.991+08:00 DEBUG 11496 --- [l-1 housekeeper] com.zaxxer.hikari.pool.HikariPool        : HikariPool-1 - Pool stats (total=1, active=0, idle=1, waiting=0)
2024-10-12T12:16:54.995+08:00 DEBUG 11496 --- [           main] o.h.boot.model.internal.AnnotatedColumn  : Binding column: AnnotatedDiscriminatorColumn(column='DTYPE')
2024-10-12T12:16:55.005+08:00 DEBUG 11496 --- [onnection adder] jdk.event.security                       : X509Certificate: Alg:SHA256withRSA, Serial:2, Subject:CN=MySQL_Server_8.4.0_Auto_Generated_Server_Certificate, Issuer:CN=MySQL_Server_8.4.0_Auto_Generated_CA_Certificate, Key type:RSA, Length:2048, Cert Id:2045188242, Valid from:23/07/2024, 4:09 am, Valid until:21/07/2034, 4:09 am
2024-10-12T12:16:55.006+08:00 DEBUG 11496 --- [onnection adder] jdk.event.security                       : X509Certificate: Alg:SHA256withRSA, Serial:1, Subject:CN=MySQL_Server_8.4.0_Auto_Generated_CA_Certificate, Issuer:CN=MySQL_Server_8.4.0_Auto_Generated_CA_Certificate, Key type:RSA, Length:2048, Cert Id:-1401130824, Valid from:23/07/2024, 4:09 am, Valid until:21/07/2034, 4:09 am
2024-10-12T12:16:55.007+08:00 DEBUG 11496 --- [           main] o.h.boot.model.internal.AnnotatedColumn  : Binding column: AnnotatedColumn()
2024-10-12T12:16:55.007+08:00 DEBUG 11496 --- [           main] o.h.boot.internal.ClassLoaderAccessImpl  : Not known whether passed class name [com.example.admin_backend.Entity.AdminEntity] is safe
2024-10-12T12:16:55.007+08:00 DEBUG 11496 --- [           main] o.h.boot.internal.ClassLoaderAccessImpl  : No temp ClassLoader provided; using live ClassLoader for loading potentially unsafe class : com.example.admin_backend.Entity.AdminEntity
2024-10-12T12:16:55.009+08:00 DEBUG 11496 --- [           main] o.h.boot.model.internal.PropertyBinder   : MetadataSourceProcessor property adminId with lazy=false
2024-10-12T12:16:55.011+08:00 DEBUG 11496 --- [           main] o.h.b.m.internal.AbstractPropertyHolder  : Attempting to locate auto-apply AttributeConverter for property [com.example.admin_backend.Entity.AdminEntity:adminId]
2024-10-12T12:16:55.014+08:00 DEBUG 11496 --- [           main] o.h.b.model.internal.BasicValueBinder    : building BasicValue for adminId
2024-10-12T12:16:55.014+08:00 DEBUG 11496 --- [onnection adder] jdk.event.security                       :  TLSHandshake: localhost:3306, TLSv1.3, TLS_AES_256_GCM_SHA384, 2045188242
2024-10-12T12:16:55.016+08:00 DEBUG 11496 --- [           main] org.hibernate.mapping.BasicValue         : Skipping column re-registration: tbladmin.admin_id
2024-10-12T12:16:55.017+08:00 DEBUG 11496 --- [           main] o.h.boot.model.internal.PropertyBinder   : Building property adminId
2024-10-12T12:16:55.018+08:00 DEBUG 11496 --- [onnection adder] com.zaxxer.hikari.pool.HikariPool        : HikariPool-1 - Added connection com.mysql.cj.jdbc.ConnectionImpl@331cb002
2024-10-12T12:16:55.020+08:00 DEBUG 11496 --- [           main] o.h.boot.model.internal.BinderHelper     : #makeIdGenerator(BasicValue([Column(admin_id)]), adminId, identity, , ...)
2024-10-12T12:16:55.021+08:00 DEBUG 11496 --- [           main] o.h.boot.model.internal.AnnotatedColumn  : Binding column: AnnotatedColumn(column='adminname')
2024-10-12T12:16:55.022+08:00 DEBUG 11496 --- [           main] o.h.boot.model.internal.PropertyBinder   : MetadataSourceProcessor property adminname with lazy=false
2024-10-12T12:16:55.022+08:00 DEBUG 11496 --- [           main] o.h.b.m.internal.AbstractPropertyHolder  : Attempting to locate auto-apply AttributeConverter for property [com.example.admin_backend.Entity.AdminEntity:adminname]
2024-10-12T12:16:55.022+08:00 DEBUG 11496 --- [           main] o.h.b.model.internal.BasicValueBinder    : building BasicValue for adminname
2024-10-12T12:16:55.022+08:00 DEBUG 11496 --- [           main] org.hibernate.mapping.BasicValue         : Skipping column re-registration: tbladmin.adminname
2024-10-12T12:16:55.022+08:00 DEBUG 11496 --- [           main] o.h.boot.model.internal.PropertyBinder   : Building property adminname
2024-10-12T12:16:55.022+08:00 DEBUG 11496 --- [           main] o.h.boot.model.internal.AnnotatedColumn  : Binding column: AnnotatedColumn(column='email')
2024-10-12T12:16:55.022+08:00 DEBUG 11496 --- [           main] o.h.boot.model.internal.PropertyBinder   : MetadataSourceProcessor property email with lazy=false
2024-10-12T12:16:55.022+08:00 DEBUG 11496 --- [           main] o.h.b.m.internal.AbstractPropertyHolder  : Attempting to locate auto-apply AttributeConverter for property [com.example.admin_backend.Entity.AdminEntity:email]
2024-10-12T12:16:55.022+08:00 DEBUG 11496 --- [           main] o.h.b.model.internal.BasicValueBinder    : building BasicValue for email
2024-10-12T12:16:55.022+08:00 DEBUG 11496 --- [           main] org.hibernate.mapping.BasicValue         : Skipping column re-registration: tbladmin.email
2024-10-12T12:16:55.022+08:00 DEBUG 11496 --- [           main] o.h.boot.model.internal.PropertyBinder   : Building property email
2024-10-12T12:16:55.023+08:00 DEBUG 11496 --- [           main] o.h.boot.model.internal.AnnotatedColumn  : Binding column: AnnotatedColumn(column='fullname')
2024-10-12T12:16:55.023+08:00 DEBUG 11496 --- [           main] o.h.boot.model.internal.PropertyBinder   : MetadataSourceProcessor property fullName with lazy=false
2024-10-12T12:16:55.023+08:00 DEBUG 11496 --- [           main] o.h.b.m.internal.AbstractPropertyHolder  : Attempting to locate auto-apply AttributeConverter for property [com.example.admin_backend.Entity.AdminEntity:fullName]
2024-10-12T12:16:55.023+08:00 DEBUG 11496 --- [           main] o.h.b.model.internal.BasicValueBinder    : building BasicValue for fullName
2024-10-12T12:16:55.023+08:00 DEBUG 11496 --- [           main] org.hibernate.mapping.BasicValue         : Skipping column re-registration: tbladmin.fullname
2024-10-12T12:16:55.023+08:00 DEBUG 11496 --- [           main] o.h.boot.model.internal.PropertyBinder   : Building property fullName
2024-10-12T12:16:55.023+08:00 DEBUG 11496 --- [           main] o.h.boot.model.internal.AnnotatedColumn  : Binding column: AnnotatedColumn(column='idnumber')
2024-10-12T12:16:55.023+08:00 DEBUG 11496 --- [           main] o.h.boot.model.internal.PropertyBinder   : MetadataSourceProcessor property idNumber with lazy=false
[...]

   PulsarReactiveAutoConfiguration:
      Did not match:
         - @ConditionalOnClass did not find required class 'org.apache.pulsar.client.api.PulsarClient' (OnClassCondition)

   QuartzAutoConfiguration:
      Did not match:
         - @ConditionalOnClass did not find required class 'org.quartz.Scheduler' (OnClassCondition)

   R2dbcAutoConfiguration:
      Did not match:
         - @ConditionalOnClass did not find required class 'io.r2dbc.spi.ConnectionFactory' (OnClassCondition)

   R2dbcDataAutoConfiguration:
      Did not match:
         - @ConditionalOnClass did not find required class 'org.springframework.data.r2dbc.core.R2dbcEntityTemplate' (OnClassCondition)

   R2dbcInitializationConfiguration:
      Did not match:
         - @ConditionalOnClass did not find required classes 'io.r2dbc.spi.ConnectionFactory', 'org.springframework.r2dbc.connection.init.DatabasePopulator' (OnClassCondition)

   R2dbcRepositoriesAutoConfiguration:
      Did not match:
         - @ConditionalOnClass did not find required class 'io.r2dbc.spi.ConnectionFactory' (OnClassCondition)

   R2dbcTransactionManagerAutoConfiguration:
      Did not match:
         - @ConditionalOnClass did not find required class 'org.springframework.r2dbc.connection.R2dbcTransactionManager' (OnClassCondition)

   RSocketGraphQlClientAutoConfiguration:
      Did not match:
         - @ConditionalOnClass did not find required class 'graphql.GraphQL' (OnClassCondition)

   RSocketMessagingAutoConfiguration:
      Did not match:
         - @ConditionalOnClass did not find required class 'io.rsocket.RSocket' (OnClassCondition)

   RSocketRequesterAutoConfiguration:
      Did not match:
         - @ConditionalOnClass did not find required class 'io.rsocket.RSocket' (OnClassCondition)

   RSocketSecurityAutoConfiguration:
      Did not match:
         - @ConditionalOnClass did not find required class 'org.springframework.security.rsocket.core.SecuritySocketAcceptorInterceptor' (OnClassCondition)

   RSocketServerAutoConfiguration:
      Did not match:
         - @ConditionalOnClass did not find required class 'io.rsocket.core.RSocketServer' (OnClassCondition)

   RSocketStrategiesAutoConfiguration:
      Did not match:
         - @ConditionalOnClass did not find required class 'io.netty.buffer.PooledByteBufAllocator' (OnClassCondition)

   RabbitAutoConfiguration:
      Did not match:
         - @ConditionalOnClass did not find required class 'com.rabbitmq.client.Channel' (OnClassCondition)

   ReactiveElasticsearchClientAutoConfiguration:
      Did not match:
         - @ConditionalOnClass did not find required class 'co.elastic.clients.transport.ElasticsearchTransport' (OnClassCondition)

   ReactiveElasticsearchRepositoriesAutoConfiguration:
      Did not match:
         - @ConditionalOnClass did not find required class 'org.springframework.data.elasticsearch.client.elc.ReactiveElasticsearchClient' (OnClassCondition)

   ReactiveMultipartAutoConfiguration:
      Did not match:
         - @ConditionalOnClass did not find required class 'org.springframework.web.reactive.config.WebFluxConfigurer' (OnClassCondition)

   ReactiveOAuth2ClientAutoConfiguration:
      Did not match:
         - @ConditionalOnClass did not find required class 'reactor.core.publisher.Flux' (OnClassCondition)

   ReactiveOAuth2ResourceServerAutoConfiguration:
      Did not match:
         - @ConditionalOnClass did not find required class 'org.springframework.security.config.annotation.web.reactive.EnableWebFluxSecurity' (OnClassCondition)

   ReactiveSecurityAutoConfiguration:
      Did not match:
         - @ConditionalOnClass did not find required class 'reactor.core.publisher.Flux' (OnClassCondition)

   ReactiveUserDetailsServiceAutoConfiguration:
      Did not match:
         - @ConditionalOnClass did not find required class 'org.springframework.security.authentication.ReactiveAuthenticationManager' (OnClassCondition)

   ReactiveWebServerFactoryAutoConfiguration:
      Did not match:
         - @ConditionalOnWebApplication did not find reactive web application classes (OnWebApplicationCondition)

   ReactorAutoConfiguration:
      Did not match:
         - @ConditionalOnClass did not find required class 'reactor.core.publisher.Hooks' (OnClassCondition)

   RedisAutoConfiguration:
      Did not match:
         - @ConditionalOnClass did not find required class 'org.springframework.data.redis.core.RedisOperations' (OnClassCondition)

   RedisCacheConfiguration:
      Did not match:
         - @ConditionalOnClass did not find required class 'org.springframework.data.redis.connection.RedisConnectionFactory' (OnClassCondition)

   RedisReactiveAutoConfiguration:
      Did not match:
         - @ConditionalOnClass did not find required class 'reactor.core.publisher.Flux' (OnClassCondition)

   RedisRepositoriesAutoConfiguration:
      Did not match:
         - @ConditionalOnClass did not find required class 'org.springframework.data.redis.repository.configuration.EnableRedisRepositories' (OnClassCondition)

   RemoteDevToolsAutoConfiguration:
      Did not match:
         - @ConditionalOnProperty (spring.devtools.remote.secret) did not find property 'secret' (OnPropertyCondition)
      Matched:
         - @ConditionalOnClass found required classes 'jakarta.servlet.Filter', 'org.springframework.http.server.ServerHttpRequest' (OnClassCondition)

   RepositoryRestMvcAutoConfiguration:
      Did not match:
         - @ConditionalOnClass did not find required class 'org.springframework.data.rest.webmvc.config.RepositoryRestMvcConfiguration' (OnClassCondition)

   Saml2RelyingPartyAutoConfiguration:
      Did not match:
         - @ConditionalOnClass did not find required class 'org.springframework.security.saml2.provider.service.registration.RelyingPartyRegistrationRepository' (OnClassCondition)

   SecurityAutoConfiguration:
      Did not match:
         - @ConditionalOnClass did not find required class 'org.springframework.security.authentication.DefaultAuthenticationEventPublisher' (OnClassCondition)

   SecurityFilterAutoConfiguration:
      Did not match:
         - @ConditionalOnClass did not find required class 'org.springframework.security.config.http.SessionCreationPolicy' (OnClassCondition)

   SendGridAutoConfiguration:
      Did not match:
         - @ConditionalOnClass did not find required class 'com.sendgrid.SendGrid' (OnClassCondition)

   ServletWebServerFactoryAutoConfiguration.ForwardedHeaderFilterConfiguration:
      Did not match:
         - @ConditionalOnProperty (server.forward-headers-strategy=framework) did not find property 'server.forward-headers-strategy' (OnPropertyCondition)

   ServletWebServerFactoryConfiguration.EmbeddedJetty:
      Did not match:
         - @ConditionalOnClass did not find required classes 'org.eclipse.jetty.server.Server', 'org.eclipse.jetty.util.Loader', 'org.eclipse.jetty.ee10.webapp.WebAppContext' (OnClassCondition)

   ServletWebServerFactoryConfiguration.EmbeddedUndertow:
      Did not match:
         - @ConditionalOnClass did not find required classes 'io.undertow.Undertow', 'org.xnio.SslClientAuthMode' (OnClassCondition)

   SessionAutoConfiguration:
      Did not match:
         - @ConditionalOnClass did not find required class 'org.springframework.session.Session' (OnClassCondition)

   SpringApplicationAdminJmxAutoConfiguration:
      Did not match:
         - @ConditionalOnProperty (spring.application.admin.enabled=true) did not find property 'enabled' (OnPropertyCondition)

   TaskExecutorConfigurations.SimpleAsyncTaskExecutorBuilderConfiguration#simpleAsyncTaskExecutorBuilderVirtualThreads:
      Did not match:
         - @ConditionalOnMissingBean (types: org.springframework.boot.task.SimpleAsyncTaskExecutorBuilder; SearchStrategy: all) found beans of type 'org.springframework.boot.task.SimpleAsyncTaskExecutorBuilder' simpleAsyncTaskExecutorBuilder (OnBeanCondition)

   TaskExecutorConfigurations.TaskExecutorConfiguration#applicationTaskExecutorVirtualThreads:
      Did not match:
         - @ConditionalOnThreading did not find VIRTUAL (OnThreadingCondition)

   TaskSchedulingAutoConfiguration#scheduledBeanLazyInitializationExcludeFilter:
      Did not match:
         - @ConditionalOnBean (names: org.springframework.context.annotation.internalScheduledAnnotationProcessor; SearchStrategy: all) did not find any beans named org.springframework.context.annotation.internalScheduledAnnotationProcessor (OnBeanCondition)

   TaskSchedulingConfigurations.SimpleAsyncTaskSchedulerBuilderConfiguration#simpleAsyncTaskSchedulerBuilderVirtualThreads:
      Did not match:
         - @ConditionalOnMissingBean (types: org.springframework.boot.task.SimpleAsyncTaskSchedulerBuilder; SearchStrategy: all) found beans of type 'org.springframework.boot.task.SimpleAsyncTaskSchedulerBuilder' simpleAsyncTaskSchedulerBuilder (OnBeanCondition)

   TaskSchedulingConfigurations.TaskSchedulerConfiguration:
      Did not match:
         - @ConditionalOnBean (names: org.springframework.context.annotation.internalScheduledAnnotationProcessor; SearchStrategy: all) did not find any beans named org.springframework.context.annotation.internalScheduledAnnotationProcessor (OnBeanCondition)

   ThymeleafAutoConfiguration:
      Did not match:
         - @ConditionalOnClass did not find required class 'org.thymeleaf.spring6.SpringTemplateEngine' (OnClassCondition)

   TransactionAutoConfiguration#transactionalOperator:
      Did not match:
         - @ConditionalOnSingleCandidate (types: org.springframework.transaction.ReactiveTransactionManager; SearchStrategy: all) did not find any beans (OnBeanCondition)

   TransactionAutoConfiguration.AspectJTransactionManagementConfiguration:
      Did not match:
         - @ConditionalOnBean (types: org.springframework.transaction.aspectj.AbstractTransactionAspect; SearchStrategy: all) did not find any beans of type org.springframework.transaction.aspectj.AbstractTransactionAspect (OnBeanCondition)

   TransactionAutoConfiguration.EnableTransactionManagementConfiguration.JdkDynamicAutoProxyConfiguration:
      Did not match:
         - @ConditionalOnProperty (spring.aop.proxy-target-class=false) did not find property 'proxy-target-class' (OnPropertyCondition)

   UserDetailsServiceAutoConfiguration:
      Did not match:
         - @ConditionalOnClass did not find required class 'org.springframework.security.authentication.AuthenticationManager' (OnClassCondition)

   ValidationAutoConfiguration:
      Did not match:
         - @ConditionalOnClass did not find required class 'jakarta.validation.executable.ExecutableValidator' (OnClassCondition)

   WebClientAutoConfiguration:
      Did not match:
         - @ConditionalOnClass did not find required class 'org.springframework.web.reactive.function.client.WebClient' (OnClassCondition)

   WebFluxAutoConfiguration:
      Did not match:
         - @ConditionalOnClass did not find required class 'org.springframework.web.reactive.config.WebFluxConfigurer' (OnClassCondition)

   WebMvcAutoConfiguration#hiddenHttpMethodFilter:
      Did not match:
         - @ConditionalOnProperty (spring.mvc.hiddenmethod.filter.enabled) did not find property 'enabled' (OnPropertyCondition)

   WebMvcAutoConfiguration.ProblemDetailsErrorHandlingConfiguration:
      Did not match:
         - @ConditionalOnProperty (spring.mvc.problemdetails.enabled=true) did not find property 'enabled' (OnPropertyCondition)

   WebMvcAutoConfiguration.ResourceChainCustomizerConfiguration:
      Did not match:
         - @ConditionalOnEnabledResourceChain did not find class org.webjars.WebJarAssetLocator (OnEnabledResourceChainCondition)

   WebMvcAutoConfiguration.WebMvcAutoConfigurationAdapter#beanNameViewResolver:
      Did not match:
         - @ConditionalOnMissingBean (types: org.springframework.web.servlet.view.BeanNameViewResolver; SearchStrategy: all) found beans of type 'org.springframework.web.servlet.view.BeanNameViewResolver' beanNameViewResolver (OnBeanCondition)

   WebServiceTemplateAutoConfiguration:
      Did not match:
         - @ConditionalOnClass did not find required class 'org.springframework.oxm.Marshaller' (OnClassCondition)

   WebServicesAutoConfiguration:
      Did not match:
         - @ConditionalOnClass did not find required class 'org.springframework.ws.transport.http.MessageDispatcherServlet' (OnClassCondition)

   WebSessionIdResolverAutoConfiguration:
      Did not match:
         - @ConditionalOnClass did not find required class 'reactor.core.publisher.Mono' (OnClassCondition)

   WebSocketMessagingAutoConfiguration:
      Did not match:
         - @ConditionalOnClass did not find required class 'org.springframework.web.socket.config.annotation.WebSocketMessageBrokerConfigurer' (OnClassCondition)

   WebSocketReactiveAutoConfiguration:
      Did not match:
         - @ConditionalOnWebApplication did not find reactive web application classes (OnWebApplicationCondition)

   WebSocketServletAutoConfiguration.JettyWebSocketConfiguration:
      Did not match:
         - @ConditionalOnClass did not find required class 'org.eclipse.jetty.ee10.websocket.jakarta.server.config.JakartaWebSocketServletContainerInitializer' (OnClassCondition)

   WebSocketServletAutoConfiguration.UndertowWebSocketConfiguration:
      Did not match:
         - @ConditionalOnClass did not find required class 'io.undertow.websockets.jsr.Bootstrap' (OnClassCondition)

   XADataSourceAutoConfiguration:
      Did not match:
         - @ConditionalOnBean (types: org.springframework.boot.jdbc.XADataSourceWrapper; SearchStrategy: all) did not find any beans of type org.springframework.boot.jdbc.XADataSourceWrapper (OnBeanCondition)
      Matched:
         - @ConditionalOnClass found required classes 'javax.sql.DataSource', 'jakarta.transaction.TransactionManager', 'org.springframework.jdbc.datasource.embedded.EmbeddedDatabaseType' (OnClassCondition)


Exclusions:
-----------

    None


Unconditional classes:
----------------------

    org.springframework.boot.autoconfigure.context.ConfigurationPropertiesAutoConfiguration

    org.springframework.boot.autoconfigure.ssl.SslAutoConfiguration

    org.springframework.boot.autoconfigure.context.LifecycleAutoConfiguration

    org.springframework.boot.autoconfigure.context.PropertyPlaceholderAutoConfiguration

    org.springframework.boot.autoconfigure.availability.ApplicationAvailabilityAutoConfiguration

    org.springframework.boot.autoconfigure.info.ProjectInfoAutoConfiguration



2024-10-12T12:16:56.614+08:00  INFO 11496 --- [           main] c.e.a.AdminBackendApplicationTests       : Started AdminBackendApplicationTests in 3.312 seconds (process running for 4.017)
2024-10-12T12:16:56.616+08:00 DEBUG 11496 --- [           main] o.s.b.a.ApplicationAvailabilityBean      : Application availability state LivenessState changed to CORRECT
2024-10-12T12:16:56.618+08:00 DEBUG 11496 --- [           main] o.s.boot.devtools.restart.Restarter      : Creating new Restarter for thread Thread[main,5,main]
2024-10-12T12:16:56.619+08:00 DEBUG 11496 --- [           main] o.s.b.a.ApplicationAvailabilityBean      : Application availability state ReadinessState changed to ACCEPTING_TRAFFIC
2024-10-12T12:16:56.620+08:00 DEBUG 11496 --- [           main] org.springframework.test.context.cache   : Spring test ApplicationContext cache statistics: [DefaultContextCache@8929865 size = 1, maxSize = 32, parentContextCount = 0, hitCount = 0, missCount = 1, failureCount = 0]
2024-10-12T12:16:56.620+08:00 DEBUG 11496 --- [           main] o.s.t.c.w.ServletTestExecutionListener   : Setting up MockHttpServletRequest, MockHttpServletResponse, ServletWebRequest, and RequestContextHolder for test class com.example.admin_backend.AdminBackendApplicationTests
2024-10-12T12:16:56.630+08:00 DEBUG 11496 --- [           main] DependencyInjectionTestExecutionListener : Performing dependency injection for test class com.example.admin_backend.AdminBackendApplicationTests
2024-10-12T12:16:56.631+08:00 DEBUG 11496 --- [           main] org.springframework.test.context.cache   : Spring test ApplicationContext cache statistics: [DefaultContextCache@8929865 size = 1, maxSize = 32, parentContextCount = 0, hitCount = 1, missCount = 1, failureCount = 0]
2024-10-12T12:16:56.631+08:00 DEBUG 11496 --- [           main] org.springframework.test.context.cache   : Spring test ApplicationContext cache statistics: [DefaultContextCache@8929865 size = 1, maxSize = 32, parentContextCount = 0, hitCount = 2, missCount = 1, failureCount = 0]
2024-10-12T12:16:56.636+08:00 DEBUG 11496 --- [           main] sContextBeforeModesTestExecutionListener : Before test method: class [AdminBackendApplicationTests], method [contextLoads], class annotated with @DirtiesContext [false] with mode [null], method annotated with @DirtiesContext [false] with mode [null]
2024-10-12T12:16:56.637+08:00 DEBUG 11496 --- [           main] org.springframework.test.context.cache   : Spring test ApplicationContext cache statistics: [DefaultContextCache@8929865 size = 1, maxSize = 32, parentContextCount = 0, hitCount = 3, missCount = 1, failureCount = 0]
2024-10-12T12:16:56.637+08:00 DEBUG 11496 --- [           main] org.springframework.test.context.cache   : Spring test ApplicationContext cache statistics: [DefaultContextCache@8929865 size = 1, maxSize = 32, parentContextCount = 0, hitCount = 4, missCount = 1, failureCount = 0]
2024-10-12T12:16:57.021+08:00 DEBUG 11496 --- [           main] org.springframework.test.context.cache   : Spring test ApplicationContext cache statistics: [DefaultContextCache@8929865 size = 1, maxSize = 32, parentContextCount = 0, hitCount = 5, missCount = 1, failureCount = 0]
2024-10-12T12:16:57.023+08:00 DEBUG 11496 --- [           main] org.springframework.test.context.cache   : Spring test ApplicationContext cache statistics: [DefaultContextCache@8929865 size = 1, maxSize = 32, parentContextCount = 0, hitCount = 6, missCount = 1, failureCount = 0]
2024-10-12T12:16:57.024+08:00 DEBUG 11496 --- [           main] org.springframework.test.context.cache   : Spring test ApplicationContext cache statistics: [DefaultContextCache@8929865 size = 1, maxSize = 32, parentContextCount = 0, hitCount = 7, missCount = 1, failureCount = 0]
2024-10-12T12:16:57.024+08:00 DEBUG 11496 --- [           main] org.springframework.test.context.cache   : Spring test ApplicationContext cache statistics: [DefaultContextCache@8929865 size = 1, maxSize = 32, parentContextCount = 0, hitCount = 8, missCount = 1, failureCount = 0]
2024-10-12T12:16:57.024+08:00 DEBUG 11496 --- [           main] org.springframework.test.context.cache   : Spring test ApplicationContext cache statistics: [DefaultContextCache@8929865 size = 1, maxSize = 32, parentContextCount = 0, hitCount = 9, missCount = 1, failureCount = 0]
2024-10-12T12:16:57.025+08:00 DEBUG 11496 --- [           main] org.springframework.test.context.cache   : Spring test ApplicationContext cache statistics: [DefaultContextCache@8929865 size = 1, maxSize = 32, parentContextCount = 0, hitCount = 10, missCount = 1, failureCount = 0]
2024-10-12T12:16:57.026+08:00 DEBUG 11496 --- [           main] org.springframework.test.context.cache   : Spring test ApplicationContext cache statistics: [DefaultContextCache@8929865 size = 1, maxSize = 32, parentContextCount = 0, hitCount = 11, missCount = 1, failureCount = 0]
2024-10-12T12:16:57.026+08:00 DEBUG 11496 --- [           main] .c.s.DirtiesContextTestExecutionListener : After test method: class [AdminBackendApplicationTests], method [contextLoads], class annotated with @DirtiesContext [false] with mode [null], method annotated with @DirtiesContext [false] with mode [null]
2024-10-12T12:16:57.026+08:00 DEBUG 11496 --- [           main] o.s.t.c.w.ServletTestExecutionListener   : Resetting RequestContextHolder for test class com.example.admin_backend.AdminBackendApplicationTests
]]></system-out>
  </testcase>
</testsuite>